This is METAFONT, Version 2.718281 (TeX Live 2009/Debian) (base=mf 2014.2.23)  22 APR 2014 20:44
**freenfss.zip lw35nfss.zip /usr/local/share/texmf/
(freenfss.zip
! Text line contains an invalid character.
l.1 PK^^C
         ^^D^^T^^@^^B^^@^^H^^@×hd(àÒıÆ
? 
! Text line contains an invalid character.
l.1 PK^^C^^D
            ^^T^^@^^B^^@^^H^^@×hd(àÒıÆ
? 
! Text line contains an invalid character.
l.1 PK^^C^^D^^T
               ^^@^^B^^@^^H^^@×hd(àÒıÆ
? 
! Text line contains an invalid character.
l.1 PK^^C^^D^^T^^@
                  ^^B^^@^^H^^@×hd(àÒıÆ
? 
! Text line contains an invalid character.
l.1 PK^^C^^D^^T^^@^^B
                     ^^@^^H^^@×hd(àÒıÆ
? 
! Text line contains an invalid character.
l.1 PK^^C^^D^^T^^@^^B^^@
                        ^^H^^@×hd(àÒıÆ
? 
! Text line contains an invalid character.
l.1 PK^^C^^D^^T^^@^^B^^@^^H
                           ^^@×hd(àÒıÆ
? 
! Text line contains an invalid character.
l.1 PK^^C^^D^^T^^@^^B^^@^^H^^@
                              ×hd(àÒıÆ
? 
! Text line contains an invalid character.
l.1 PK^^C^^D^^T^^@^^B^^@^^H^^@×
                               hd(àÒıÆ
? 
>> PK.hd
! Isolated expression.
<to be read again> 
                   (
l.1 PK^^C^^D^^T^^@^^B^^@^^H^^@×hd(
                                  àÒıÆ
? 
! Extra tokens will be flushed.
<to be read again> 
                   (
l.1 PK^^C^^D^^T^^@^^B^^@^^H^^@×hd(
                                  àÒıÆ
? 
! Text line contains an invalid character.
l.1 PK^^C^^D^^T^^@^^B^^@^^H^^@×hd(à
                                   ÒıÆ
? 
! Text line contains an invalid character.
l.1 PK^^C^^D^^T^^@^^B^^@^^H^^@×hd(à
                                    ÒıÆ
? 
! Text line contains an invalid character.
l.1 PK^^C^^D^^T^^@^^B^^@^^H^^@×hd(àÒ
                                     ıÆ
? 
! Text line contains an invalid character.
l.1 PK^^C^^D^^T^^@^^B^^@^^H^^@×hd(àÒı
                                      Æ
? 
! Text line contains an invalid character.
l.1 PK^^C^^D^^T^^@^^B^^@^^H^^@×hd(àÒıÆ
                                       
? 
! Text line contains an invalid character.
l.2 ^^@
       ^^@È^^S^^@^^@!^^@^^@^^@fonts/tfm/adobe/utopia/putb7t.tfmÅ—kl^^T×^^UÇÏ...

? 
! Text line contains an invalid character.
l.2 ^^@^^@
          È^^S^^@^^@!^^@^^@^^@fonts/tfm/adobe/utopia/putb7t.tfmÅ—kl^^T×^^UÇÏ...

? 
! Text line contains an invalid character.
l.2 ^^@^^@È
           ^^S^^@^^@!^^@^^@^^@fonts/tfm/adobe/utopia/putb7t.tfmÅ—kl^^T×^^UÇÏ...

? 
! Text line contains an invalid character.
l.2 ^^@^^@È^^S
              ^^@^^@!^^@^^@^^@fonts/tfm/adobe/utopia/putb7t.tfmÅ—kl^^T×^^UÇÏ...

? 
! Text line contains an invalid character.
l.2 ^^@^^@È^^S^^@
                 ^^@!^^@^^@^^@fonts/tfm/adobe/utopia/putb7t.tfmÅ—kl^^T×^^UÇÏ...

? 
! Text line contains an invalid character.
l.2 ^^@^^@È^^S^^@^^@
                    !^^@^^@^^@fonts/tfm/adobe/utopia/putb7t.tfmÅ—kl^^T×^^UÇÏ...

? 
! Text line contains an invalid character.
l.2 ^^@^^@È^^S^^@^^@!^^@
                        ^^@^^@fonts/tfm/adobe/utopia/putb7t.tfmÅ—kl^^T×^^UÇÏ...

? 
! Text line contains an invalid character.
l.2 ^^@^^@È^^S^^@^^@!^^@^^@
                           ^^@fonts/tfm/adobe/utopia/putb7t.tfmÅ—kl^^T×^^UÇÏ...

? 
! Text line contains an invalid character.
l.2 ^^@^^@È^^S^^@^^@!^^@^^@^^@
                              fonts/tfm/adobe/utopia/putb7t.tfmÅ—kl^^T×^^UÇÏ...

? 
! Text line contains an invalid character.
l.2 ...^^@^^@^^@fonts/tfm/adobe/utopia/putb7t.tfmÅ
                                                  —kl^^T×^^UÇÏõzwgggwíµ^^Acƒ...

? 
! Text line contains an invalid character.
l.2 ...^@^^@^^@fonts/tfm/adobe/utopia/putb7t.tfmÅ—
                                                  kl^^T×^^UÇÏõzwgggwíµ^^Acƒ½...

? 
! Text line contains an invalid character.
l.2 ...^^@fonts/tfm/adobe/utopia/putb7t.tfmÅ—kl^^T
                                                  ×^^UÇÏõzwgggwíµ^^Acƒ½^;^Œ^...

? 
! Text line contains an invalid character.
l.2 ...^@fonts/tfm/adobe/utopia/putb7t.tfmÅ—kl^^T×
                                                  ^^UÇÏõzwgggwíµ^^Acƒ½^;^Œ^^...

? 
! Text line contains an invalid character.
l.2 ...onts/tfm/adobe/utopia/putb7t.tfmÅ—kl^^T×^^U
                                                  ÇÏõzwgggwíµ^^Acƒ½^;^Œ^^_à^...

? 
! Text line contains an invalid character.
l.2 ...nts/tfm/adobe/utopia/putb7t.tfmÅ—kl^^T×^^UÇ
                                                  Ïõzwgggwíµ^^Acƒ½^;^Œ^^_à^^...

? 
! Text line contains an invalid character.
l.2 ...ts/tfm/adobe/utopia/putb7t.tfmÅ—kl^^T×^^UÇÏ
                                                  õzwgggwíµ^^Acƒ½^;^Œ^^_à^^X...

? 
! Text line contains an invalid character.
l.2 ...s/tfm/adobe/utopia/putb7t.tfmÅ—kl^^T×^^UÇÏõ
                                                  zwgggwíµ^^Acƒ½^;^Œ^^_à^^X^...

? 
! Text line contains an invalid character.
l.2 ...dobe/utopia/putb7t.tfmÅ—kl^^T×^^UÇÏõzwgggwí
                                                  µ^^Acƒ½^;^Œ^^_à^^X^^Gb0Ø˜Å...

? 
! Text line contains an invalid character.
l.2 ...obe/utopia/putb7t.tfmÅ—kl^^T×^^UÇÏõzwgggwíµ
                                                  ^^Acƒ½^;^Œ^^_à^^X^^Gb0Ø˜Å^...

? 
! Text line contains an invalid character.
l.2 .../utopia/putb7t.tfmÅ—kl^^T×^^UÇÏõzwgggwíµ^^A
                                                  cƒ½^;^Œ^^_à^^X^^Gb0Ø˜Å^^AJ...

? 
! Text line contains an invalid character.
l.2 ...topia/putb7t.tfmÅ—kl^^T×^^UÇÏõzwgggwíµ^^Acƒ
                                                  ½^;^Œ^^_à^^X^^Gb0Ø˜Å^^AJŒ^...

? 
! Text line contains an invalid character.
l.2 ...opia/putb7t.tfmÅ—kl^^T×^^UÇÏõzwgggwíµ^^Acƒ½
                                                  ^;^Œ^^_à^^X^^Gb0Ø˜Å^^AJŒ^^...

? 
! Text line contains an invalid character.
l.2 .../putb7t.tfmÅ—kl^^T×^^UÇÏõzwgggwíµ^^Acƒ½^;^Œ
                                                  ^^_à^^X^^Gb0Ø˜Å^^AJŒ^^Eq‚^...

? 
! Text line contains an invalid character.
l.2 ...tb7t.tfmÅ—kl^^T×^^UÇÏõzwgggwíµ^^Acƒ½^;^Œ^^_
                                                  à^^X^^Gb0Ø˜Å^^AJŒ^^Eq‚^^E)...

? 
! Text line contains an invalid character.
l.2 ...b7t.tfmÅ—kl^^T×^^UÇÏõzwgggwíµ^^Acƒ½^;^Œ^^_à
                                                  ^^X^^Gb0Ø˜Å^^AJŒ^^Eq‚^^E)^...

? 
! Text line contains an invalid character.
l.2 ....tfmÅ—kl^^T×^^UÇÏõzwgggwíµ^^Acƒ½^;^Œ^^_à^^X
                                                  ^^Gb0Ø˜Å^^AJŒ^^Eq‚^^E)^^Dp...

? 
! Text line contains an invalid character.
l.2 ...mÅ—kl^^T×^^UÇÏõzwgggwíµ^^Acƒ½^;^Œ^^_à^^X^^G
                                                  b0Ø˜Å^^AJŒ^^Eq‚^^E)^^Dpp0æ...

? 
! Text line contains an invalid character.
l.2 ...kl^^T×^^UÇÏõzwgggwíµ^^Acƒ½^;^Œ^^_à^^X^^Gb0Ø
                                                  ˜Å^^AJŒ^^Eq‚^^E)^^Dpp0æaó°...

? 
! Text line contains an invalid character.
l.2 ...l^^T×^^UÇÏõzwgggwíµ^^Acƒ½^;^Œ^^_à^^X^^Gb0Ø˜
                                                  Å^^AJŒ^^Eq‚^^E)^^Dpp0æaó°‹...

? 
! Text line contains an invalid character.
l.2 ...^^T×^^UÇÏõzwgggwíµ^^Acƒ½^;^Œ^^_à^^X^^Gb0Ø˜Å
                                                  ^^AJŒ^^Eq‚^^E)^^Dpp0æaó°‹Ú...

? 
! Text line contains an invalid character.
l.2 ...×^^UÇÏõzwgggwíµ^^Acƒ½^;^Œ^^_à^^X^^Gb0Ø˜Å^^A
                                                  JŒ^^Eq‚^^E)^^Dpp0æaó°‹Ú©Ò&...

? 
! Text line contains an invalid character.
l.2 ...^UÇÏõzwgggwíµ^^Acƒ½^;^Œ^^_à^^X^^Gb0Ø˜Å^^AJŒ
                                                  ^^Eq‚^^E)^^Dpp0æaó°‹Ú©Ò&R^...

? 
! Text line contains an invalid character.
l.2 ...Ïõzwgggwíµ^^Acƒ½^;^Œ^^_à^^X^^Gb0Ø˜Å^^AJŒ^^E
                                                  q‚^^E)^^Dpp0æaó°‹Ú©Ò&R^^T7...

? 
! Text line contains an invalid character.
l.2 ...zwgggwíµ^^Acƒ½^;^Œ^^_à^^X^^Gb0Ø˜Å^^AJŒ^^Eq‚
                                                  ^^E)^^Dpp0æaó°‹Ú©Ò&R^^T7­¢...

? 
! Text line contains an invalid character.
l.2 ...ggwíµ^^Acƒ½^;^Œ^^_à^^X^^Gb0Ø˜Å^^AJŒ^^Eq‚^^E
                                                  )^^Dpp0æaó°‹Ú©Ò&R^^T7­¢¶"R...

? 
>> ^b0J.q
! Isolated expression.
<to be read again> 
                   )
l.2 ...gwíµ^^Acƒ½^;^Œ^^_à^^X^^Gb0Ø˜Å^^AJŒ^^Eq‚^^E)
                                                  ^^Dpp0æaó°‹Ú©Ò&R^^T7­¢¶"Rª...

? 
! Extra tokens will be flushed.
<to be read again> 
                   )
l.2 ...gwíµ^^Acƒ½^;^Œ^^_à^^X^^Gb0Ø˜Å^^AJŒ^^Eq‚^^E)
                                                  ^^Dpp0æaó°‹Ú©Ò&R^^T7­¢¶"Rª...

? 
! Text line contains an invalid character.
l.2 ...µ^^Acƒ½^;^Œ^^_à^^X^^Gb0Ø˜Å^^AJŒ^^Eq‚^^E)^^D
                                                  pp0æaó°‹Ú©Ò&R^^T7­¢¶"Rª­¢€...

? 
! Text line contains an invalid character.
l.2 ...cƒ½^;^Œ^^_à^^X^^Gb0Ø˜Å^^AJŒ^^Eq‚^^E)^^Dpp0æ
                                                  aó°‹Ú©Ò&R^^T7­¢¶"Rª­¢€jU^^Q
? 
! Text line contains an invalid character.
l.2 ...½^;^Œ^^_à^^X^^Gb0Ø˜Å^^AJŒ^^Eq‚^^E)^^Dpp0æaó
                                                  °‹Ú©Ò&R^^T7­¢¶"Rª­¢€jU^^Q
? 
! Text line contains an invalid character.
l.2 ...^;^Œ^^_à^^X^^Gb0Ø˜Å^^AJŒ^^Eq‚^^E)^^Dpp0æaó°
                                                  ‹Ú©Ò&R^^T7­¢¶"Rª­¢€jU^^Q
? 
! Text line contains an invalid character.
l.2 ...;^Œ^^_à^^X^^Gb0Ø˜Å^^AJŒ^^Eq‚^^E)^^Dpp0æaó°‹
                                                  Ú©Ò&R^^T7­¢¶"Rª­¢€jU^^Q
? 
! Text line contains an invalid character.
l.2 ...^Œ^^_à^^X^^Gb0Ø˜Å^^AJŒ^^Eq‚^^E)^^Dpp0æaó°‹Ú
                                                  ©Ò&R^^T7­¢¶"Rª­¢€jU^^Q
? 
! Text line contains an invalid character.
l.2 ...Œ^^_à^^X^^Gb0Ø˜Å^^AJŒ^^Eq‚^^E)^^Dpp0æaó°‹Ú©
                                                  Ò&R^^T7­¢¶"Rª­¢€jU^^Q
? 
! Text line contains an invalid character.
l.2 ...^^_à^^X^^Gb0Ø˜Å^^AJŒ^^Eq‚^^E)^^Dpp0æaó°‹Ú©Ò
                                                  &R^^T7­¢¶"Rª­¢€jU^^Q
? 
! Text line contains an invalid character.
l.2 ...^X^^Gb0Ø˜Å^^AJŒ^^Eq‚^^E)^^Dpp0æaó°‹Ú©Ò&R^^T
                                                  7­¢¶"Rª­¢€jU^^Q
? 
! Text line contains an invalid character.
l.2 ...^^Gb0Ø˜Å^^AJŒ^^Eq‚^^E)^^Dpp0æaó°‹Ú©Ò&R^^T7­
                                                  ¢¶"Rª­¢€jU^^Q
? 
! Text line contains an invalid character.
l.2 ...^Gb0Ø˜Å^^AJŒ^^Eq‚^^E)^^Dpp0æaó°‹Ú©Ò&R^^T7­¢
                                                  ¶"Rª­¢€jU^^Q
? 
! Text line contains an invalid character.
l.2 ...Gb0Ø˜Å^^AJŒ^^Eq‚^^E)^^Dpp0æaó°‹Ú©Ò&R^^T7­¢¶
                                                  "Rª­¢€jU^^Q
? 
! Incomplete string token has been flushed.
l.2 ...^^Eq‚^^E)^^Dpp0æaó°‹Ú©Ò&R^^T7­¢¶"Rª­¢€jU^^Q
                                                  
? 
! Text line contains an invalid character.
l.3 •
     ^^UUQ
? 
! Text line contains an invalid character.
l.3 •^^U
        UQ
? 
! Text line contains an invalid character.
l.4 Q>Tjˆ
         Ü´J
? 
! Text line contains an invalid character.
l.4 Q>TjˆÜ
          ´J
? 
! Text line contains an invalid character.
l.4 Q>TjˆÜ´
           J
? 
! Text line contains an invalid character.
l.5 ı
     ĞFU@Q^^T¥i^^RU¤do^^?3;~ $U>TŠ­¿îì{ÿçüÏ9÷1ùÿ’¸ˆLÈ^^V)à_ùNH^^W¿ƒçRİ1Éˆ^^...

? 
! Text line contains an invalid character.
l.5 ıĞ
      FU@Q^^T¥i^^RU¤do^^?3;~ $U>TŠ­¿îì{ÿçüÏ9÷1ùÿ’¸ˆLÈ^^V)à_ùNH^^W¿ƒçRİ1Éˆ^^...

? 
! Text line contains an invalid character.
l.5 ıĞFU@Q^^T
             ¥i^^RU¤do^^?3;~ $U>TŠ­¿îì{ÿçüÏ9÷1ùÿ’¸ˆLÈ^^V)à_ùNH^^W¿ƒçRİ1Éˆ^^...

? 
! Text line contains an invalid character.
l.5 ıĞFU@Q^^T¥
              i^^RU¤do^^?3;~ $U>TŠ­¿îì{ÿçüÏ9÷1ùÿ’¸ˆLÈ^^V)à_ùNH^^W¿ƒçRİ1Éˆ^^...

? 
! Text line contains an invalid character.
l.5 ıĞFU@Q^^T¥i^^R
                  U¤do^^?3;~ $U>TŠ­¿îì{ÿçüÏ9÷1ùÿ’¸ˆLÈ^^V)à_ùNH^^W¿ƒçRİ1Éˆ^^...

? 
! Text line contains an invalid character.
l.5 ıĞFU@Q^^T¥i^^RU¤
                    do^^?3;~ $U>TŠ­¿îì{ÿçüÏ9÷1ùÿ’¸ˆLÈ^^V)à_ùNH^^W¿ƒçRİ1Éˆ^^...

? 
! Text line contains an invalid character.
l.5 ıĞFU@Q^^T¥i^^RU¤do^^?
                         3;~ $U>TŠ­¿îì{ÿçüÏ9÷1ùÿ’¸ˆLÈ^^V)à_ùNH^^W¿ƒçRİ1Éˆ^^...

? 
! Text line contains an invalid character.
l.5 ıĞFU@Q^^T¥i^^RU¤do^^?3;~ 
                             $U>TŠ­¿îì{ÿçüÏ9÷1ùÿ’¸ˆLÈ^^V)à_ùNH^^W¿ƒçRİ1Éˆ^^...

? 
! Text line contains an invalid character.
l.5 ıĞFU@Q^^T¥i^^RU¤do^^?3;~ $U>TŠ
                                  ­¿îì{ÿçüÏ9÷1ùÿ’¸ˆLÈ^^V)à_ùNH^^W¿ƒçRİ1Éˆ^^...

? 
! Text line contains an invalid character.
l.5 ıĞFU@Q^^T¥i^^RU¤do^^?3;~ $U>TŠ­
                                   ¿îì{ÿçüÏ9÷1ùÿ’¸ˆLÈ^^V)à_ùNH^^W¿ƒçRİ1Éˆ^^...

? 
! Text line contains an invalid character.
l.5 ıĞFU@Q^^T¥i^^RU¤do^^?3;~ $U>TŠ­¿
                                    îì{ÿçüÏ9÷1ùÿ’¸ˆLÈ^^V)à_ùNH^^W¿ƒçRİ1Éˆ^^...

? 
! Text line contains an invalid character.
l.5 ıĞFU@Q^^T¥i^^RU¤do^^?3;~ $U>TŠ­¿î
                                     ì{ÿçüÏ9÷1ùÿ’¸ˆLÈ^^V)à_ùNH^^W¿ƒçRİ1Éˆ^^...

? 
! Text line contains an invalid character.
l.5 ıĞFU@Q^^T¥i^^RU¤do^^?3;~ $U>TŠ­¿îì
                                      {ÿçüÏ9÷1ùÿ’¸ˆLÈ^^V)à_ùNH^^W¿ƒçRİ1Éˆ^^...

? 
! Text line contains an invalid character.
l.5 ıĞFU@Q^^T¥i^^RU¤do^^?3;~ $U>TŠ­¿îì
                                       {ÿçüÏ9÷1ùÿ’¸ˆLÈ^^V)à_ùNH^^W¿ƒçRİ1Éˆ^^...

? 
>> -T+~$U
! Unknown relation will be considered false.
<to be read again> 
                   {
l.5 ıĞFU@Q^^T¥i^^RU¤do^^?3;~ $U>TŠ­¿îì{
                                        ÿçüÏ9÷1ùÿ’¸ˆLÈ^^V)à_ùNH^^W¿ƒçRİ1Éˆ^^...

? 
>> false
! Isolated expression.
<to be read again> 
                   {
l.5 ıĞFU@Q^^T¥i^^RU¤do^^?3;~ $U>TŠ­¿îì{
                                        ÿçüÏ9÷1ùÿ’¸ˆLÈ^^V)à_ùNH^^W¿ƒçRİ1Éˆ^^...

? 
! Extra tokens will be flushed.
<to be read again> 
                   {
l.5 ıĞFU@Q^^T¥i^^RU¤do^^?3;~ $U>TŠ­¿îì{
                                        ÿçüÏ9÷1ùÿ’¸ˆLÈ^^V)à_ùNH^^W¿ƒçRİ1Éˆ^^...

? 
! Text line contains an invalid character.
l.5 ıĞFU@Q^^T¥i^^RU¤do^^?3;~ $U>TŠ­¿îì{ÿ
                                         çüÏ9÷1ùÿ’¸ˆLÈ^^V)à_ùNH^^W¿ƒçRİ1Éˆ^^...

? 
! Text line contains an invalid character.
l.5 ıĞFU@Q^^T¥i^^RU¤do^^?3;~ $U>TŠ­¿îì{ÿç
                                          üÏ9÷1ùÿ’¸ˆLÈ^^V)à_ùNH^^W¿ƒçRİ1Éˆ^^...

? 
! Text line contains an invalid character.
l.5 ıĞFU@Q^^T¥i^^RU¤do^^?3;~ $U>TŠ­¿îì{ÿçü
                                           Ï9÷1ùÿ’¸ˆLÈ^^V)à_ùNH^^W¿ƒçRİ1Éˆ^^...

? 
! Text line contains an invalid character.
l.5 ıĞFU@Q^^T¥i^^RU¤do^^?3;~ $U>TŠ­¿îì{ÿçüÏ
                                            9÷1ùÿ’¸ˆLÈ^^V)à_ùNH^^W¿ƒçRİ1Éˆ^^...

? 
! Text line contains an invalid character.
l.5 ıĞFU@Q^^T¥i^^RU¤do^^?3;~ $U>TŠ­¿îì{ÿçüÏ9÷
                                              1ùÿ’¸ˆLÈ^^V)à_ùNH^^W¿ƒçRİ1Éˆ^^...

? 
! Text line contains an invalid character.
l.5 ıĞFU@Q^^T¥i^^RU¤do^^?3;~ $U>TŠ­¿îì{ÿçüÏ9÷1ù
                                                ÿ’¸ˆLÈ^^V)à_ùNH^^W¿ƒçRİ1Éˆ^^...

? 
! Text line contains an invalid character.
l.5 ıĞFU@Q^^T¥i^^RU¤do^^?3;~ $U>TŠ­¿îì{ÿçüÏ9÷1ùÿ
                                                 ’¸ˆLÈ^^V)à_ùNH^^W¿ƒçRİ1Éˆ^^...

? 
! Text line contains an invalid character.
l.5 ıĞFU@Q^^T¥i^^RU¤do^^?3;~ $U>TŠ­¿îì{ÿçüÏ9÷1ùÿ’
                                                  ¸ˆLÈ^^V)à_ùNH^^W¿ƒçRİ1Éˆ^^...

? 
! Text line contains an invalid character.
l.5 ...@Q^^T¥i^^RU¤do^^?3;~ $U>TŠ­¿îì{ÿçüÏ9÷1ùÿ’¸
                                                  ˆLÈ^^V)à_ùNH^^W¿ƒçRİ1Éˆ^^X...

? 
! Text line contains an invalid character.
l.5 ...Q^^T¥i^^RU¤do^^?3;~ $U>TŠ­¿îì{ÿçüÏ9÷1ùÿ’¸ˆ
                                                  LÈ^^V)à_ùNH^^W¿ƒçRİ1Éˆ^^X;...

? 
! Text line contains an invalid character.
l.5 ...^T¥i^^RU¤do^^?3;~ $U>TŠ­¿îì{ÿçüÏ9÷1ùÿ’¸ˆLÈ
                                                  ^^V)à_ùNH^^W¿ƒçRİ1Éˆ^^X;Ò^...

? 
! Text line contains an invalid character.
l.5 ...i^^RU¤do^^?3;~ $U>TŠ­¿îì{ÿçüÏ9÷1ùÿ’¸ˆLÈ^^V
                                                  )à_ùNH^^W¿ƒçRİ1Éˆ^^X;Ò^^O$...

? 
! Text line contains an invalid character.
l.5 ...^RU¤do^^?3;~ $U>TŠ­¿îì{ÿçüÏ9÷1ùÿ’¸ˆLÈ^^V)à
                                                  _ùNH^^W¿ƒçRİ1Éˆ^^X;Ò^^O$À^...

? 
! Text line contains an invalid character.
l.5 ...U¤do^^?3;~ $U>TŠ­¿îì{ÿçüÏ9÷1ùÿ’¸ˆLÈ^^V)à_ù
                                                  NH^^W¿ƒçRİ1Éˆ^^X;Ò^^O$À^^N...

? 
! Text line contains an invalid character.
l.5 ...^?3;~ $U>TŠ­¿îì{ÿçüÏ9÷1ùÿ’¸ˆLÈ^^V)à_ùNH^^W
                                                  ¿ƒçRİ1Éˆ^^X;Ò^^O$À^^Nùß^^?...

? 
! Text line contains an invalid character.
l.5 ...?3;~ $U>TŠ­¿îì{ÿçüÏ9÷1ùÿ’¸ˆLÈ^^V)à_ùNH^^W¿
                                                  ƒçRİ1Éˆ^^X;Ò^^O$À^^Nùß^^?á...

? 
! Text line contains an invalid character.
l.5 ...3;~ $U>TŠ­¿îì{ÿçüÏ9÷1ùÿ’¸ˆLÈ^^V)à_ùNH^^W¿ƒ
                                                  çRİ1Éˆ^^X;Ò^^O$À^^Nùß^^?áû...

? 
! Text line contains an invalid character.
l.5 ...;~ $U>TŠ­¿îì{ÿçüÏ9÷1ùÿ’¸ˆLÈ^^V)à_ùNH^^W¿ƒç
                                                  Rİ1Éˆ^^X;Ò^^O$À^^Nùß^^?áûî...

? 
! Text line contains an invalid character.
l.5 ... $U>TŠ­¿îì{ÿçüÏ9÷1ùÿ’¸ˆLÈ^^V)à_ùNH^^W¿ƒçRİ
                                                  1Éˆ^^X;Ò^^O$À^^Nùß^^?áûîİ¾...

? 
! Text line contains an invalid character.
l.5 ...U>TŠ­¿îì{ÿçüÏ9÷1ùÿ’¸ˆLÈ^^V)à_ùNH^^W¿ƒçRİ1É
                                                  ˆ^^X;Ò^^O$À^^Nùß^^?áûîİ¾-İ...

? 
! Text line contains an invalid character.
l.5 ...>TŠ­¿îì{ÿçüÏ9÷1ùÿ’¸ˆLÈ^^V)à_ùNH^^W¿ƒçRİ1Éˆ
                                                  ^^X;Ò^^O$À^^Nùß^^?áûîİ¾-İ¹...

? 
! Text line contains an invalid character.
l.5 ...­¿îì{ÿçüÏ9÷1ùÿ’¸ˆLÈ^^V)à_ùNH^^W¿ƒçRİ1Éˆ^^X
                                                  ;Ò^^O$À^^Nùß^^?áûîİ¾-İ¹iã¦...

? 
! Text line contains an invalid character.
l.5 ...îì{ÿçüÏ9÷1ùÿ’¸ˆLÈ^^V)à_ùNH^^W¿ƒçRİ1Éˆ^^X;Ò
                                                  ^^O$À^^Nùß^^?áûîİ¾-İ¹iã¦ô†...

? 
! Text line contains an invalid character.
l.5 ...{ÿçüÏ9÷1ùÿ’¸ˆLÈ^^V)à_ùNH^^W¿ƒçRİ1Éˆ^^X;Ò^^O
                                                  $À^^Nùß^^?áûîİ¾-İ¹iã¦ô†¹ı...

? 
! Text line contains an invalid character.
l.5 ...çüÏ9÷1ùÿ’¸ˆLÈ^^V)à_ùNH^^W¿ƒçRİ1Éˆ^^X;Ò^^O$À
                                                  ^^Nùß^^?áûîİ¾-İ¹iã¦ô†¹ıÚ¿...

? 
! Text line contains an invalid character.
l.5 ...9÷1ùÿ’¸ˆLÈ^^V)à_ùNH^^W¿ƒçRİ1Éˆ^^X;Ò^^O$À^^N
                                                  ùß^^?áûîİ¾-İ¹iã¦ô†¹ıÚ¿>Z¦...

? 
! Text line contains an invalid character.
l.5 ...÷1ùÿ’¸ˆLÈ^^V)à_ùNH^^W¿ƒçRİ1Éˆ^^X;Ò^^O$À^^Nù
                                                  ß^^?áûîİ¾-İ¹iã¦ô†¹ıÚ¿>Z¦Ô...

? 
! Text line contains an invalid character.
l.5 ...1ùÿ’¸ˆLÈ^^V)à_ùNH^^W¿ƒçRİ1Éˆ^^X;Ò^^O$À^^Nùß
                                                  ^^?áûîİ¾-İ¹iã¦ô†¹ıÚ¿>Z¦Ô...

? 
! Text line contains an invalid character.
l.5 ...’¸ˆLÈ^^V)à_ùNH^^W¿ƒçRİ1Éˆ^^X;Ò^^O$À^^Nùß^^?
                                                  áûîİ¾-İ¹iã¦ô†¹ıÚ¿>Z¦ÔË¦T...

? 
! Text line contains an invalid character.
l.5 ...¸ˆLÈ^^V)à_ùNH^^W¿ƒçRİ1Éˆ^^X;Ò^^O$À^^Nùß^^?á
                                                  ûîİ¾-İ¹iã¦ô†¹ıÚ¿>Z¦ÔË¦T+...

? 
! Text line contains an invalid character.
l.5 ...ˆLÈ^^V)à_ùNH^^W¿ƒçRİ1Éˆ^^X;Ò^^O$À^^Nùß^^?áû
                                                  îİ¾-İ¹iã¦ô†¹ıÚ¿>Z¦ÔË¦T+X...

? 
! Text line contains an invalid character.
l.5 ...LÈ^^V)à_ùNH^^W¿ƒçRİ1Éˆ^^X;Ò^^O$À^^Nùß^^?áûî
                                                  İ¾-İ¹iã¦ô†¹ıÚ¿>Z¦ÔË¦T+Xs...

? 
! Text line contains an invalid character.
l.5 ...È^^V)à_ùNH^^W¿ƒçRİ1Éˆ^^X;Ò^^O$À^^Nùß^^?áûîİ
                                                  ¾-İ¹iã¦ô†¹ıÚ¿>Z¦ÔË¦T+XsÏ...

? 
! Text line contains an invalid character.
l.5 ...^^V)à_ùNH^^W¿ƒçRİ1Éˆ^^X;Ò^^O$À^^Nùß^^?áûîİ¾
                                                  -İ¹iã¦ô†¹ıÚ¿>Z¦ÔË¦T+XsÏ”...

? 
! Text line contains an invalid character.
l.5 ...V)à_ùNH^^W¿ƒçRİ1Éˆ^^X;Ò^^O$À^^Nùß^^?áûîİ¾-İ
                                                  ¹iã¦ô†¹ıÚ¿>Z¦ÔË¦T+XsÏ”Z...

? 
! Text line contains an invalid character.
l.5 ...)à_ùNH^^W¿ƒçRİ1Éˆ^^X;Ò^^O$À^^Nùß^^?áûîİ¾-İ¹
                                                  iã¦ô†¹ıÚ¿>Z¦ÔË¦T+XsÏ”ZÚ...

? 
! Text line contains an invalid character.
l.5 ..._ùNH^^W¿ƒçRİ1Éˆ^^X;Ò^^O$À^^Nùß^^?áûîİ¾-İ¹iã
                                                  ¦ô†¹ıÚ¿>Z¦ÔË¦T+XsÏ”ZÚıÛ...

? 
! Text line contains an invalid character.
l.5 ...ùNH^^W¿ƒçRİ1Éˆ^^X;Ò^^O$À^^Nùß^^?áûîİ¾-İ¹iã¦
                                                  ô†¹ıÚ¿>Z¦ÔË¦T+XsÏ”ZÚıÛD...

? 
! Text line contains an invalid character.
l.5 ...NH^^W¿ƒçRİ1Éˆ^^X;Ò^^O$À^^Nùß^^?áûîİ¾-İ¹iã¦ô
                                                  †¹ıÚ¿>Z¦ÔË¦T+XsÏ”ZÚıÛDü...

? 
! Text line contains an invalid character.
l.5 ...H^^W¿ƒçRİ1Éˆ^^X;Ò^^O$À^^Nùß^^?áûîİ¾-İ¹iã¦ô†
                                                  ¹ıÚ¿>Z¦ÔË¦T+XsÏ”ZÚıÛDü^...

? 
! Text line contains an invalid character.
l.5 ...^^W¿ƒçRİ1Éˆ^^X;Ò^^O$À^^Nùß^^?áûîİ¾-İ¹iã¦ô†¹
                                                  ıÚ¿>Z¦ÔË¦T+XsÏ”ZÚıÛDü^^...

? 
! Text line contains an invalid character.
l.5 ...^W¿ƒçRİ1Éˆ^^X;Ò^^O$À^^Nùß^^?áûîİ¾-İ¹iã¦ô†¹ı
                                                  Ú¿>Z¦ÔË¦T+XsÏ”ZÚıÛDü^^O...

? 
! Text line contains an invalid character.
l.5 ...W¿ƒçRİ1Éˆ^^X;Ò^^O$À^^Nùß^^?áûîİ¾-İ¹iã¦ô†¹ı
                                                  Ú¿>Z¦ÔË¦T+XsÏ”ZÚıÛDü^^OŠ...

? 
! Text line contains an invalid character.
l.5 ...¿ƒçRİ1Éˆ^^X;Ò^^O$À^^Nùß^^?áûîİ¾-İ¹iã¦ô†¹ıÚ
                                                  ¿>Z¦ÔË¦T+XsÏ”ZÚıÛDü^^OŠÄ...

? 
! Text line contains an invalid character.
l.5 ...ƒçRİ1Éˆ^^X;Ò^^O$À^^Nùß^^?áûîİ¾-İ¹iã¦ô†¹ıÚ¿
                                                  >Z¦ÔË¦T+XsÏ”ZÚıÛDü^^OŠÄ¦...

? 
! Text line contains an invalid character.
l.5 ...İ1Éˆ^^X;Ò^^O$À^^Nùß^^?áûîİ¾-İ¹iã¦ô†¹ıÚ¿>Z¦
                                                  ÔË¦T+XsÏ”ZÚıÛDü^^OŠÄ¦æà^...

? 
! Text line contains an invalid character.
l.5 ...1Éˆ^^X;Ò^^O$À^^Nùß^^?áûîİ¾-İ¹iã¦ô†¹ıÚ¿>Z¦Ô
                                                  Ë¦T+XsÏ”ZÚıÛDü^^OŠÄ¦æà^^...

? 
! Text line contains an invalid character.
l.5 ...Éˆ^^X;Ò^^O$À^^Nùß^^?áûîİ¾-İ¹iã¦ô†¹ıÚ¿>Z¦Ô
                                                  Ë¦T+XsÏ”ZÚıÛDü^^OŠÄ¦æà^^B...

? 
! Text line contains an invalid character.
l.5 ...ˆ^^X;Ò^^O$À^^Nùß^^?áûîİ¾-İ¹iã¦ô†¹ıÚ¿>Z¦ÔË
                                                  ¦T+XsÏ”ZÚıÛDü^^OŠÄ¦æà^^B°...

? 
! Text line contains an invalid character.
l.5 ...^^X;Ò^^O$À^^Nùß^^?áûîİ¾-İ¹iã¦ô†¹ıÚ¿>Z¦ÔË¦
                                                  T+XsÏ”ZÚıÛDü^^OŠÄ¦æà^^B°E...

? 
! Text line contains an invalid character.
l.5 ...^^O$À^^Nùß^^?áûîİ¾-İ¹iã¦ô†¹ıÚ¿>Z¦ÔË¦T+XsÏ
                                                  ”ZÚıÛDü^^OŠÄ¦æà^^B°E–ÿ“6&...

? 
! Text line contains an invalid character.
l.5 ...^O$À^^Nùß^^?áûîİ¾-İ¹iã¦ô†¹ıÚ¿>Z¦ÔË¦T+XsÏ”
                                                  ZÚıÛDü^^OŠÄ¦æà^^B°E–ÿ“6&Ò...

? 
! Text line contains an invalid character.
l.5 ...$À^^Nùß^^?áûîİ¾-İ¹iã¦ô†¹ıÚ¿>Z¦ÔË¦T+XsÏ”Z
                                                  ÚıÛDü^^OŠÄ¦æà^^B°E–ÿ“6&Òü–...

? 
! Text line contains an invalid character.
l.5 ...À^^Nùß^^?áûîİ¾-İ¹iã¦ô†¹ıÚ¿>Z¦ÔË¦T+XsÏ”ZÚ
                                                  ıÛDü^^OŠÄ¦æà^^B°E–ÿ“6&Òü–È...

? 
! Text line contains an invalid character.
l.5 ...^^Nùß^^?áûîİ¾-İ¹iã¦ô†¹ıÚ¿>Z¦ÔË¦T+XsÏ”ZÚı
                                                  ÛDü^^OŠÄ¦æà^^B°E–ÿ“6&Òü–Èº...

? 
! Text line contains an invalid character.
l.5 ...^Nùß^^?áûîİ¾-İ¹iã¦ô†¹ıÚ¿>Z¦ÔË¦T+XsÏ”ZÚıÛ
                                                  Dü^^OŠÄ¦æà^^B°E–ÿ“6&Òü–Èº^...

? 
! Text line contains an invalid character.
l.5 ...ùß^^?áûîİ¾-İ¹iã¦ô†¹ıÚ¿>Z¦ÔË¦T+XsÏ”ZÚıÛDü
                                                  ^^OŠÄ¦æà^^B°E–ÿ“6&Òü–Èº^‘õ...

? 
! Text line contains an invalid character.
l.5 ...^?áûîİ¾-İ¹iã¦ô†¹ıÚ¿>Z¦ÔË¦T+XsÏ”ZÚıÛDü^^O
                                                  ŠÄ¦æà^^B°E–ÿ“6&Òü–Èº^‘õ½j}...

? 
! Text line contains an invalid character.
l.5 ...?áûîİ¾-İ¹iã¦ô†¹ıÚ¿>Z¦ÔË¦T+XsÏ”ZÚıÛDü^^OŠ
                                                  Ä¦æà^^B°E–ÿ“6&Òü–Èº^‘õ½j}å...

? 
! Text line contains an invalid character.
l.5 ...áûîİ¾-İ¹iã¦ô†¹ıÚ¿>Z¦ÔË¦T+XsÏ”ZÚıÛDü^^OŠÄ
                                                  ¦æà^^B°E–ÿ“6&Òü–Èº^‘õ½j}åA...

? 
! Text line contains an invalid character.
l.5 ...ûîİ¾-İ¹iã¦ô†¹ıÚ¿>Z¦ÔË¦T+XsÏ”ZÚıÛDü^^OŠÄ¦
                                                  æà^^B°E–ÿ“6&Òü–Èº^‘õ½j}åA•...

? 
! Text line contains an invalid character.
l.5 ...îİ¾-İ¹iã¦ô†¹ıÚ¿>Z¦ÔË¦T+XsÏ”ZÚıÛDü^^OŠÄ¦æ
                                                  à^^B°E–ÿ“6&Òü–Èº^‘õ½j}åA•î...

? 
! Text line contains an invalid character.
l.5 ...İ¾-İ¹iã¦ô†¹ıÚ¿>Z¦ÔË¦T+XsÏ”ZÚıÛDü^^OŠÄ¦æà
                                                  ^^B°E–ÿ“6&Òü–Èº^‘õ½j}åA•îÄ...

? 
! Text line contains an invalid character.
l.5 ...İ¹iã¦ô†¹ıÚ¿>Z¦ÔË¦T+XsÏ”ZÚıÛDü^^OŠÄ¦æà^^B
                                                  °E–ÿ“6&Òü–Èº^‘õ½j}åA•îÄïÍ`...

? 
! Text line contains an invalid character.
l.5 ...¹iã¦ô†¹ıÚ¿>Z¦ÔË¦T+XsÏ”ZÚıÛDü^^OŠÄ¦æà^^B°
                                                  E–ÿ“6&Òü–Èº^‘õ½j}åA•îÄïÍ`õ...

? 
! Text line contains an invalid character.
l.5 ...ã¦ô†¹ıÚ¿>Z¦ÔË¦T+XsÏ”ZÚıÛDü^^OŠÄ¦æà^^B°E–
                                                  ÿ“6&Òü–Èº^‘õ½j}åA•îÄïÍ`õ_Ô...

? 
! Text line contains an invalid character.
l.5 ...¦ô†¹ıÚ¿>Z¦ÔË¦T+XsÏ”ZÚıÛDü^^OŠÄ¦æà^^B°E–ÿ
                                                  “6&Òü–Èº^‘õ½j}åA•îÄïÍ`õ_Ô½...

? 
! Text line contains an invalid character.
l.5 ...ô†¹ıÚ¿>Z¦ÔË¦T+XsÏ”ZÚıÛDü^^OŠÄ¦æà^^B°E–ÿ“
                                                  6&Òü–Èº^‘õ½j}åA•îÄïÍ`õ_Ô½...

? 
>> -Xs.Z.D.E6-Z.T-i+$
! Unknown relation will be considered false.
<to be read again> 
                   &
l.5 ...¹ıÚ¿>Z¦ÔË¦T+XsÏ”ZÚıÛDü^^OŠÄ¦æà^^B°E–ÿ“6&
                                                  Òü–Èº^‘õ½j}åA•îÄïÍ`õ_Ô½ÚÕ...

? 
! Text line contains an invalid character.
l.5 ...ıÚ¿>Z¦ÔË¦T+XsÏ”ZÚıÛDü^^OŠÄ¦æà^^B°E–ÿ“6&Ò
                                                  ü–Èº^‘õ½j}åA•îÄïÍ`õ_Ô½ÚÕ`...

? 
! Text line contains an invalid character.
l.5 ...Ú¿>Z¦ÔË¦T+XsÏ”ZÚıÛDü^^OŠÄ¦æà^^B°E–ÿ“6&Òü
                                                  –Èº^‘õ½j}åA•îÄïÍ`õ_Ô½ÚÕ`Ş...

? 
! Text line contains an invalid character.
l.5 ...Ú¿>Z¦ÔË¦T+XsÏ”ZÚıÛDü^^OŠÄ¦æà^^B°E–ÿ“6&Òü–
                                                  Èº^‘õ½j}åA•îÄïÍ`õ_Ô½ÚÕ`Ş¤...

? 
! Text line contains an invalid character.
l.5 ...¿>Z¦ÔË¦T+XsÏ”ZÚıÛDü^^OŠÄ¦æà^^B°E–ÿ“6&Òü–È
                                                  º^‘õ½j}åA•îÄïÍ`õ_Ô½ÚÕ`Ş¤^...

? 
! Text line contains an invalid character.
l.5 ...>Z¦ÔË¦T+XsÏ”ZÚıÛDü^^OŠÄ¦æà^^B°E–ÿ“6&Òü–Èº
                                                  ^‘õ½j}åA•îÄïÍ`õ_Ô½ÚÕ`Ş¤^^...

? 
! Text line contains an invalid character.
l.5 ...¦ÔË¦T+XsÏ”ZÚıÛDü^^OŠÄ¦æà^^B°E–ÿ“6&Òü–Èº^‘
                                                  õ½j}åA•îÄïÍ`õ_Ô½ÚÕ`Ş¤^^Z*...

? 
! Text line contains an invalid character.
l.5 ...ÔË¦T+XsÏ”ZÚıÛDü^^OŠÄ¦æà^^B°E–ÿ“6&Òü–Èº^‘õ
                                                  ½j}åA•îÄïÍ`õ_Ô½ÚÕ`Ş¤^^Z*~...

? 
! Text line contains an invalid character.
l.5 ...Ë¦T+XsÏ”ZÚıÛDü^^OŠÄ¦æà^^B°E–ÿ“6&Òü–Èº^‘õ½
                                                  j}åA•îÄïÍ`õ_Ô½ÚÕ`Ş¤^^Z*~Q...

? 
>> false
>> ^j
! Not implemented: (boolean)&(unknown numeric).
<to be read again> 
                   }
l.5 ...¦T+XsÏ”ZÚıÛDü^^OŠÄ¦æà^^B°E–ÿ“6&Òü–Èº^‘õ½j}
                                                  åA•îÄïÍ`õ_Ô½ÚÕ`Ş¤^^Z*~Q^^...

? 
>> ^j
! Isolated expression.
<to be read again> 
                   }
l.5 ...¦T+XsÏ”ZÚıÛDü^^OŠÄ¦æà^^B°E–ÿ“6&Òü–Èº^‘õ½j}
                                                  åA•îÄïÍ`õ_Ô½ÚÕ`Ş¤^^Z*~Q^^...

? 
! Extra tokens will be flushed.
<to be read again> 
                   }
l.5 ...¦T+XsÏ”ZÚıÛDü^^OŠÄ¦æà^^B°E–ÿ“6&Òü–Èº^‘õ½j}
                                                  åA•îÄïÍ`õ_Ô½ÚÕ`Ş¤^^Z*~Q^^...

? 
! Text line contains an invalid character.
l.5 ...T+XsÏ”ZÚıÛDü^^OŠÄ¦æà^^B°E–ÿ“6&Òü–Èº^‘õ½j}å
                                                  A•îÄïÍ`õ_Ô½ÚÕ`Ş¤^^Z*~Q^^]...

? 
! Text line contains an invalid character.
l.5 ...XsÏ”ZÚıÛDü^^OŠÄ¦æà^^B°E–ÿ“6&Òü–Èº^‘õ½j}åA•
                                                  îÄïÍ`õ_Ô½ÚÕ`Ş¤^^Z*~Q^^])g...

? 
! Text line contains an invalid character.
l.5 ...sÏ”ZÚıÛDü^^OŠÄ¦æà^^B°E–ÿ“6&Òü–Èº^‘õ½j}åA•î
                                                  ÄïÍ`õ_Ô½ÚÕ`Ş¤^^Z*~Q^^])gNùU‘

? 
! Text line contains an invalid character.
l.5 ...Ï”ZÚıÛDü^^OŠÄ¦æà^^B°E–ÿ“6&Òü–Èº^‘õ½j}åA•îÄ
                                                  ïÍ`õ_Ô½ÚÕ`Ş¤^^Z*~Q^^])gNùU‘
? 
! Text line contains an invalid character.
l.5 ...”ZÚıÛDü^^OŠÄ¦æà^^B°E–ÿ“6&Òü–Èº^‘õ½j}åA•îÄï
                                                  Í`õ_Ô½ÚÕ`Ş¤^^Z*~Q^^])gNùU‘
? 
! Text line contains an invalid character.
l.5 ...ZÚıÛDü^^OŠÄ¦æà^^B°E–ÿ“6&Òü–Èº^‘õ½j}åA•îÄïÍ
                                                  `õ_Ô½ÚÕ`Ş¤^^Z*~Q^^])gNùU‘
? 
! Text line contains an invalid character.
l.5 ...ÚıÛDü^^OŠÄ¦æà^^B°E–ÿ“6&Òü–Èº^‘õ½j}åA•îÄïÍ`õ
                                                  _Ô½ÚÕ`Ş¤^^Z*~Q^^])gNùU‘
? 
! Text line contains an invalid character.
l.5 ...ÛDü^^OŠÄ¦æà^^B°E–ÿ“6&Òü–Èº^‘õ½j}åA•îÄïÍ`õ_Ô
                                                  ½ÚÕ`Ş¤^^Z*~Q^^])gNùU‘
? 
! Text line contains an invalid character.
l.5 ...Dü^^OŠÄ¦æà^^B°E–ÿ“6&Òü–Èº^‘õ½j}åA•îÄïÍ`õ_Ô½
                                                  ÚÕ`Ş¤^^Z*~Q^^])gNùU‘
? 
! Text line contains an invalid character.
l.5 ...ü^^OŠÄ¦æà^^B°E–ÿ“6&Òü–Èº^‘õ½j}åA•îÄïÍ`õ_Ô½
                                                  ÚÕ`Ş¤^^Z*~Q^^])gNùU‘
? 
! Text line contains an invalid character.
l.5 ...^^OŠÄ¦æà^^B°E–ÿ“6&Òü–Èº^‘õ½j}åA•îÄïÍ`õ_Ô½Ú
                                                  Õ`Ş¤^^Z*~Q^^])gNùU‘
? 
! Text line contains an invalid character.
l.5 ...^OŠÄ¦æà^^B°E–ÿ“6&Òü–Èº^‘õ½j}åA•îÄïÍ`õ_Ô½ÚÕ
                                                  `Ş¤^^Z*~Q^^])gNùU‘
? 
! Text line contains an invalid character.
l.5 ...ŠÄ¦æà^^B°E–ÿ“6&Òü–Èº^‘õ½j}åA•îÄïÍ`õ_Ô½ÚÕ`Ş
                                                  ¤^^Z*~Q^^])gNùU‘
? 
! Text line contains an invalid character.
l.5 ...Ä¦æà^^B°E–ÿ“6&Òü–Èº^‘õ½j}åA•îÄïÍ`õ_Ô½ÚÕ`Ş¤
                                                  ^^Z*~Q^^])gNùU‘
? 
! Text line contains an invalid character.
l.5 ...à^^B°E–ÿ“6&Òü–Èº^‘õ½j}åA•îÄïÍ`õ_Ô½ÚÕ`Ş¤^^Z
                                                  *~Q^^])gNùU‘
? 
! Text line contains an invalid character.
l.5 ...–ÿ“6&Òü–Èº^‘õ½j}åA•îÄïÍ`õ_Ô½ÚÕ`Ş¤^^Z*~Q^^]
                                                  )gNùU‘
? 
! Text line contains an invalid character.
l.5 ...&Òü–Èº^‘õ½j}åA•îÄïÍ`õ_Ô½ÚÕ`Ş¤^^Z*~Q^^])gNù
                                                  U‘
? 
! Text line contains an invalid character.
l.5 ...ü–Èº^‘õ½j}åA•îÄïÍ`õ_Ô½ÚÕ`Ş¤^^Z*~Q^^])gNùU‘
                                                  
? 
! Text line contains an invalid character.
l.6 ç
     EZ^^?&¢^TÇB^^SêLhB¤ğ¢È^^]øà+SßV«G}óÕ^^OÂ“Œg\ù=8Ï^^NÇcŞót|^^[Á^^V‘¼İğ...

? 
! Text line contains an invalid character.
l.6 çEZ^^?
          &¢^TÇB^^SêLhB¤ğ¢È^^]øà+SßV«G}óÕ^^OÂ“Œg\ù=8Ï^^NÇcŞót|^^[Á^^V‘¼İğ...

? 
! Text line contains an invalid character.
l.6 çEZ^^?&¢
            ^TÇB^^SêLhB¤ğ¢È^^]øà+SßV«G}óÕ^^OÂ“Œg\ù=8Ï^^NÇcŞót|^^[Á^^V‘¼İğ...

? 
! Text line contains an invalid character.
l.6 çEZ^^?&¢^TÇ
               B^^SêLhB¤ğ¢È^^]øà+SßV«G}óÕ^^OÂ“Œg\ù=8Ï^^NÇcŞót|^^[Á^^V‘¼İğ...

? 
! Text line contains an invalid character.
l.6 çEZ^^?&¢^TÇB^^S
                   êLhB¤ğ¢È^^]øà+SßV«G}óÕ^^OÂ“Œg\ù=8Ï^^NÇcŞót|^^[Á^^V‘¼İğ...

? 
! Text line contains an invalid character.
l.6 çEZ^^?&¢^TÇB^^Sê
                    LhB¤ğ¢È^^]øà+SßV«G}óÕ^^OÂ“Œg\ù=8Ï^^NÇcŞót|^^[Á^^V‘¼İğ...

? 
! Text line contains an invalid character.
l.6 çEZ^^?&¢^TÇB^^SêLhB¤
                        ğ¢È^^]øà+SßV«G}óÕ^^OÂ“Œg\ù=8Ï^^NÇcŞót|^^[Á^^V‘¼İğ...

? 
! Text line contains an invalid character.
l.6 çEZ^^?&¢^TÇB^^SêLhB¤ğ
                         ¢È^^]øà+SßV«G}óÕ^^OÂ“Œg\ù=8Ï^^NÇcŞót|^^[Á^^V‘¼İğ...

? 
! Text line contains an invalid character.
l.6 çEZ^^?&¢^TÇB^^SêLhB¤ğ¢
                          È^^]øà+SßV«G}óÕ^^OÂ“Œg\ù=8Ï^^NÇcŞót|^^[Á^^V‘¼İğ...

? 
! Text line contains an invalid character.
l.6 çEZ^^?&¢^TÇB^^SêLhB¤ğ¢È
                           ^^]øà+SßV«G}óÕ^^OÂ“Œg\ù=8Ï^^NÇcŞót|^^[Á^^V‘¼İğ...

? 
! Text line contains an invalid character.
l.6 çEZ^^?&¢^TÇB^^SêLhB¤ğ¢È^^]
                              øà+SßV«G}óÕ^^OÂ“Œg\ù=8Ï^^NÇcŞót|^^[Á^^V‘¼İğ...

? 
! Text line contains an invalid character.
l.6 çEZ^^?&¢^TÇB^^SêLhB¤ğ¢È^^]ø
                               à+SßV«G}óÕ^^OÂ“Œg\ù=8Ï^^NÇcŞót|^^[Á^^V‘¼İğ...

? 
! Text line contains an invalid character.
l.6 çEZ^^?&¢^TÇB^^SêLhB¤ğ¢È^^]øà
                                +SßV«G}óÕ^^OÂ“Œg\ù=8Ï^^NÇcŞót|^^[Á^^V‘¼İğ...

? 
! Text line contains an invalid character.
l.6 çEZ^^?&¢^TÇB^^SêLhB¤ğ¢È^^]øà+Sß
                                   V«G}óÕ^^OÂ“Œg\ù=8Ï^^NÇcŞót|^^[Á^^V‘¼İğ...

? 
! Text line contains an invalid character.
l.6 çEZ^^?&¢^TÇB^^SêLhB¤ğ¢È^^]øà+Sß
                                    V«G}óÕ^^OÂ“Œg\ù=8Ï^^NÇcŞót|^^[Á^^V‘¼İğ...

? 
! Text line contains an invalid character.
l.6 çEZ^^?&¢^TÇB^^SêLhB¤ğ¢È^^]øà+SßV«
                                      G}óÕ^^OÂ“Œg\ù=8Ï^^NÇcŞót|^^[Á^^V‘¼İğ...

? 
! Text line contains an invalid character.
l.6 çEZ^^?&¢^TÇB^^SêLhB¤ğ¢È^^]øà+SßV«G}ó
                                         Õ^^OÂ“Œg\ù=8Ï^^NÇcŞót|^^[Á^^V‘¼İğ...

? 
! Text line contains an invalid character.
l.6 çEZ^^?&¢^TÇB^^SêLhB¤ğ¢È^^]øà+SßV«G}óÕ
                                          ^^OÂ“Œg\ù=8Ï^^NÇcŞót|^^[Á^^V‘¼İğ...

? 
! Text line contains an invalid character.
l.6 çEZ^^?&¢^TÇB^^SêLhB¤ğ¢È^^]øà+SßV«G}óÕ^^O
                                             Â“Œg\ù=8Ï^^NÇcŞót|^^[Á^^V‘¼İğ...

? 
! Text line contains an invalid character.
l.6 çEZ^^?&¢^TÇB^^SêLhB¤ğ¢È^^]øà+SßV«G}óÕ^^OÂ
                                              “Œg\ù=8Ï^^NÇcŞót|^^[Á^^V‘¼İğ...

? 
! Text line contains an invalid character.
l.6 çEZ^^?&¢^TÇB^^SêLhB¤ğ¢È^^]øà+SßV«G}óÕ^^OÂ“
                                               Œg\ù=8Ï^^NÇcŞót|^^[Á^^V‘¼İğ...

? 
! Text line contains an invalid character.
l.6 çEZ^^?&¢^TÇB^^SêLhB¤ğ¢È^^]øà+SßV«G}óÕ^^OÂ“Œ
                                                g\ù=8Ï^^NÇcŞót|^^[Á^^V‘¼İğ...

? 
! Text line contains an invalid character.
l.6 ...^?&¢^TÇB^^SêLhB¤ğ¢È^^]øà+SßV«G}óÕ^^OÂ“Œg\ù
                                                  =8Ï^^NÇcŞót|^^[Á^^V‘¼İğ´...

? 
! Text line contains an invalid character.
l.6 ...?&¢^TÇB^^SêLhB¤ğ¢È^^]øà+SßV«G}óÕ^^OÂ“Œg\ù
                                                  =8Ï^^NÇcŞót|^^[Á^^V‘¼İğ´ˆ...

? 
! Text line contains an invalid character.
l.6 ...^TÇB^^SêLhB¤ğ¢È^^]øà+SßV«G}óÕ^^OÂ“Œg\ù=8Ï
                                                  ^^NÇcŞót|^^[Á^^V‘¼İğ´ˆ^^T...

? 
! Text line contains an invalid character.
l.6 ...B^^SêLhB¤ğ¢È^^]øà+SßV«G}óÕ^^OÂ“Œg\ù=8Ï^^N
                                                  ÇcŞót|^^[Á^^V‘¼İğ´ˆ^^TÑ^^...

? 
! Text line contains an invalid character.
l.6 ...^^SêLhB¤ğ¢È^^]øà+SßV«G}óÕ^^OÂ“Œg\ù=8Ï^^NÇ
                                                  cŞót|^^[Á^^V‘¼İğ´ˆ^^TÑ^^V...

? 
! Text line contains an invalid character.
l.6 ...SêLhB¤ğ¢È^^]øà+SßV«G}óÕ^^OÂ“Œg\ù=8Ï^^NÇcŞ
                                                  ót|^^[Á^^V‘¼İğ´ˆ^^TÑ^^VMª...

? 
! Text line contains an invalid character.
l.6 ...êLhB¤ğ¢È^^]øà+SßV«G}óÕ^^OÂ“Œg\ù=8Ï^^NÇcŞó
                                                  t|^^[Á^^V‘¼İğ´ˆ^^TÑ^^VMªÇ...

? 
! Text line contains an invalid character.
l.6 ...hB¤ğ¢È^^]øà+SßV«G}óÕ^^OÂ“Œg\ù=8Ï^^NÇcŞót
                                                  |^^[Á^^V‘¼İğ´ˆ^^TÑ^^VMªÇ:à...

? 
! Text line contains an invalid character.
l.6 ...¢È^^]øà+SßV«G}óÕ^^OÂ“Œg\ù=8Ï^^NÇcŞót|^^[
                                                  Á^^V‘¼İğ´ˆ^^TÑ^^VMªÇ:àXQ...

? 
! Text line contains an invalid character.
l.6 ...È^^]øà+SßV«G}óÕ^^OÂ“Œg\ù=8Ï^^NÇcŞót|^^[Á
                                                  ^^V‘¼İğ´ˆ^^TÑ^^VMªÇ:àXQ¯...

? 
! Text line contains an invalid character.
l.6 ...]øà+SßV«G}óÕ^^OÂ“Œg\ù=8Ï^^NÇcŞót|^^[Á^^V
                                                  ‘¼İğ´ˆ^^TÑ^^VMªÇ:àXQ¯È¨ç...

? 
! Text line contains an invalid character.
l.6 ...øà+SßV«G}óÕ^^OÂ“Œg\ù=8Ï^^NÇcŞót|^^[Á^^V‘
                                                  ¼İğ´ˆ^^TÑ^^VMªÇ:àXQ¯È¨çï...

? 
! Text line contains an invalid character.
l.6 ...à+SßV«G}óÕ^^OÂ“Œg\ù=8Ï^^NÇcŞót|^^[Á^^V‘¼
                                                  İğ´ˆ^^TÑ^^VMªÇ:àXQ¯È¨çïš...

? 
! Text line contains an invalid character.
l.6 ...+SßV«G}óÕ^^OÂ“Œg\ù=8Ï^^NÇcŞót|^^[Á^^V‘¼İ
                                                  ğ´ˆ^^TÑ^^VMªÇ:àXQ¯È¨çïšT...

? 
! Text line contains an invalid character.
l.6 ...SßV«G}óÕ^^OÂ“Œg\ù=8Ï^^NÇcŞót|^^[Á^^V‘¼İğ
                                                  ´ˆ^^TÑ^^VMªÇ:àXQ¯È¨çïšT“...

? 
! Text line contains an invalid character.
l.6 ...ßV«G}óÕ^^OÂ“Œg\ù=8Ï^^NÇcŞót|^^[Á^^V‘¼İğ´
                                                  ˆ^^TÑ^^VMªÇ:àXQ¯È¨çïšT“m...

? 
! Text line contains an invalid character.
l.6 ...V«G}óÕ^^OÂ“Œg\ù=8Ï^^NÇcŞót|^^[Á^^V‘¼İğ´ˆ
                                                  ^^TÑ^^VMªÇ:àXQ¯È¨çïšT“m^...

? 
! Text line contains an invalid character.
l.6 ...G}óÕ^^OÂ“Œg\ù=8Ï^^NÇcŞót|^^[Á^^V‘¼İğ´ˆ^^T
                                                  Ñ^^VMªÇ:àXQ¯È¨çïšT“m^^Yõ...

? 
! Text line contains an invalid character.
l.6 ...}óÕ^^OÂ“Œg\ù=8Ï^^NÇcŞót|^^[Á^^V‘¼İğ´ˆ^^TÑ
                                                  ^^VMªÇ:àXQ¯È¨çïšT“m^^YõZ...

? 
! Text line contains an invalid character.
l.6 ...^^OÂ“Œg\ù=8Ï^^NÇcŞót|^^[Á^^V‘¼İğ´ˆ^^TÑ^^V
                                                  MªÇ:àXQ¯È¨çïšT“m^^YõZ]F½...

? 
! Text line contains an invalid character.
l.6 ...OÂ“Œg\ù=8Ï^^NÇcŞót|^^[Á^^V‘¼İğ´ˆ^^TÑ^^VMª
                                                  Ç:àXQ¯È¨çïšT“m^^YõZ]F½Y•...

? 
! Text line contains an invalid character.
l.6 ...Â“Œg\ù=8Ï^^NÇcŞót|^^[Á^^V‘¼İğ´ˆ^^TÑ^^VMªÇ
                                                  :àXQ¯È¨çïšT“m^^YõZ]F½Y•Q...

? 
! Text line contains an invalid character.
l.6 ...Œg\ù=8Ï^^NÇcŞót|^^[Á^^V‘¼İğ´ˆ^^TÑ^^VMªÇ:à
                                                  XQ¯È¨çïšT“m^^YõZ]F½Y•Q^^...

? 
! Text line contains an invalid character.
l.6 ...\ù=8Ï^^NÇcŞót|^^[Á^^V‘¼İğ´ˆ^^TÑ^^VMªÇ:àX
                                                  Q¯È¨çïšT“m^^YõZ]F½Y•Q^^_¬...

? 
! Text line contains an invalid character.
l.6 ...=8Ï^^NÇcŞót|^^[Á^^V‘¼İğ´ˆ^^TÑ^^VMªÇ:àXQ
                                                  ¯È¨çïšT“m^^YõZ]F½Y•Q^^_¬šT...

? 
! Text line contains an invalid character.
l.6 ...=8Ï^^NÇcŞót|^^[Á^^V‘¼İğ´ˆ^^TÑ^^VMªÇ:àXQ¯
                                                  È¨çïšT“m^^YõZ]F½Y•Q^^_¬šT·...

? 
! Text line contains an invalid character.
l.6 ...8Ï^^NÇcŞót|^^[Á^^V‘¼İğ´ˆ^^TÑ^^VMªÇ:àXQ¯È
                                                  ¨çïšT“m^^YõZ]F½Y•Q^^_¬šT·Ú...

? 
! Text line contains an invalid character.
l.6 ...Ï^^NÇcŞót|^^[Á^^V‘¼İğ´ˆ^^TÑ^^VMªÇ:àXQ¯È¨
                                                  çïšT“m^^YõZ]F½Y•Q^^_¬šT·Ú3...

? 
! Text line contains an invalid character.
l.6 ...^^NÇcŞót|^^[Á^^V‘¼İğ´ˆ^^TÑ^^VMªÇ:àXQ¯È¨ç
                                                  ïšT“m^^YõZ]F½Y•Q^^_¬šT·Ú3ª...

? 
! Text line contains an invalid character.
l.6 ...^NÇcŞót|^^[Á^^V‘¼İğ´ˆ^^TÑ^^VMªÇ:àXQ¯È¨çï
                                                  šT“m^^YõZ]F½Y•Q^^_¬šT·Ú3ªÉ...

? 
! Text line contains an invalid character.
l.6 ...NÇcŞót|^^[Á^^V‘¼İğ´ˆ^^TÑ^^VMªÇ:àXQ¯È¨çïš
                                                  T“m^^YõZ]F½Y•Q^^_¬šT·Ú3ªÉÊ...

? 
! Text line contains an invalid character.
l.6 ...cŞót|^^[Á^^V‘¼İğ´ˆ^^TÑ^^VMªÇ:àXQ¯È¨çïšT“
                                                  m^^YõZ]F½Y•Q^^_¬šT·Ú3ªÉÊ¨å...

? 
! Text line contains an invalid character.
l.6 ...|^^[Á^^V‘¼İğ´ˆ^^TÑ^^VMªÇ:àXQ¯È¨çïšT“m^^Y
                                                  õZ]F½Y•Q^^_¬šT·Ú3ªÉÊ¨å‘_©e...

? 
! Text line contains an invalid character.
l.6 ...|^^[Á^^V‘¼İğ´ˆ^^TÑ^^VMªÇ:àXQ¯È¨çïšT“m^^Yõ
                                                  Z]F½Y•Q^^_¬šT·Ú3ªÉÊ¨å‘_©e+...

? 
! Text line contains an invalid character.
l.6 ...Á^^V‘¼İğ´ˆ^^TÑ^^VMªÇ:àXQ¯È¨çïšT“m^^YõZ]F½
                                                  Y•Q^^_¬šT·Ú3ªÉÊ¨å‘_©e+Ï©ÆÊ...

? 
! Text line contains an invalid character.
l.6 ...^V‘¼İğ´ˆ^^TÑ^^VMªÇ:àXQ¯È¨çïšT“m^^YõZ]F½Y•
                                                  Q^^_¬šT·Ú3ªÉÊ¨å‘_©e+Ï©ÆÊŒj...

? 
! Text line contains an invalid character.
l.6 ...İğ´ˆ^^TÑ^^VMªÇ:àXQ¯È¨çïšT“m^^YõZ]F½Y•Q^^_
                                                  ¬šT·Ú3ªÉÊ¨å‘_©e+Ï©ÆÊŒjHgTı...

? 
! Text line contains an invalid character.
l.6 ...ğ´ˆ^^TÑ^^VMªÇ:àXQ¯È¨çïšT“m^^YõZ]F½Y•Q^^_¬
                                                  šT·Ú3ªÉÊ¨å‘_©e+Ï©ÆÊŒjHgTıİ...

? 
! Text line contains an invalid character.
l.6 ...´ˆ^^TÑ^^VMªÇ:àXQ¯È¨çïšT“m^^YõZ]F½Y•Q^^_¬š
                                                  T·Ú3ªÉÊ¨å‘_©e+Ï©ÆÊŒjHgTıİ^...

? 
! Text line contains an invalid character.
l.6 ...^^TÑ^^VMªÇ:àXQ¯È¨çïšT“m^^YõZ]F½Y•Q^^_¬šT·
                                                  Ú3ªÉÊ¨å‘_©e+Ï©ÆÊŒjHgTıİ^^Y...

? 
! Text line contains an invalid character.
l.6 ...^TÑ^^VMªÇ:àXQ¯È¨çïšT“m^^YõZ]F½Y•Q^^_¬šT·Ú
                                                  3ªÉÊ¨å‘_©e+Ï©ÆÊŒjHgTıİ^^YU...

? 
! Text line contains an invalid character.
l.6 ...Ñ^^VMªÇ:àXQ¯È¨çïšT“m^^YõZ]F½Y•Q^^_¬šT·Ú3ª
                                                  ÉÊ¨å‘_©e+Ï©ÆÊŒjHgTıİ^^YU·z...

? 
! Text line contains an invalid character.
l.6 ...^^VMªÇ:àXQ¯È¨çïšT“m^^YõZ]F½Y•Q^^_¬šT·Ú3ªÉ
                                                  Ê¨å‘_©e+Ï©ÆÊŒjHgTıİ^^YU·zR...

? 
! Text line contains an invalid character.
l.6 ...^VMªÇ:àXQ¯È¨çïšT“m^^YõZ]F½Y•Q^^_¬šT·Ú3ªÉÊ
                                                  ¨å‘_©e+Ï©ÆÊŒjHgTıİ^^YU·zR-...

? 
! Text line contains an invalid character.
l.6 ...VMªÇ:àXQ¯È¨çïšT“m^^YõZ]F½Y•Q^^_¬šT·Ú3ªÉÊ¨
                                                  å‘_©e+Ï©ÆÊŒjHgTıİ^^YU·zR-½...

? 
! Text line contains an invalid character.
l.6 ...MªÇ:àXQ¯È¨çïšT“m^^YõZ]F½Y•Q^^_¬šT·Ú3ªÉÊ¨å
                                                  ‘_©e+Ï©ÆÊŒjHgTıİ^^YU·zR-½3...

? 
! Text line contains an invalid character.
l.6 ...ªÇ:àXQ¯È¨çïšT“m^^YõZ]F½Y•Q^^_¬šT·Ú3ªÉÊ¨å‘
                                                  _©e+Ï©ÆÊŒjHgTıİ^^YU·zR-½3£...

? 
! Text line contains an invalid character.
l.6 ...:àXQ¯È¨çïšT“m^^YõZ]F½Y•Q^^_¬šT·Ú3ªÉÊ¨å‘_©
                                                  e+Ï©ÆÊŒjHgTıİ^^YU·zR-½3£jW...

? 
! Text line contains an invalid character.
l.6 ...Q¯È¨çïšT“m^^YõZ]F½Y•Q^^_¬šT·Ú3ªÉÊ¨å‘_©e+Ï
                                                  ©ÆÊŒjHgTıİ^^YU·zR-½3£jW¿¬–...

? 
! Text line contains an invalid character.
l.6 ...Q¯È¨çïšT“m^^YõZ]F½Y•Q^^_¬šT·Ú3ªÉÊ¨å‘_©e+Ï©
                                                  ÆÊŒjHgTıİ^^YU·zR-½3£jW¿¬–´...

? 
! Text line contains an invalid character.
l.6 ...¯È¨çïšT“m^^YõZ]F½Y•Q^^_¬šT·Ú3ªÉÊ¨å‘_©e+Ï©Æ
                                                  ÊŒjHgTıİ^^YU·zR-½3£jW¿¬–´d...

? 
! Text line contains an invalid character.
l.6 ...¯È¨çïšT“m^^YõZ]F½Y•Q^^_¬šT·Ú3ªÉÊ¨å‘_©e+Ï©ÆÊ
                                                  ŒjHgTıİ^^YU·zR-½3£jW¿¬–´dT...

? 
! Text line contains an invalid character.
l.6 ...È¨çïšT“m^^YõZ]F½Y•Q^^_¬šT·Ú3ªÉÊ¨å‘_©e+Ï©ÆÊŒ
                                                  jHgTıİ^^YU·zR-½3£jW¿¬–´dTª...

? 
! Text line contains an invalid character.
l.6 ...T“m^^YõZ]F½Y•Q^^_¬šT·Ú3ªÉÊ¨å‘_©e+Ï©ÆÊŒjHgTı
                                                  İ^^YU·zR-½3£jW¿¬–´dTªbRÕ,Í...

? 
! Text line contains an invalid character.
l.6 ...“m^^YõZ]F½Y•Q^^_¬šT·Ú3ªÉÊ¨å‘_©e+Ï©ÆÊŒjHgTıİ
                                                  ^^YU·zR-½3£jW¿¬–´dTªbRÕ,Í¨...

? 
! Text line contains an invalid character.
l.6 ...^YõZ]F½Y•Q^^_¬šT·Ú3ªÉÊ¨å‘_©e+Ï©ÆÊŒjHgTıİ^^Y
                                                  U·zR-½3£jW¿¬–´dTªbRÕ,Í¨;Ö...

? 
! Text line contains an invalid character.
l.6 ...õZ]F½Y•Q^^_¬šT·Ú3ªÉÊ¨å‘_©e+Ï©ÆÊŒjHgTıİ^^YU·
                                                  zR-½3£jW¿¬–´dTªbRÕ,Í¨;ÖSÕ...

? 
! Text line contains an invalid character.
l.6 ...½Y•Q^^_¬šT·Ú3ªÉÊ¨å‘_©e+Ï©ÆÊŒjHgTıİ^^YU·zR-½
                                                  3£jW¿¬–´dTªbRÕ,Í¨;ÖSÕM^^Y...

? 
! Text line contains an invalid character.
l.6 ...•Q^^_¬šT·Ú3ªÉÊ¨å‘_©e+Ï©ÆÊŒjHgTıİ^^YU·zR-½3£
                                                  jW¿¬–´dTªbRÕ,Í¨;ÖSÕM^^YUµ1£’

? 
! Text line contains an invalid character.
l.6 ...^_¬šT·Ú3ªÉÊ¨å‘_©e+Ï©ÆÊŒjHgTıİ^^YU·zR-½3£jW¿
                                                  ¬–´dTªbRÕ,Í¨;ÖSÕM^^YUµ1£’
? 
! Text line contains an invalid character.
l.6 ..._¬šT·Ú3ªÉÊ¨å‘_©e+Ï©ÆÊŒjHgTıİ^^YU·zR-½3£jW¿¬
                                                  –´dTªbRÕ,Í¨;ÖSÕM^^YUµ1£’
? 
! Text line contains an invalid character.
l.6 ...¬šT·Ú3ªÉÊ¨å‘_©e+Ï©ÆÊŒjHgTıİ^^YU·zR-½3£jW¿¬–
                                                  ´dTªbRÕ,Í¨;ÖSÕM^^YUµ1£’
? 
! Text line contains an invalid character.
l.6 ...šT·Ú3ªÉÊ¨å‘_©e+Ï©ÆÊŒjHgTıİ^^YU·zR-½3£jW¿¬–´
                                                  dTªbRÕ,Í¨;ÖSÕM^^YUµ1£’
? 
! Text line contains an invalid character.
l.6 ...Ú3ªÉÊ¨å‘_©e+Ï©ÆÊŒjHgTıİ^^YU·zR-½3£jW¿¬–´dTª
                                                  bRÕ,Í¨;ÖSÕM^^YUµ1£’
? 
! Text line contains an invalid character.
l.6 ...ÉÊ¨å‘_©e+Ï©ÆÊŒjHgTıİ^^YU·zR-½3£jW¿¬–´dTªbRÕ
                                                  ,Í¨;ÖSÕM^^YUµ1£’
? 
! Text line contains an invalid character.
l.6 ...¨å‘_©e+Ï©ÆÊŒjHgTıİ^^YU·zR-½3£jW¿¬–´dTªbRÕ,Í
                                                  ¨;ÖSÕM^^YUµ1£’
? 
! Text line contains an invalid character.
l.6 ...å‘_©e+Ï©ÆÊŒjHgTıİ^^YU·zR-½3£jW¿¬–´dTªbRÕ,Í¨
                                                  ;ÖSÕM^^YUµ1£’
? 
! Text line contains an invalid character.
l.6 ..._©e+Ï©ÆÊŒjHgTıİ^^YU·zR-½3£jW¿¬–´dTªbRÕ,Í¨;Ö
                                                  SÕM^^YUµ1£’
? 
! Text line contains an invalid character.
l.6 ...©e+Ï©ÆÊŒjHgTıİ^^YU·zR-½3£jW¿¬–´dTªbRÕ,Í¨;Ö
                                                  SÕM^^YUµ1£’
? 
! Text line contains an invalid character.
l.6 ...+Ï©ÆÊŒjHgTıİ^^YU·zR-½3£jW¿¬–´dTªbRÕ,Í¨;ÖSÕ
                                                  M^^YUµ1£’
? 
! Text line contains an invalid character.
l.6 ...ÊŒjHgTıİ^^YU·zR-½3£jW¿¬–´dTªbRÕ,Í¨;ÖSÕM^^Y
                                                  Uµ1£’
? 
! Text line contains an invalid character.
l.6 ...jHgTıİ^^YU·zR-½3£jW¿¬–´dTªbRÕ,Í¨;ÖSÕM^^YUµ
                                                  1£’
? 
! Text line contains an invalid character.
l.6 ...gTıİ^^YU·zR-½3£jW¿¬–´dTªbRÕ,Í¨;ÖSÕM^^YUµ1£
                                                  ’
? 
! Text line contains an invalid character.
l.6 ...Tıİ^^YU·zR-½3£jW¿¬–´dTªbRÕ,Í¨;ÖSÕM^^YUµ1£’
                                                  
? 
! Text line contains an invalid character.
l.7 ^^Y
       UY›Q‰TFU^^D'Tyñeµ881^^['uY-ZÜ«ÊjŞR¥ó{ÕBÚ’’^µÀ˜Ró^^W}[Í«ŸRÅşKªÈÿ†Š'¦Ta...

? 
! Text line contains an invalid character.
l.7 ^^YUY›
          Q‰TFU^^D'Tyñeµ881^^['uY-ZÜ«ÊjŞR¥ó{ÕBÚ’’^µÀ˜Ró^^W}[Í«ŸRÅşKªÈÿ†Š'¦Ta...

? 
! Text line contains an invalid character.
l.7 ^^YUY›Q‰
            TFU^^D'Tyñeµ881^^['uY-ZÜ«ÊjŞR¥ó{ÕBÚ’’^µÀ˜Ró^^W}[Í«ŸRÅşKªÈÿ†Š'¦Ta...

? 
! Text line contains an invalid character.
l.7 ^^YUY›Q‰TFU^^D
                  'Tyñeµ881^^['uY-ZÜ«ÊjŞR¥ó{ÕBÚ’’^µÀ˜Ró^^W}[Í«ŸRÅşKªÈÿ†Š'¦Ta...

? 
! Text line contains an invalid character.
l.7 ^^YUY›Q‰TFU^^D'Tyñ
                      eµ881^^['uY-ZÜ«ÊjŞR¥ó{ÕBÚ’’^µÀ˜Ró^^W}[Í«ŸRÅşKªÈÿ†Š'¦Ta...

? 
! Text line contains an invalid character.
l.7 ^^YUY›Q‰TFU^^D'Tyñeµ
                        881^^['uY-ZÜ«ÊjŞR¥ó{ÕBÚ’’^µÀ˜Ró^^W}[Í«ŸRÅşKªÈÿ†Š'¦Ta...

? 
! Text line contains an invalid character.
l.7 ^^YUY›Q‰TFU^^D'Tyñeµ881^^[
                              'uY-ZÜ«ÊjŞR¥ó{ÕBÚ’’^µÀ˜Ró^^W}[Í«ŸRÅşKªÈÿ†Š'¦Ta...

? 
! Text line contains an invalid character.
l.7 ^^YUY›Q‰TFU^^D'Tyñeµ881^^['uY-ZÜ
                                    «ÊjŞR¥ó{ÕBÚ’’^µÀ˜Ró^^W}[Í«ŸRÅşKªÈÿ†Š'¦Ta...

? 
! Text line contains an invalid character.
l.7 ^^YUY›Q‰TFU^^D'Tyñeµ881^^['uY-ZÜ«
                                     ÊjŞR¥ó{ÕBÚ’’^µÀ˜Ró^^W}[Í«ŸRÅşKªÈÿ†Š'¦Ta...

? 
! Text line contains an invalid character.
l.7 ^^YUY›Q‰TFU^^D'Tyñeµ881^^['uY-ZÜ«Ê
                                      jŞR¥ó{ÕBÚ’’^µÀ˜Ró^^W}[Í«ŸRÅşKªÈÿ†Š'¦Ta...

? 
! Text line contains an invalid character.
l.7 ^^YUY›Q‰TFU^^D'Tyñeµ881^^['uY-ZÜ«ÊjŞ
                                        R¥ó{ÕBÚ’’^µÀ˜Ró^^W}[Í«ŸRÅşKªÈÿ†Š'¦Ta...

? 
! Text line contains an invalid character.
l.7 ^^YUY›Q‰TFU^^D'Tyñeµ881^^['uY-ZÜ«ÊjŞR¥
                                          ó{ÕBÚ’’^µÀ˜Ró^^W}[Í«ŸRÅşKªÈÿ†Š'¦Ta...

? 
! Text line contains an invalid character.
l.7 ^^YUY›Q‰TFU^^D'Tyñeµ881^^['uY-ZÜ«ÊjŞR¥ó
                                           {ÕBÚ’’^µÀ˜Ró^^W}[Í«ŸRÅşKªÈÿ†Š'¦Ta...

? 
>> -Z.j.R+S.M.U1UY.Q.TFU'Ty.e881'uY
! Isolated expression.
<to be read again> 
                   {
l.7 ^^YUY›Q‰TFU^^D'Tyñeµ881^^['uY-ZÜ«ÊjŞR¥ó{
                                            ÕBÚ’’^µÀ˜Ró^^W}[Í«ŸRÅşKªÈÿ†Š'¦Ta...

? 
! Extra tokens will be flushed.
<to be read again> 
                   {
l.7 ^^YUY›Q‰TFU^^D'Tyñeµ881^^['uY-ZÜ«ÊjŞR¥ó{
                                            ÕBÚ’’^µÀ˜Ró^^W}[Í«ŸRÅşKªÈÿ†Š'¦Ta...

? 
! Text line contains an invalid character.
l.7 ^^YUY›Q‰TFU^^D'Tyñeµ881^^['uY-ZÜ«ÊjŞR¥ó{Õ
                                             BÚ’’^µÀ˜Ró^^W}[Í«ŸRÅşKªÈÿ†Š'¦Ta...

? 
! Text line contains an invalid character.
l.7 ^^YUY›Q‰TFU^^D'Tyñeµ881^^['uY-ZÜ«ÊjŞR¥ó{ÕBÚ
                                               ’’^µÀ˜Ró^^W}[Í«ŸRÅşKªÈÿ†Š'¦Ta...

? 
! Text line contains an invalid character.
l.7 ^^YUY›Q‰TFU^^D'Tyñeµ881^^['uY-ZÜ«ÊjŞR¥ó{ÕBÚ’
                                                ’^µÀ˜Ró^^W}[Í«ŸRÅşKªÈÿ†Š'¦Ta...

? 
! Text line contains an invalid character.
l.7 ^^YUY›Q‰TFU^^D'Tyñeµ881^^['uY-ZÜ«ÊjŞR¥ó{ÕBÚ’’
                                                 ^µÀ˜Ró^^W}[Í«ŸRÅşKªÈÿ†Š'¦Ta...

? 
! Text line contains an invalid character.
l.7 ...Y›Q‰TFU^^D'Tyñeµ881^^['uY-ZÜ«ÊjŞR¥ó{ÕBÚ’’^µ
                                                  À˜Ró^^W}[Í«ŸRÅşKªÈÿ†Š'¦Taş...

? 
! Text line contains an invalid character.
l.7 ...›Q‰TFU^^D'Tyñeµ881^^['uY-ZÜ«ÊjŞR¥ó{ÕBÚ’’^µÀ
                                                  ˜Ró^^W}[Í«ŸRÅşKªÈÿ†Š'¦Taş”...

? 
! Text line contains an invalid character.
l.7 ...Q‰TFU^^D'Tyñeµ881^^['uY-ZÜ«ÊjŞR¥ó{ÕBÚ’’^µÀ˜
                                                  Ró^^W}[Í«ŸRÅşKªÈÿ†Š'¦Taş”*...

? 
! Text line contains an invalid character.
l.7 ...TFU^^D'Tyñeµ881^^['uY-ZÜ«ÊjŞR¥ó{ÕBÚ’’^µÀ˜Ró
                                                  ^^W}[Í«ŸRÅşKªÈÿ†Š'¦Taş”*èÚ...

? 
! Text line contains an invalid character.
l.7 ...^^D'Tyñeµ881^^['uY-ZÜ«ÊjŞR¥ó{ÕBÚ’’^µÀ˜Ró^^W
                                                  }[Í«ŸRÅşKªÈÿ†Š'¦Taş”*èÚ¦b...

? 
! Text line contains an invalid character.
l.7 ...'Tyñeµ881^^['uY-ZÜ«ÊjŞR¥ó{ÕBÚ’’^µÀ˜Ró^^W}[Í
                                                  «ŸRÅşKªÈÿ†Š'¦Taş”*èÚ¦bÛT´...

? 
! Text line contains an invalid character.
l.7 ...Tyñeµ881^^['uY-ZÜ«ÊjŞR¥ó{ÕBÚ’’^µÀ˜Ró^^W}[Í«
                                                  ŸRÅşKªÈÿ†Š'¦Taş”*èÚ¦bÛT´²...

? 
! Text line contains an invalid character.
l.7 ...yñeµ881^^['uY-ZÜ«ÊjŞR¥ó{ÕBÚ’’^µÀ˜Ró^^W}[Í«Ÿ
                                                  RÅşKªÈÿ†Š'¦Taş”*èÚ¦bÛT´²W...

? 
! Text line contains an invalid character.
l.7 ...eµ881^^['uY-ZÜ«ÊjŞR¥ó{ÕBÚ’’^µÀ˜Ró^^W}[Í«ŸRÅ
                                                  şKªÈÿ†Š'¦Taş”*èÚ¦bÛT´²WE–...

? 
! Text line contains an invalid character.
l.7 ...µ881^^['uY-ZÜ«ÊjŞR¥ó{ÕBÚ’’^µÀ˜Ró^^W}[Í«ŸRÅş
                                                  KªÈÿ†Š'¦Taş”*èÚ¦bÛT´²WE–<...

? 
! Text line contains an invalid character.
l.7 ...81^^['uY-ZÜ«ÊjŞR¥ó{ÕBÚ’’^µÀ˜Ró^^W}[Í«ŸRÅşKª
                                                  Èÿ†Š'¦Taş”*èÚ¦bÛT´²WE–<¨¬...

? 
! Text line contains an invalid character.
l.7 ...1^^['uY-ZÜ«ÊjŞR¥ó{ÕBÚ’’^µÀ˜Ró^^W}[Í«ŸRÅşKªÈ
                                                  ÿ†Š'¦Taş”*èÚ¦bÛT´²WE–<¨¬ê...

? 
! Text line contains an invalid character.
l.7 ...^^['uY-ZÜ«ÊjŞR¥ó{ÕBÚ’’^µÀ˜Ró^^W}[Í«ŸRÅşKªÈÿ
                                                  †Š'¦Taş”*èÚ¦bÛT´²WE–<¨¬ê^...

? 
! Text line contains an invalid character.
l.7 ...^['uY-ZÜ«ÊjŞR¥ó{ÕBÚ’’^µÀ˜Ró^^W}[Í«ŸRÅşKªÈÿ†
                                                  Š'¦Taş”*èÚ¦bÛT´²WE–<¨¬ê^^...

? 
! Text line contains an invalid character.
l.7 ...['uY-ZÜ«ÊjŞR¥ó{ÕBÚ’’^µÀ˜Ró^^W}[Í«ŸRÅşKªÈÿ†Š
                                                  '¦Taş”*èÚ¦bÛT´²WE–<¨¬ê^^G...

? 
! Text line contains an invalid character.
l.7 ...uY-ZÜ«ÊjŞR¥ó{ÕBÚ’’^µÀ˜Ró^^W}[Í«ŸRÅşKªÈÿ†Š'¦
                                                  Taş”*èÚ¦bÛT´²WE–<¨¬ê^^GU¸...

? 
! Text line contains an invalid character.
l.7 ...ZÜ«ÊjŞR¥ó{ÕBÚ’’^µÀ˜Ró^^W}[Í«ŸRÅşKªÈÿ†Š'¦Taş
                                                  ”*èÚ¦bÛT´²WE–<¨¬ê^^GU¸`›2...

? 
! Text line contains an invalid character.
l.7 ...Ü«ÊjŞR¥ó{ÕBÚ’’^µÀ˜Ró^^W}[Í«ŸRÅşKªÈÿ†Š'¦Taş”
                                                  *èÚ¦bÛT´²WE–<¨¬ê^^GU¸`›2ã...

? 
! Text line contains an invalid character.
l.7 ...ÊjŞR¥ó{ÕBÚ’’^µÀ˜Ró^^W}[Í«ŸRÅşKªÈÿ†Š'¦Taş”*è
                                                  Ú¦bÛT´²WE–<¨¬ê^^GU¸`›2ã½*...

? 
! Text line contains an invalid character.
l.7 ...jŞR¥ó{ÕBÚ’’^µÀ˜Ró^^W}[Í«ŸRÅşKªÈÿ†Š'¦Taş”*èÚ
                                                  ¦bÛT´²WE–<¨¬ê^^GU¸`›2ã½*d...

? 
! Text line contains an invalid character.
l.7 ...ŞR¥ó{ÕBÚ’’^µÀ˜Ró^^W}[Í«ŸRÅşKªÈÿ†Š'¦Taş”*èÚ¦
                                                  bÛT´²WE–<¨¬ê^^GU¸`›2ã½*d...

? 
! Text line contains an invalid character.
l.7 ...¥ó{ÕBÚ’’^µÀ˜Ró^^W}[Í«ŸRÅşKªÈÿ†Š'¦Taş”*èÚ¦b
                                                  ÛT´²WE–<¨¬ê^^GU¸`›2ã½*dTF]¯
? 
! Text line contains an invalid character.
l.7 ...ó{ÕBÚ’’^µÀ˜Ró^^W}[Í«ŸRÅşKªÈÿ†Š'¦Taş”*èÚ¦bÛ
                                                  T´²WE–<¨¬ê^^GU¸`›2ã½*dTF]¯
? 
! Text line contains an invalid character.
l.7 ...ÕBÚ’’^µÀ˜Ró^^W}[Í«ŸRÅşKªÈÿ†Š'¦Taş”*èÚ¦bÛT´
                                                  ²WE–<¨¬ê^^GU¸`›2ã½*dTF]¯
? 
! Text line contains an invalid character.
l.7 ...BÚ’’^µÀ˜Ró^^W}[Í«ŸRÅşKªÈÿ†Š'¦Taş”*èÚ¦bÛT´²
                                                  WE–<¨¬ê^^GU¸`›2ã½*dTF]¯
? 
! Text line contains an invalid character.
l.7 ...’^µÀ˜Ró^^W}[Í«ŸRÅşKªÈÿ†Š'¦Taş”*èÚ¦bÛT´²WE–
                                                  <¨¬ê^^GU¸`›2ã½*dTF]¯
? 
! Text line contains an invalid character.
l.7 ...µÀ˜Ró^^W}[Í«ŸRÅşKªÈÿ†Š'¦Taş”*èÚ¦bÛT´²WE–<¨
                                                  ¬ê^^GU¸`›2ã½*dTF]¯
? 
! Text line contains an invalid character.
l.7 ...À˜Ró^^W}[Í«ŸRÅşKªÈÿ†Š'¦Taş”*èÚ¦bÛT´²WE–<¨¬
                                                  ê^^GU¸`›2ã½*dTF]¯
? 
! Text line contains an invalid character.
l.7 ...˜Ró^^W}[Í«ŸRÅşKªÈÿ†Š'¦Taş”*èÚ¦bÛT´²WE–<¨¬ê
                                                  ^^GU¸`›2ã½*dTF]¯
? 
! Text line contains an invalid character.
l.7 ...^^W}[Í«ŸRÅşKªÈÿ†Š'¦Taş”*èÚ¦bÛT´²WE–<¨¬ê^^G
                                                  U¸`›2ã½*dTF]¯
? 
! Text line contains an invalid character.
l.7 ...W}[Í«ŸRÅşKªÈÿ†Š'¦Taş”*èÚ¦bÛT´²WE–<¨¬ê^^GU¸
                                                  `›2ã½*dTF]¯
? 
! Text line contains an invalid character.
l.7 ...[Í«ŸRÅşKªÈÿ†Š'¦Taş”*èÚ¦bÛT´²WE–<¨¬ê^^GU¸`›
                                                  2ã½*dTF]¯
? 
! Text line contains an invalid character.
l.7 ...«ŸRÅşKªÈÿ†Š'¦Taş”*èÚ¦bÛT´²WE–<¨¬ê^^GU¸`›2ã
                                                  ½*dTF]¯
? 
! Text line contains an invalid character.
l.7 ...ŸRÅşKªÈÿ†Š'¦Taş”*èÚ¦bÛT´²WE–<¨¬ê^^GU¸`›2ã½
                                                  *dTF]¯
? 
! Text line contains an invalid character.
l.7 ...şKªÈÿ†Š'¦Taş”*èÚ¦bÛT´²WE–<¨¬ê^^GU¸`›2ã½*d
                                                  TF]¯
? 
! Text line contains an invalid character.
l.7 ...ÿ†Š'¦Taş”*èÚ¦bÛT´²WE–<¨¬ê^^GU¸`›2ã½*dTF]¯
                                                  
? 
! Text line contains an invalid character.
l.8 .lW
        5íÊ_Ú®òËº•o^»Ê[PjS^^B»^^?÷rtA¾ö_2£ä›üLy^^OùFJòŸ“ü±k’ÿÑyñG·Š?yEü»R...

? 
! Text line contains an invalid character.
l.8 .lW5í
          Ê_Ú®òËº•o^»Ê[PjS^^B»^^?÷rtA¾ö_2£ä›üLy^^OùFJòŸ“ü±k’ÿÑyñG·Š?yEü»R...

? 
! Text line contains an invalid character.
l.8 .lW5íÊ
           _Ú®òËº•o^»Ê[PjS^^B»^^?÷rtA¾ö_2£ä›üLy^^OùFJòŸ“ü±k’ÿÑyñG·Š?yEü»R...

? 
! Text line contains an invalid character.
l.8 .lW5íÊ_Ú
             ®òËº•o^»Ê[PjS^^B»^^?÷rtA¾ö_2£ä›üLy^^OùFJòŸ“ü±k’ÿÑyñG·Š?yEü»R...

? 
! Text line contains an invalid character.
l.8 .lW5íÊ_Ú®
              òËº•o^»Ê[PjS^^B»^^?÷rtA¾ö_2£ä›üLy^^OùFJòŸ“ü±k’ÿÑyñG·Š?yEü»R...

? 
! Text line contains an invalid character.
l.8 .lW5íÊ_Ú®ò
               Ëº•o^»Ê[PjS^^B»^^?÷rtA¾ö_2£ä›üLy^^OùFJòŸ“ü±k’ÿÑyñG·Š?yEü»R...

? 
! Text line contains an invalid character.
l.8 .lW5íÊ_Ú®òË
                º•o^»Ê[PjS^^B»^^?÷rtA¾ö_2£ä›üLy^^OùFJòŸ“ü±k’ÿÑyñG·Š?yEü»R...

? 
! Text line contains an invalid character.
l.8 .lW5íÊ_Ú®òËº
                 •o^»Ê[PjS^^B»^^?÷rtA¾ö_2£ä›üLy^^OùFJòŸ“ü±k’ÿÑyñG·Š?yEü»R...

? 
! Text line contains an invalid character.
l.8 .lW5íÊ_Ú®òËº•
                  o^»Ê[PjS^^B»^^?÷rtA¾ö_2£ä›üLy^^OùFJòŸ“ü±k’ÿÑyñG·Š?yEü»R...

? 
! Text line contains an invalid character.
l.8 .lW5íÊ_Ú®òËº•o^»
                     Ê[PjS^^B»^^?÷rtA¾ö_2£ä›üLy^^OùFJòŸ“ü±k’ÿÑyñG·Š?yEü»R...

? 
! Text line contains an invalid character.
l.8 .lW5íÊ_Ú®òËº•o^»Ê
                      [PjS^^B»^^?÷rtA¾ö_2£ä›üLy^^OùFJòŸ“ü±k’ÿÑyñG·Š?yEü»R...

? 
! Text line contains an invalid character.
l.8 .lW5íÊ_Ú®òËº•o^»Ê[
                        PjS^^B»^^?÷rtA¾ö_2£ä›üLy^^OùFJòŸ“ü±k’ÿÑyñG·Š?yEü»R...

? 
! Text line contains an invalid character.
l.8 .lW5íÊ_Ú®òËº•o^»Ê[PjS^^B
                              »^^?÷rtA¾ö_2£ä›üLy^^OùFJòŸ“ü±k’ÿÑyñG·Š?yEü»R...

? 
! Text line contains an invalid character.
l.8 .lW5íÊ_Ú®òËº•o^»Ê[PjS^^B»
                               ^^?÷rtA¾ö_2£ä›üLy^^OùFJòŸ“ü±k’ÿÑyñG·Š?yEü»R...

? 
! Text line contains an invalid character.
l.8 .lW5íÊ_Ú®òËº•o^»Ê[PjS^^B»^^?
                                  ÷rtA¾ö_2£ä›üLy^^OùFJòŸ“ü±k’ÿÑyñG·Š?yEü»R...

? 
! Text line contains an invalid character.
l.8 .lW5íÊ_Ú®òËº•o^»Ê[PjS^^B»^^?÷
                                   rtA¾ö_2£ä›üLy^^OùFJòŸ“ü±k’ÿÑyñG·Š?yEü»R...

? 
! Text line contains an invalid character.
l.8 .lW5íÊ_Ú®òËº•o^»Ê[PjS^^B»^^?÷rtA¾
                                       ö_2£ä›üLy^^OùFJòŸ“ü±k’ÿÑyñG·Š?yEü»R...

? 
! Text line contains an invalid character.
l.8 .lW5íÊ_Ú®òËº•o^»Ê[PjS^^B»^^?÷rtA¾ö
                                        _2£ä›üLy^^OùFJòŸ“ü±k’ÿÑyñG·Š?yEü»R...

? 
! Text line contains an invalid character.
l.8 .lW5íÊ_Ú®òËº•o^»Ê[PjS^^B»^^?÷rtA¾ö_2£
                                           ä›üLy^^OùFJòŸ“ü±k’ÿÑyñG·Š?yEü»R...

? 
! Text line contains an invalid character.
l.8 .lW5íÊ_Ú®òËº•o^»Ê[PjS^^B»^^?÷rtA¾ö_2£ä
                                            ›üLy^^OùFJòŸ“ü±k’ÿÑyñG·Š?yEü»R...

? 
! Text line contains an invalid character.
l.8 .lW5íÊ_Ú®òËº•o^»Ê[PjS^^B»^^?÷rtA¾ö_2£ä›
                                             üLy^^OùFJòŸ“ü±k’ÿÑyñG·Š?yEü»R...

? 
! Text line contains an invalid character.
l.8 .lW5íÊ_Ú®òËº•o^»Ê[PjS^^B»^^?÷rtA¾ö_2£ä›ü
                                              Ly^^OùFJòŸ“ü±k’ÿÑyñG·Š?yEü»R...

? 
! Text line contains an invalid character.
l.8 .lW5íÊ_Ú®òËº•o^»Ê[PjS^^B»^^?÷rtA¾ö_2£ä›ü
                                               Ly^^OùFJòŸ“ü±k’ÿÑyñG·Š?yEü»R...

? 
! Text line contains an invalid character.
l.8 ...íÊ_Ú®òËº•o^»Ê[PjS^^B»^^?÷rtA¾ö_2£ä›üLy^^O
                                                  ùFJòŸ“ü±k’ÿÑyñG·Š?yEü»Râ?...

? 
! Text line contains an invalid character.
l.8 ...Ê_Ú®òËº•o^»Ê[PjS^^B»^^?÷rtA¾ö_2£ä›üLy^^Où
                                                  FJòŸ“ü±k’ÿÑyñG·Š?yEü»Râ?M...

? 
! Text line contains an invalid character.
l.8 ...®òËº•o^»Ê[PjS^^B»^^?÷rtA¾ö_2£ä›üLy^^OùFJò
                                                  Ÿ“ü±k’ÿÑyñG·Š?yEü»Râ?Mû6^...

? 
! Text line contains an invalid character.
l.8 ...òËº•o^»Ê[PjS^^B»^^?÷rtA¾ö_2£ä›üLy^^OùFJò
                                                  Ÿ“ü±k’ÿÑyñG·Š?yEü»Râ?Mû6^^...

? 
! Text line contains an invalid character.
l.8 ...Ëº•o^»Ê[PjS^^B»^^?÷rtA¾ö_2£ä›üLy^^OùFJòŸ
                                                  “ü±k’ÿÑyñG·Š?yEü»Râ?Mû6^^E...

? 
! Text line contains an invalid character.
l.8 ...º•o^»Ê[PjS^^B»^^?÷rtA¾ö_2£ä›üLy^^OùFJòŸ“
                                                  ü±k’ÿÑyñG·Š?yEü»Râ?Mû6^^Eù...

? 
! Text line contains an invalid character.
l.8 ...•o^»Ê[PjS^^B»^^?÷rtA¾ö_2£ä›üLy^^OùFJòŸ“ü
                                                  ±k’ÿÑyñG·Š?yEü»Râ?Mû6^^Eù¾...

? 
! Text line contains an invalid character.
l.8 ...o^»Ê[PjS^^B»^^?÷rtA¾ö_2£ä›üLy^^OùFJòŸ“ü±
                                                  k’ÿÑyñG·Š?yEü»Râ?Mû6^^Eù¾-...

? 
! Text line contains an invalid character.
l.8 ...»Ê[PjS^^B»^^?÷rtA¾ö_2£ä›üLy^^OùFJòŸ“ü±k’
                                                  ÿÑyñG·Š?yEü»Râ?Mû6^^Eù¾-^^...

? 
! Text line contains an invalid character.
l.8 ...Ê[PjS^^B»^^?÷rtA¾ö_2£ä›üLy^^OùFJòŸ“ü±k’ÿ
                                                  ÑyñG·Š?yEü»Râ?Mû6^^Eù¾-^^A...

? 
! Text line contains an invalid character.
l.8 ...[PjS^^B»^^?÷rtA¾ö_2£ä›üLy^^OùFJòŸ“ü±k’ÿÑ
                                                  yñG·Š?yEü»Râ?Mû6^^Eù¾-^^Ak...

? 
! Text line contains an invalid character.
l.8 ...PjS^^B»^^?÷rtA¾ö_2£ä›üLy^^OùFJòŸ“ü±k’ÿÑyñ
                                                  G·Š?yEü»Râ?Mû6^^Eù¾-^^Ak^...

? 
! Text line contains an invalid character.
l.8 ...S^^B»^^?÷rtA¾ö_2£ä›üLy^^OùFJòŸ“ü±k’ÿÑyñG·
                                                  Š?yEü»Râ?Mû6^^Eù¾-^^Ak^^D...

? 
! Text line contains an invalid character.
l.8 ...^^B»^^?÷rtA¾ö_2£ä›üLy^^OùFJòŸ“ü±k’ÿÑyñG·Š
                                                  ?yEü»Râ?Mû6^^Eù¾-^^Ak^^Dª...

? 
! Text line contains an invalid character.
l.8 ...^^?÷rtA¾ö_2£ä›üLy^^OùFJòŸ“ü±k’ÿÑyñG·Š?yEü
                                                  »Râ?Mû6^^Eù¾-^^Ak^^Dª¯I !...

? 
! Text line contains an invalid character.
l.8 ...^?÷rtA¾ö_2£ä›üLy^^OùFJòŸ“ü±k’ÿÑyñG·Š?yEü»
                                                  Râ?Mû6^^Eù¾-^^Ak^^Dª¯I !"...

? 
! Text line contains an invalid character.
l.8 ...÷rtA¾ö_2£ä›üLy^^OùFJòŸ“ü±k’ÿÑyñG·Š?yEü»Râ
                                                  ?Mû6^^Eù¾-^^Ak^^Dª¯I !"ô...

? 
! Text line contains an invalid character.
l.8 ...A¾ö_2£ä›üLy^^OùFJòŸ“ü±k’ÿÑyñG·Š?yEü»Râ?Mû
                                                  6^^Eù¾-^^Ak^^Dª¯I !"ôY	¼...

? 
! Text line contains an invalid character.
l.8 ...2£ä›üLy^^OùFJòŸ“ü±k’ÿÑyñG·Š?yEü»Râ?Mû6^^E
                                                  ù¾-^^Ak^^Dª¯I !"ôY	¼Ó.A³...

? 
! Text line contains an invalid character.
l.8 ...£ä›üLy^^OùFJòŸ“ü±k’ÿÑyñG·Š?yEü»Râ?Mû6^^Eù
                                                  ¾-^^Ak^^Dª¯I !"ôY	¼Ó.A³Y...

? 
! Text line contains an invalid character.
l.8 ...ä›üLy^^OùFJòŸ“ü±k’ÿÑyñG·Š?yEü»Râ?Mû6^^Eù¾
                                                  -^^Ak^^Dª¯I !"ôY	¼Ó.A³Y‚...

? 
! Text line contains an invalid character.
l.8 ...Ly^^OùFJòŸ“ü±k’ÿÑyñG·Š?yEü»Râ?Mû6^^Eù¾-^^A
                                                  k^^Dª¯I !"ôY	¼Ó.A³Y‚ñ~	2...

? 
! Text line contains an invalid character.
l.8 ...^^OùFJòŸ“ü±k’ÿÑyñG·Š?yEü»Râ?Mû6^^Eù¾-^^Ak
                                                  ^^Dª¯I !"ôY	¼Ó.A³Y‚ñ~	2>¸...

? 
! Text line contains an invalid character.
l.8 ...ùFJòŸ“ü±k’ÿÑyñG·Š?yEü»Râ?Mû6^^Eù¾-^^Ak^^D
                                                  ª¯I !"ôY	¼Ó.A³Y‚ñ~	2>¸å’^...

? 
! Text line contains an invalid character.
l.8 ...FJòŸ“ü±k’ÿÑyñG·Š?yEü»Râ?Mû6^^Eù¾-^^Ak^^Dª
                                                  ¯I !"ôY	¼Ó.A³Y‚ñ~	2>¸å’^^...

? 
! Text line contains an invalid character.
l.8 ...JòŸ“ü±k’ÿÑyñG·Š?yEü»Râ?Mû6^^Eù¾-^^Ak^^Dª¯
                                                  I !"ôY	¼Ó.A³Y‚ñ~	2>¸å’^^D...

? 
! Text line contains an invalid character.
l.8 ...Ÿ“ü±k’ÿÑyñG·Š?yEü»Râ?Mû6^^Eù¾-^^Ak^^Dª¯I 
                                                  !"ôY	¼Ó.A³Y‚ñ~	2>¸å’^^D^^...

? 
! Text line contains an invalid character.
l.8 ...1ï¾WLøMøÍş~1^^?Î»^^O^^@^^ZÂR	Ã^^]~–gxÂÿ¾"Ö
                                                  ¦‹báƒ54.ÖÓ#b½Û'Ö{#^^RÙş‰Dş...

? 
! Text line contains an invalid character.
l.8 ...ï¾WLøMøÍş~1^^?Î»^^O^^@^^ZÂR	Ã^^]~–gxÂÿ¾"Ö¦
                                                  ‹báƒ54.ÖÓ#b½Û'Ö{#^^RÙş‰Dşº...

? 
! Text line contains an invalid character.
l.8 ...¾WLøMøÍş~1^^?Î»^^O^^@^^ZÂR	Ã^^]~–gxÂÿ¾"Ö¦‹
                                                  báƒ54.ÖÓ#b½Û'Ö{#^^RÙş‰DşºP...

? 
! Text line contains an invalid character.
l.8 ...LøMøÍş~1^^?Î»^^O^^@^^ZÂR	Ã^^]~–gxÂÿ¾"Ö¦‹bá
                                                  ƒ54.ÖÓ#b½Û'Ö{#^^RÙş‰DşºP¢ğ...

? 
! Text line contains an invalid character.
l.8 ...øMøÍş~1^^?Î»^^O^^@^^ZÂR	Ã^^]~–gxÂÿ¾"Ö¦‹báƒ
                                                  54.ÖÓ#b½Û'Ö{#^^RÙş‰DşºP¢ğG...

? 
! Text line contains an invalid character.
l.8 ...ş~1^^?Î»^^O^^@^^ZÂR	Ã^^]~–gxÂÿ¾"Ö¦‹báƒ54.Ö
                                                  Ó#b½Û'Ö{#^^RÙş‰DşºP¢ğG›R^^...

? 
! Text line contains an invalid character.
l.8 ...~1^^?Î»^^O^^@^^ZÂR	Ã^^]~–gxÂÿ¾"Ö¦‹báƒ54.ÖÓ
                                                  #b½Û'Ö{#^^RÙş‰DşºP¢ğG›R^^R...

? 
! Text line contains an invalid character.
l.8 ...^?Î»^^O^^@^^ZÂR	Ã^^]~–gxÂÿ¾"Ö¦‹báƒ54.ÖÓ#b½
                                                  Û'Ö{#^^RÙş‰DşºP¢ğG›R^^R½À3...

? 
! Text line contains an invalid character.
l.8 ...?Î»^^O^^@^^ZÂR	Ã^^]~–gxÂÿ¾"Ö¦‹báƒ54.ÖÓ#b½Û
                                                  'Ö{#^^RÙş‰DşºP¢ğG›R^^R½À3<...

? 
! Text line contains an invalid character.
l.8 ...»^^O^^@^^ZÂR	Ã^^]~–gxÂÿ¾"Ö¦‹báƒ54.ÖÓ#b½Û'Ö
                                                  {#^^RÙş‰DşºP¢ğG›R^^R½À3<±:...

? 
! Text line contains an invalid character.
l.8 ...^@^^ZÂR	Ã^^]~–gxÂÿ¾"Ö¦‹báƒ54.ÖÓ#b½Û'Ö{#^^R
                                                  Ùş‰DşºP¢ğG›R^^R½À3<±:^^Rúb...

? 
! Text line contains an invalid character.
l.8 ...@^^ZÂR	Ã^^]~–gxÂÿ¾"Ö¦‹báƒ54.ÖÓ#b½Û'Ö{#^^RÙ
                                                  ş‰DşºP¢ğG›R^^R½À3<±:^^RúbŠ...

? 
! Text line contains an invalid character.
l.8 ...^^ZÂR	Ã^^]~–gxÂÿ¾"Ö¦‹báƒ54.ÖÓ#b½Û'Ö{#^^RÙş
                                                  ‰DşºP¢ğG›R^^R½À3<±:^^RúbŠ=...

? 
! Text line contains an invalid character.
l.8 ...^ZÂR	Ã^^]~–gxÂÿ¾"Ö¦‹báƒ54.ÖÓ#b½Û'Ö{#^^RÙş‰
                                                  DşºP¢ğG›R^^R½À3<±:^^RúbŠ=B...

? 
! Text line contains an invalid character.
l.8 ...ÂR	Ã^^]~–gxÂÿ¾"Ö¦‹báƒ54.ÖÓ#b½Û'Ö{#^^RÙş‰Dş
                                                  ºP¢ğG›R^^R½À3<±:^^RúbŠ=B¤à...

? 
! Text line contains an invalid character.
l.8 ...R	Ã^^]~–gxÂÿ¾"Ö¦‹báƒ54.ÖÓ#b½Û'Ö{#^^RÙş‰Dşº
                                                  P¢ğG›R^^R½À3<±:^^RúbŠ=B¤à÷...

? 
! Text line contains an invalid character.
l.8 ...	Ã^^]~–gxÂÿ¾"Ö¦‹báƒ54.ÖÓ#b½Û'Ö{#^^RÙş‰DşºP¢
                                                  ğG›R^^R½À3<±:^^RúbŠ=B¤à÷^^...

? 
! Text line contains an invalid character.
l.8 ...Ã^^]~–gxÂÿ¾"Ö¦‹báƒ54.ÖÓ#b½Û'Ö{#^^RÙş‰DşºP¢ğ
                                                  G›R^^R½À3<±:^^RúbŠ=B¤à÷^^W...

? 
! Text line contains an invalid character.
l.8 ...^]~–gxÂÿ¾"Ö¦‹báƒ54.ÖÓ#b½Û'Ö{#^^RÙş‰DşºP¢ğG›
                                                  R^^R½À3<±:^^RúbŠ=B¤à÷^^WİX...

? 
! Text line contains an invalid character.
l.8 ...gxÂÿ¾"Ö¦‹báƒ54.ÖÓ#b½Û'Ö{#^^RÙş‰DşºP¢ğG›R^^R
                                                  ½À3<±:^^RúbŠ=B¤à÷^^WİXåıù3...

? 
! Text line contains an invalid character.
l.8 ...xÂÿ¾"Ö¦‹báƒ54.ÖÓ#b½Û'Ö{#^^RÙş‰DşºP¢ğG›R^^R½
                                                  À3<±:^^RúbŠ=B¤à÷^^WİXåıù3É...

? 
! Text line contains an invalid character.
l.8 ...Âÿ¾"Ö¦‹báƒ54.ÖÓ#b½Û'Ö{#^^RÙş‰DşºP¢ğG›R^^R½À
                                                  3<±:^^RúbŠ=B¤à÷^^WİXåıù3É^...

? 
! Text line contains an invalid character.
l.8 ..."Ö¦‹báƒ54.ÖÓ#b½Û'Ö{#^^RÙş‰DşºP¢ğG›R^^R½À3<±
                                                  :^^RúbŠ=B¤à÷^^WİXåıù3É^^?i...

? 
! Text line contains an invalid character.
l.8 ...báƒ54.ÖÓ#b½Û'Ö{#^^RÙş‰DşºP¢ğG›R^^R½À3<±:^^R
                                                  úbŠ=B¤à÷^^WİXåıù3É^^?i«^^D...

? 
! Text line contains an invalid character.
l.8 ...áƒ54.ÖÓ#b½Û'Ö{#^^RÙş‰DşºP¢ğG›R^^R½À3<±:^^Rú
                                                  bŠ=B¤à÷^^WİXåıù3É^^?i«^^DĞ...

? 
! Text line contains an invalid character.
l.8 ...54.ÖÓ#b½Û'Ö{#^^RÙş‰DşºP¢ğG›R^^R½À3<±:^^RúbŠ
                                                  =B¤à÷^^WİXåıù3É^^?i«^^DĞ^^...

? 
! Text line contains an invalid character.
l.8 ...ÖÓ#b½Û'Ö{#^^RÙş‰DşºP¢ğG›R^^R½À3<±:^^RúbŠ=B¤
                                                  à÷^^WİXåıù3É^^?i«^^DĞ^^S$&...

? 
! Text line contains an invalid character.
l.8 ...Ó#b½Û'Ö{#^^RÙş‰DşºP¢ğG›R^^R½À3<±:^^RúbŠ=B¤à
                                                  ÷^^WİXåıù3É^^?i«^^DĞ^^S$&Æ...

? 
! Text line contains an invalid character.
l.8 ...#b½Û'Ö{#^^RÙş‰DşºP¢ğG›R^^R½À3<±:^^RúbŠ=B¤à÷
                                                  ^^WİXåıù3É^^?i«^^DĞ^^S$&Æ¢...

? 
! Text line contains an invalid character.
l.8 ...Û'Ö{#^^RÙş‰DşºP¢ğG›R^^R½À3<±:^^RúbŠ=B¤à÷^^W
                                                  İXåıù3É^^?i«^^DĞ^^S$&Æ¢ób<...

? 
! Text line contains an invalid character.
l.8 ...'Ö{#^^RÙş‰DşºP¢ğG›R^^R½À3<±:^^RúbŠ=B¤à÷^^Wİ
                                                  Xåıù3É^^?i«^^DĞ^^S$&Æ¢ób<Õ...

? 
! Text line contains an invalid character.
l.8 ...{#^^RÙş‰DşºP¢ğG›R^^R½À3<±:^^RúbŠ=B¤à÷^^WİXå
                                                  ıù3É^^?i«^^DĞ^^S$&Æ¢ób<Õ'!...

? 
! Text line contains an invalid character.
l.8 ...#^^RÙş‰DşºP¢ğG›R^^R½À3<±:^^RúbŠ=B¤à÷^^WİXåı
                                                  ù3É^^?i«^^DĞ^^S$&Æ¢ób<Õ'!æ...

? 
! Text line contains an invalid character.
l.8 ...^^RÙş‰DşºP¢ğG›R^^R½À3<±:^^RúbŠ=B¤à÷^^WİXåıù
                                                  3É^^?i«^^DĞ^^S$&Æ¢ób<Õ'!æ›...

? 
! Text line contains an invalid character.
l.8 ...RÙş‰DşºP¢ğG›R^^R½À3<±:^^RúbŠ=B¤à÷^^WİXåıù3É
                                                  ^^?i«^^DĞ^^S$&Æ¢ób<Õ'!æ›/ã...

? 
! Text line contains an invalid character.
l.8 ...‰DşºP¢ğG›R^^R½À3<±:^^RúbŠ=B¤à÷^^WİXåıù3É^^?
                                                  i«^^DĞ^^S$&Æ¢ób<Õ'!æ›/ã^^C...

? 
! Text line contains an invalid character.
l.8 ...şºP¢ğG›R^^R½À3<±:^^RúbŠ=B¤à÷^^WİXåıù3É^^?i«
                                                  ^^DĞ^^S$&Æ¢ób<Õ'!æ›/ã^^C1	...

? 
! Text line contains an invalid character.
l.8 ...¢ğG›R^^R½À3<±:^^RúbŠ=B¤à÷^^WİXåıù3É^^?i«^^D
                                                  Ğ^^S$&Æ¢ób<Õ'!æ›/ã^^C1	WÿI...

? 
! Text line contains an invalid character.
l.8 ...ğG›R^^R½À3<±:^^RúbŠ=B¤à÷^^WİXåıù3É^^?i«^^DĞ
                                                  ^^S$&Æ¢ób<Õ'!æ›/ã^^C1	WÿIÂ...

? 
! Text line contains an invalid character.
l.8 ...R^^R½À3<±:^^RúbŠ=B¤à÷^^WİXåıù3É^^?i«^^DĞ^^S
                                                  $&Æ¢ób<Õ'!æ›/ã^^C1	WÿIÂ{Z%...

? 
! Text line contains an invalid character.
l.8 ...R½À3<±:^^RúbŠ=B¤à÷^^WİXåıù3É^^?i«^^DĞ^^S$&Æ
                                                  ¢ób<Õ'!æ›/ã^^C1	WÿIÂ{Z%ühD...

? 
! Text line contains an invalid character.
l.8 ...½À3<±:^^RúbŠ=B¤à÷^^WİXåıù3É^^?i«^^DĞ^^S$&Æ¢
                                                  ób<Õ'!æ›/ã^^C1	WÿIÂ{Z%ühDÂ...

? 
! Text line contains an invalid character.
l.8 ...À3<±:^^RúbŠ=B¤à÷^^WİXåıù3É^^?i«^^DĞ^^S$&Æ¢ó
                                                  b<Õ'!æ›/ã^^C1	WÿIÂ{Z%ühDÂÄ...

? 
! Text line contains an invalid character.
l.8 ...±:^^RúbŠ=B¤à÷^^WİXåıù3É^^?i«^^DĞ^^S$&Æ¢ób<Õ
                                                  '!æ›/ã^^C1	WÿIÂ{Z%ühDÂÄÁÊ...

? 
! Text line contains an invalid character.
l.8 ...^RúbŠ=B¤à÷^^WİXåıù3É^^?i«^^DĞ^^S$&Æ¢ób<Õ'!æ
                                                  ›/ã^^C1	WÿIÂ{Z%ühDÂÄÁÊˆ^^...

? 
! Text line contains an invalid character.
l.8 ...RúbŠ=B¤à÷^^WİXåıù3É^^?i«^^DĞ^^S$&Æ¢ób<Õ'!æ›
                                                  /ã^^C1	WÿIÂ{Z%ühDÂÄÁÊˆ^^E...

? 
! Text line contains an invalid character.
l.8 ...bŠ=B¤à÷^^WİXåıù3É^^?i«^^DĞ^^S$&Æ¢ób<Õ'!æ›/ã
                                                  ^^C1	WÿIÂ{Z%ühDÂÄÁÊˆ^^E/^...

? 
! Text line contains an invalid character.
l.8 ...B¤à÷^^WİXåıù3É^^?i«^^DĞ^^S$&Æ¢ób<Õ'!æ›/ã^^C
                                                  1	WÿIÂ{Z%ühDÂÄÁÊˆ^^E/^^?ú...

? 
! Text line contains an invalid character.
l.8 ...^^WİXåıù3É^^?i«^^DĞ^^S$&Æ¢ób<Õ'!æ›/ã^^C1	Wÿ
                                                  IÂ{Z%ühDÂÄÁÊˆ^^E/^^?úæ³^^...

? 
! Text line contains an invalid character.
l.8 ...WİXåıù3É^^?i«^^DĞ^^S$&Æ¢ób<Õ'!æ›/ã^^C1	WÿIÂ
                                                  {Z%ühDÂÄÁÊˆ^^E/^^?úæ³^^Wõ...

? 
! Text line contains an invalid character.
l.9 aÃ
      ÀF	ã^^V^^RRWóQúĞŸÓd Ç@^^HöÊĞ^^SÂæ"lÆå>øvØ‹¥‡¾nĞ^^E:A^^E(³
? 
! Text line contains an invalid character.
l.9 aÃÀ
       F	ã^^V^^RRWóQúĞŸÓd Ç@^^HöÊĞ^^SÂæ"lÆå>øvØ‹¥‡¾nĞ^^E:A^^E(³
? 
! Text line contains an invalid character.
l.9 aÃÀF	ã
          ^^V^^RRWóQúĞŸÓd Ç@^^HöÊĞ^^SÂæ"lÆå>øvØ‹¥‡¾nĞ^^E:A^^E(³
? 
! Text line contains an invalid character.
l.9 aÃÀF	ã^^V
             ^^RRWóQúĞŸÓd Ç@^^HöÊĞ^^SÂæ"lÆå>øvØ‹¥‡¾nĞ^^E:A^^E(³
? 
! Text line contains an invalid character.
l.9 aÃÀF	ã^^V^^R
                RWóQúĞŸÓd Ç@^^HöÊĞ^^SÂæ"lÆå>øvØ‹¥‡¾nĞ^^E:A^^E(³
? 
! Text line contains an invalid character.
l.9 aÃÀF	ã^^V^^R
                 RWóQúĞŸÓd Ç@^^HöÊĞ^^SÂæ"lÆå>øvØ‹¥‡¾nĞ^^E:A^^E(³
? 
! Text line contains an invalid character.
l.9 aÃÀF	ã^^V^^RRWó
                    QúĞŸÓd Ç@^^HöÊĞ^^SÂæ"lÆå>øvØ‹¥‡¾nĞ^^E:A^^E(³
? 
! Text line contains an invalid character.
l.9 aÃÀF	ã^^V^^RRWóQú
                      ĞŸÓd Ç@^^HöÊĞ^^SÂæ"lÆå>øvØ‹¥‡¾nĞ^^E:A^^E(³
? 
! Text line contains an invalid character.
l.9 aÃÀF	ã^^V^^RRWóQú
                       ĞŸÓd Ç@^^HöÊĞ^^SÂæ"lÆå>øvØ‹¥‡¾nĞ^^E:A^^E(³
? 
! Text line contains an invalid character.
l.9 aÃÀF	ã^^V^^RRWóQúĞ
                        ŸÓd Ç@^^HöÊĞ^^SÂæ"lÆå>øvØ‹¥‡¾nĞ^^E:A^^E(³
? 
! Text line contains an invalid character.
l.9 aÃÀF	ã^^V^^RRWóQúĞŸ
                         Ód Ç@^^HöÊĞ^^SÂæ"lÆå>øvØ‹¥‡¾nĞ^^E:A^^E(³
? 
! Text line contains an invalid character.
l.9 aÃÀF	ã^^V^^RRWóQúĞŸÓ
                          d Ç@^^HöÊĞ^^SÂæ"lÆå>øvØ‹¥‡¾nĞ^^E:A^^E(³
? 
! Text line contains an invalid character.
l.9 aÃÀF	ã^^V^^RRWóQúĞŸÓd 
                            Ç@^^HöÊĞ^^SÂæ"lÆå>øvØ‹¥‡¾nĞ^^E:A^^E(³
? 
! Text line contains an invalid character.
l.9 aÃÀF	ã^^V^^RRWóQúĞŸÓd Ç
                             @^^HöÊĞ^^SÂæ"lÆå>øvØ‹¥‡¾nĞ^^E:A^^E(³
? 
! Text line contains an invalid character.
l.9 aÃÀF	ã^^V^^RRWóQúĞŸÓd Ç@
                               ^^HöÊĞ^^SÂæ"lÆå>øvØ‹¥‡¾nĞ^^E:A^^E(³
? 
! Text line contains an invalid character.
l.9 aÃÀF	ã^^V^^RRWóQúĞŸÓd Ç@
                                ^^HöÊĞ^^SÂæ"lÆå>øvØ‹¥‡¾nĞ^^E:A^^E(³
? 
! Text line contains an invalid character.
l.9 aÃÀF	ã^^V^^RRWóQúĞŸÓd Ç@
                                 ^^HöÊĞ^^SÂæ"lÆå>øvØ‹¥‡¾nĞ^^E:A^^E(³
? 
! Text line contains an invalid character.
l.9 aÃÀF	ã^^V^^RRWóQúĞŸÓd Ç@^^H
                                    öÊĞ^^SÂæ"lÆå>øvØ‹¥‡¾nĞ^^E:A^^E(³
? 
! Text line contains an invalid character.
l.9 aÃÀF	ã^^V^^RRWóQúĞŸÓd Ç@^^Hö
                                     ÊĞ^^SÂæ"lÆå>øvØ‹¥‡¾nĞ^^E:A^^E(³
? 
! Text line contains an invalid character.
l.9 aÃÀF	ã^^V^^RRWóQúĞŸÓd Ç@^^HöÊ
                                      Ğ^^SÂæ"lÆå>øvØ‹¥‡¾nĞ^^E:A^^E(³
? 
! Text line contains an invalid character.
l.9 aÃÀF	ã^^V^^RRWóQúĞŸÓd Ç@^^HöÊĞ
                                       ^^SÂæ"lÆå>øvØ‹¥‡¾nĞ^^E:A^^E(³
? 
! Text line contains an invalid character.
l.9 aÃÀF	ã^^V^^RRWóQúĞŸÓd Ç@^^HöÊĞ^^S
                                          Âæ"lÆå>øvØ‹¥‡¾nĞ^^E:A^^E(³
? 
! Text line contains an invalid character.
l.9 aÃÀF	ã^^V^^RRWóQúĞŸÓd Ç@^^HöÊĞ^^SÂ
                                           æ"lÆå>øvØ‹¥‡¾nĞ^^E:A^^E(³
? 
! Text line contains an invalid character.
l.9 aÃÀF	ã^^V^^RRWóQúĞŸÓd Ç@^^HöÊĞ^^SÂæ
                                            "lÆå>øvØ‹¥‡¾nĞ^^E:A^^E(³
? X

