This is pdfTeX, Version 3.1415926-2.5-1.40.14 (MiKTeX 2.9) (preloaded format=pdflatex 2014.3.31)  7 APR 2014 21:41
entering extended mode
**UDAB-ViS.tex

(C:\Users\Dustin.Dustin-PC\ScalableVideo\Dustin\OriginalWork\CameraSystemPaper\
latex\UDAB-ViS.tex
LaTeX2e <2011/06/27>
Babel <v3.8m> and hyphenation patterns for english, afrikaans, ancientgreek, ar
abic, armenian, assamese, basque, bengali, bokmal, bulgarian, catalan, coptic, 
croatian, czech, danish, dutch, esperanto, estonian, farsi, finnish, french, ga
lician, german, german-x-2013-05-26, greek, gujarati, hindi, hungarian, iceland
ic, indonesian, interlingua, irish, italian, kannada, kurmanji, latin, latvian,
 lithuanian, malayalam, marathi, mongolian, mongolianlmc, monogreek, ngerman, n
german-x-2013-05-26, nynorsk, oriya, panjabi, pinyin, polish, portuguese, roman
ian, russian, sanskrit, serbian, slovak, slovenian, spanish, swedish, swissgerm
an, tamil, telugu, turkish, turkmen, ukenglish, ukrainian, uppersorbian, usengl
ishmax, welsh, loaded.
("C:\Program Files (x86)\MiKTeX 2.9\tex\latex\base\article.cls"
Document Class: article 2007/10/19 v1.4h Standard LaTeX document class
("C:\Program Files (x86)\MiKTeX 2.9\tex\latex\base\size12.clo"
File: size12.clo 2007/10/19 v1.4h Standard LaTeX file (size option)
)
\c@part=\count79
\c@section=\count80
\c@subsection=\count81
\c@subsubsection=\count82
\c@paragraph=\count83
\c@subparagraph=\count84
\c@figure=\count85
\c@table=\count86
\abovecaptionskip=\skip41
\belowcaptionskip=\skip42
\bibindent=\dimen102
)
("C:\Program Files (x86)\MiKTeX 2.9\tex\latex\natbib\natbib.sty"
Package: natbib 2010/09/13 8.31b (PWD, AO)
\bibhang=\skip43
\bibsep=\skip44
LaTeX Info: Redefining \cite on input line 694.
\c@NAT@ctr=\count87
)
("C:\Program Files (x86)\MiKTeX 2.9\tex\latex\graphics\graphicx.sty"
Package: graphicx 1999/02/16 v1.0f Enhanced LaTeX Graphics (DPC,SPQR)

("C:\Program Files (x86)\MiKTeX 2.9\tex\latex\graphics\keyval.sty"
Package: keyval 1999/03/16 v1.13 key=value parser (DPC)
\KV@toks@=\toks14
)
("C:\Program Files (x86)\MiKTeX 2.9\tex\latex\graphics\graphics.sty"
Package: graphics 2009/02/05 v1.0o Standard LaTeX Graphics (DPC,SPQR)

("C:\Program Files (x86)\MiKTeX 2.9\tex\latex\graphics\trig.sty"
Package: trig 1999/03/16 v1.09 sin cos tan (DPC)
)
("C:\Program Files (x86)\MiKTeX 2.9\tex\latex\00miktex\graphics.cfg"
File: graphics.cfg 2007/01/18 v1.5 graphics configuration of teTeX/TeXLive
)
Package graphics Info: Driver file: pdftex.def on input line 91.

("C:\Program Files (x86)\MiKTeX 2.9\tex\latex\pdftex-def\pdftex.def"
File: pdftex.def 2011/05/27 v0.06d Graphics/color for pdfTeX

("C:\Program Files (x86)\MiKTeX 2.9\tex\generic\oberdiek\infwarerr.sty"
Package: infwarerr 2010/04/08 v1.3 Providing info/warning/error messages (HO)
)
("C:\Program Files (x86)\MiKTeX 2.9\tex\generic\oberdiek\ltxcmds.sty"
Package: ltxcmds 2011/11/09 v1.22 LaTeX kernel commands for general use (HO)
)
\Gread@gobject=\count88
))
\Gin@req@height=\dimen103
\Gin@req@width=\dimen104
)
("C:\Program Files (x86)\MiKTeX 2.9\tex\latex\listings\listings.sty"
\lst@mode=\count89
\lst@gtempboxa=\box26
\lst@token=\toks15
\lst@length=\count90
\lst@currlwidth=\dimen105
\lst@column=\count91
\lst@pos=\count92
\lst@lostspace=\dimen106
\lst@width=\dimen107
\lst@newlines=\count93
\lst@lineno=\count94
\lst@maxwidth=\dimen108

("C:\Program Files (x86)\MiKTeX 2.9\tex\latex\listings\lstmisc.sty"
File: lstmisc.sty 2014/03/04 1.5c (Carsten Heinz)
\c@lstnumber=\count95
\lst@skipnumbers=\count96
\lst@framebox=\box27
)
("C:\Program Files (x86)\MiKTeX 2.9\tex\latex\listings\listings.cfg"
File: listings.cfg 2014/03/04 1.5c listings configuration
))
Package: listings 2014/03/04 1.5c (Carsten Heinz)

("C:\Program Files (x86)\MiKTeX 2.9\tex\latex\amsmath\amsmath.sty"
Package: amsmath 2013/01/14 v2.14 AMS math features
\@mathmargin=\skip45

For additional information on amsmath, use the `?' option.
("C:\Program Files (x86)\MiKTeX 2.9\tex\latex\amsmath\amstext.sty"
Package: amstext 2000/06/29 v2.01

("C:\Program Files (x86)\MiKTeX 2.9\tex\latex\amsmath\amsgen.sty"
File: amsgen.sty 1999/11/30 v2.0
\@emptytoks=\toks16
\ex@=\dimen109
))
("C:\Program Files (x86)\MiKTeX 2.9\tex\latex\amsmath\amsbsy.sty"
Package: amsbsy 1999/11/29 v1.2d
\pmbraise@=\dimen110
)
("C:\Program Files (x86)\MiKTeX 2.9\tex\latex\amsmath\amsopn.sty"
Package: amsopn 1999/12/14 v2.01 operator names
)
\inf@bad=\count97
LaTeX Info: Redefining \frac on input line 210.
\uproot@=\count98
\leftroot@=\count99
LaTeX Info: Redefining \overline on input line 306.
\classnum@=\count100
\DOTSCASE@=\count101
LaTeX Info: Redefining \ldots on input line 378.
LaTeX Info: Redefining \dots on input line 381.
LaTeX Info: Redefining \cdots on input line 466.
\Mathstrutbox@=\box28
\strutbox@=\box29
\big@size=\dimen111
LaTeX Font Info:    Redeclaring font encoding OML on input line 566.
LaTeX Font Info:    Redeclaring font encoding OMS on input line 567.
\macc@depth=\count102
\c@MaxMatrixCols=\count103
\dotsspace@=\muskip10
\c@parentequation=\count104
\dspbrk@lvl=\count105
\tag@help=\toks17
\row@=\count106
\column@=\count107
\maxfields@=\count108
\andhelp@=\toks18
\eqnshift@=\dimen112
\alignsep@=\dimen113
\tagshift@=\dimen114
\tagwidth@=\dimen115
\totwidth@=\dimen116
\lineht@=\dimen117
\@envbody=\toks19
\multlinegap=\skip46
\multlinetaggap=\skip47
\mathdisplay@stack=\toks20
LaTeX Info: Redefining \[ on input line 2665.
LaTeX Info: Redefining \] on input line 2666.
)
("C:\Program Files (x86)\MiKTeX 2.9\tex\latex\url\url.sty"
\Urlmuskip=\muskip11
Package: url 2013/09/16  ver 3.4  Verb mode for urls, etc.
)
("C:\Program Files (x86)\MiKTeX 2.9\tex\latex\graphics\color.sty"
Package: color 2005/11/14 v1.0j Standard LaTeX Color (DPC)

("C:\Program Files (x86)\MiKTeX 2.9\tex\latex\00miktex\color.cfg"
File: color.cfg 2007/01/18 v1.5 color configuration of teTeX/TeXLive
)
Package color Info: Driver file: pdftex.def on input line 130.
)
(C:\Users\Dustin.Dustin-PC\ScalableVideo\Dustin\OriginalWork\CameraSystemPaper\
latex\UDAB-ViS.aux)
LaTeX Font Info:    Checking defaults for OML/cmm/m/it on input line 28.
LaTeX Font Info:    ... okay on input line 28.
LaTeX Font Info:    Checking defaults for T1/cmr/m/n on input line 28.
LaTeX Font Info:    ... okay on input line 28.
LaTeX Font Info:    Checking defaults for OT1/cmr/m/n on input line 28.
LaTeX Font Info:    ... okay on input line 28.
LaTeX Font Info:    Checking defaults for OMS/cmsy/m/n on input line 28.
LaTeX Font Info:    ... okay on input line 28.
LaTeX Font Info:    Checking defaults for OMX/cmex/m/n on input line 28.
LaTeX Font Info:    ... okay on input line 28.
LaTeX Font Info:    Checking defaults for U/cmr/m/n on input line 28.
LaTeX Font Info:    ... okay on input line 28.

("C:\Program Files (x86)\MiKTeX 2.9\tex\context\base\supp-pdf.mkii"
[Loading MPS to PDF converter (version 2006.09.02).]
\scratchcounter=\count109
\scratchdimen=\dimen118
\scratchbox=\box30
\nofMPsegments=\count110
\nofMParguments=\count111
\everyMPshowfont=\toks21
\MPscratchCnt=\count112
\MPscratchDim=\dimen119
\MPnumerator=\count113
\makeMPintoPDFobject=\count114
\everyMPtoPDFconversion=\toks22
)
\c@lstlisting=\count115
Missing character: There is no ‚ in font cmr12!
Missing character: There is no Ä in font cmr12!
Missing character: There is no ô in font cmr12!
Missing character: There is no ‚ in font cmr12!
Missing character: There is no Ä in font cmr12!
Missing character: There is no ô in font cmr12!
 [1

{C:/ProgramData/MiKTeX/2.9/pdftex/config/pdftex.map}]
Missing character: There is no ‚ in font cmr12!
Missing character: There is no Ä in font cmr12!
Missing character: There is no ô in font cmr12!
 [2]
Missing character: There is no ‚ in font cmr12!
Missing character: There is no Ä in font cmr12!
Missing character: There is no ô in font cmr12!
Missing character: There is no ‚ in font cmr12!
Missing character: There is no Ä in font cmr12!
Missing character: There is no ô in font cmr12!
 [3]
Overfull \hbox (10.81975pt too wide) in paragraph at lines 57--57
[]\OT1/cmr/bx/n/17.28 Packetization and Frame En-cod-ing for H.264 
 []


Overfull \hbox (0.2101pt too wide) in paragraph at lines 62--63
\OT1/cmr/m/n/12 Cod-ing Ex-perts Group (VCEG) and ISO/IEC Mov-ing Pic-tures Ex-
pert Group
 []

LaTeX Font Info:    Try loading font information for OMS+cmr on input line 66.
("C:\Program Files (x86)\MiKTeX 2.9\tex\latex\base\omscmr.fd"
File: omscmr.fd 1999/05/25 v2.5h Standard LaTeX font definitions
)
LaTeX Font Info:    Font shape `OMS/cmr/m/n' in size <12> not available
(Font)              Font shape `OMS/cmsy/m/n' tried instead on input line 66.

Overfull \hbox (4.13481pt too wide) in paragraph at lines 67--68
[]\OT1/cmr/m/n/12 Multiple ref-er-ence pic-ture mo-tion com-pen-sa-tion: P-fram
es and B-frames
 []

<H264AVCEncoderStructure.png, id=15, 221.32687pt x 212.29312pt>
File: H264AVCEncoderStructure.png Graphic file (type png)

<use H264AVCEncoderStructure.png>
Package pdftex.def Info: H264AVCEncoderStructure.png used on input line 80.
(pdftex.def)             Requested size: 155.99762pt x 149.63751pt.
 [4]
<NALUnitHeader.png, id=20, 371.88937pt x 121.95563pt>
File: NALUnitHeader.png Graphic file (type png)
 <use NALUnitHeader.png>
Package pdftex.def Info: NALUnitHeader.png used on input line 92.
(pdftex.def)             Requested size: 272.99881pt x 89.52742pt.


LaTeX Warning: `h' float specifier changed to `ht'.

[5 <C:/Users/Dustin.Dustin-PC/ScalableVideo/Dustin/OriginalWork/CameraSystemPap
er/latex/H264AVCEncoderStructure.png>] [6 <C:/Users/Dustin.Dustin-PC/ScalableVi
deo/Dustin/OriginalWork/CameraSystemPaper/latex/NALUnitHeader.png>]
<H264HeaderFormat.png, id=27, 470.50781pt x 73.02281pt>
File: H264HeaderFormat.png Graphic file (type png)

<use H264HeaderFormat.png>
Package pdftex.def Info: H264HeaderFormat.png used on input line 116.
(pdftex.def)             Requested size: 312.00119pt x 48.42249pt.
 [7 <C:/Users/Dustin.Dustin-PC/ScalableVideo/Dustin/OriginalWork/CameraSystemPa
per/latex/H264HeaderFormat.png>]
<SVCTemporalScalability.png, id=32, 759.58781pt x 168.63pt>
File: SVCTemporalScalability.png Graphic file (type png)

<use SVCTemporalScalability.png>
Package pdftex.def Info: SVCTemporalScalability.png used on input line 142.
(pdftex.def)             Requested size: 312.00119pt x 69.26482pt.


LaTeX Warning: `h' float specifier changed to `ht'.

[8] <SingleLayerParameterSwitching.png, id=39, 632.3625pt x 465.99094pt>
File: SingleLayerParameterSwitching.png Graphic file (type png)

<use SingleLayerParameterSwitching.png>
Package pdftex.def Info: SingleLayerParameterSwitching.png used on input line 1
51.
(pdftex.def)             Requested size: 312.00119pt x 229.91606pt.

<ReceiverArchitecture.png, id=40, 444.15938pt x 124.21407pt>
File: ReceiverArchitecture.png Graphic file (type png)

<use ReceiverArchitecture.png>
Package pdftex.def Info: ReceiverArchitecture.png used on input line 158.
(pdftex.def)             Requested size: 312.00119pt x 87.25438pt.


LaTeX Warning: `h' float specifier changed to `ht'.


LaTeX Warning: `h' float specifier changed to `ht'.

[9 <C:/Users/Dustin.Dustin-PC/ScalableVideo/Dustin/OriginalWork/CameraSystemPap
er/latex/SVCTemporalScalability.png>] [10 <C:/Users/Dustin.Dustin-PC/ScalableVi
deo/Dustin/OriginalWork/CameraSystemPaper/latex/SingleLayerParameterSwitching.p
ng> <C:/Users/Dustin.Dustin-PC/ScalableVideo/Dustin/OriginalWork/CameraSystemPa
per/latex/ReceiverArchitecture.png>]
<SystemArchitecture.png, id=47, 524.71031pt x 149.8097pt>
File: SystemArchitecture.png Graphic file (type png)

<use SystemArchitecture.png>
Package pdftex.def Info: SystemArchitecture.png used on input line 174.
(pdftex.def)             Requested size: 312.00119pt x 89.08185pt.
 [11 <C:/Users/Dustin.Dustin-PC/ScalableVideo/Dustin/OriginalWork/CameraSystemP
aper/latex/SystemArchitecture.png>]
Missing character: There is no ‚ in font cmr12!
Missing character: There is no Ä in font cmr12!
Missing character: There is no ô in font cmr12!
Missing character: There is no ‚ in font cmr12!
Missing character: There is no Ä in font cmr12!
Missing character: There is no ô in font cmr12!
Missing character: There is no ‚ in font cmr12!
Missing character: There is no Ä in font cmr12!
Missing character: There is no ô in font cmr12!
 [12]
Missing character: There is no ‚ in font cmr12!
Missing character: There is no Ä in font cmr12!
Missing character: There is no ô in font cmr12!
 [13]
<openmax.png, id=59, 357.7365pt x 217.41225pt>
File: openmax.png Graphic file (type png)
 <use openmax.png>
Package pdftex.def Info: openmax.png used on input line 224.
(pdftex.def)             Requested size: 195.0pt x 118.50888pt.

<stagefright.png, id=60, 667.49374pt x 389.455pt>
File: stagefright.png Graphic file (type png)
 <use stagefright.png>
Package pdftex.def Info: stagefright.png used on input line 232.
(pdftex.def)             Requested size: 195.0pt x 113.77101pt.


LaTeX Warning: `h' float specifier changed to `ht'.

<QualcommAPI.png, id=62, 307.90031pt x 366.61969pt>
File: QualcommAPI.png Graphic file (type png)
 <use QualcommAPI.png>
Package pdftex.def Info: QualcommAPI.png used on input line 240.
(pdftex.def)             Requested size: 155.99762pt x 185.74844pt.

[14 <C:/Users/Dustin.Dustin-PC/ScalableVideo/Dustin/OriginalWork/CameraSystemPa
per/latex/openmax.png>] [15 <C:/Users/Dustin.Dustin-PC/ScalableVideo/Dustin/Ori
ginalWork/CameraSystemPaper/latex/stagefright.png> <C:/Users/Dustin.Dustin-PC/S
calableVideo/Dustin/OriginalWork/CameraSystemPaper/latex/QualcommAPI.png>]
Missing character: There is no ‚ in font cmr12!
Missing character: There is no Ä in font cmr12!
Missing character: There is no ô in font cmr12!

[16] [17]
Missing character: There is no ‚ in font cmr12!
Missing character: There is no Ä in font cmr12!
Missing character: There is no ô in font cmr12!
 <BandwidthChangeDecisionTree.png, id=81, 512.66531pt x 487.06969pt>
File: BandwidthChangeDecisionTree.png Graphic file (type png)

<use BandwidthChangeDecisionTree.png>
Package pdftex.def Info: BandwidthChangeDecisionTree.png used on input line 309
.
(pdftex.def)             Requested size: 195.0pt x 185.26677pt.


LaTeX Warning: `h' float specifier changed to `ht'.

[18]
Missing character: There is no ‚ in font cmr12!
Missing character: There is no Ä in font cmr12!
Missing character: There is no ô in font cmr12!
Missing character: There is no ‚ in font cmr12!
Missing character: There is no Ä in font cmr12!
Missing character: There is no ô in font cmr12!
 [19 <C:/Users/Dustin.Dustin-PC/ScalableVideo/Dustin/OriginalWork/CameraSystemP
aper/latex/BandwidthChangeDecisionTree.png>]
Missing character: There is no ‚ in font cmr12!
Missing character: There is no Ä in font cmr12!
Missing character: There is no ô in font cmr12!
Missing character: There is no ‚ in font cmr12!
Missing character: There is no Ä in font cmr12!
Missing character: There is no ô in font cmr12!

<BandwidthDecisions.png, id=89, 624.08156pt x 683.55376pt>
File: BandwidthDecisions.png Graphic file (type png)

<use BandwidthDecisions.png>
Package pdftex.def Info: BandwidthDecisions.png used on input line 351.
(pdftex.def)             Requested size: 272.99881pt x 299.02274pt.
Missing character: There is no ‚ in font cmr12!
Missing character: There is no Ä in font cmr12!
Missing character: There is no ô in font cmr12!


LaTeX Warning: `h' float specifier changed to `ht'.

<CameraSystemTestbed.png, id=90, 489.32813pt x 186.6975pt>
File: CameraSystemTestbed.png Graphic file (type png)

<use CameraSystemTestbed.png>
Package pdftex.def Info: CameraSystemTestbed.png used on input line 364.
(pdftex.def)             Requested size: 195.0pt x 74.40134pt.


LaTeX Warning: `h' float specifier changed to `ht'.

[20] <SpatialResolutionTest.png, id=94, 514.92375pt x 316.18124pt>
File: SpatialResolutionTest.png Graphic file (type png)

<use SpatialResolutionTest.png>
Package pdftex.def Info: SpatialResolutionTest.png used on input line 373.
(pdftex.def)             Requested size: 195.0pt x 119.7352pt.


LaTeX Warning: `h' float specifier changed to `ht'.

[21 <C:/Users/Dustin.Dustin-PC/ScalableVideo/Dustin/OriginalWork/CameraSystemPa
per/latex/BandwidthDecisions.png>]
Missing character: There is no ‚ in font cmr12!
Missing character: There is no Ä in font cmr12!
Missing character: There is no ô in font cmr12!

<QualityResolutionTest.png, id=98, 669.2503pt x 372.64218pt>
File: QualityResolutionTest.png Graphic file (type png)

<use QualityResolutionTest.png>
Package pdftex.def Info: QualityResolutionTest.png used on input line 385.
(pdftex.def)             Requested size: 195.0pt x 108.5752pt.


LaTeX Warning: `h' float specifier changed to `ht'.

Missing character: There is no ‚ in font cmr12!
Missing character: There is no Ä in font cmr12!
Missing character: There is no ô in font cmr12!
Missing character: There is no ‚ in font cmr12!
Missing character: There is no Ä in font cmr12!
Missing character: There is no ô in font cmr12!
Missing character: There is no ‚ in font cmr12!
Missing character: There is no Ä in font cmr12!
Missing character: There is no ô in font cmr12!
<ClassDistribution.png, id=99, 400.8576pt x 162.3666pt>
File: ClassDistribution.png Graphic file (type png)

<use ClassDistribution.png>
Package pdftex.def Info: ClassDistribution.png used on input line 433.
(pdftex.def)             Requested size: 195.0pt x 78.98553pt.

<TrainingExperimentTalkingHead.png, id=100, 560.0925pt x 460.72125pt>
File: TrainingExperimentTalkingHead.png Graphic file (type png)

<use TrainingExperimentTalkingHead.png>
Package pdftex.def Info: TrainingExperimentTalkingHead.png used on input line 4
58.
(pdftex.def)             Requested size: 195.0pt x 160.40422pt.

<TrainingExperimentSports.png, id=101, 551.81157pt x 478.78876pt>
File: TrainingExperimentSports.png Graphic file (type png)

<use TrainingExperimentSports.png>
Package pdftex.def Info: TrainingExperimentSports.png used on input line 464.
(pdftex.def)             Requested size: 195.0pt x 169.19313pt.

<TrainingExperimentMedical.png, id=102, 572.89032pt x 478.78876pt>
File: TrainingExperimentMedical.png Graphic file (type png)

<use TrainingExperimentMedical.png>
Package pdftex.def Info: TrainingExperimentMedical.png used on input line 470.
(pdftex.def)             Requested size: 195.0pt x 162.96866pt.
 [22 <C:/Users/Dustin.Dustin-PC/ScalableVideo/Dustin/OriginalWork/CameraSystemP
aper/latex/CameraSystemTestbed.png> <C:/Users/Dustin.Dustin-PC/ScalableVideo/Du
stin/OriginalWork/CameraSystemPaper/latex/SpatialResolutionTest.png>]

LaTeX Warning: `h' float specifier changed to `ht'.


LaTeX Warning: `h' float specifier changed to `ht'.


LaTeX Warning: `h' float specifier changed to `ht'.


LaTeX Warning: `h' float specifier changed to `ht'.

[23 <C:/Users/Dustin.Dustin-PC/ScalableVideo/Dustin/OriginalWork/CameraSystemPa
per/latex/QualityResolutionTest.png> <C:/Users/Dustin.Dustin-PC/ScalableVideo/D
ustin/OriginalWork/CameraSystemPaper/latex/ClassDistribution.png>]

LaTeX Warning: `h' float specifier changed to `ht'.

[24 <C:/Users/Dustin.Dustin-PC/ScalableVideo/Dustin/OriginalWork/CameraSystemPa
per/latex/TrainingExperimentTalkingHead.png> <C:/Users/Dustin.Dustin-PC/Scalabl
eVideo/Dustin/OriginalWork/CameraSystemPaper/latex/TrainingExperimentSports.png
>]
Missing character: There is no ‚ in font cmr12!
Missing character: There is no Ä in font cmr12!
Missing character: There is no ô in font cmr12!
Missing character: There is no ‚ in font cmr12!
Missing character: There is no Ä in font cmr12!
Missing character: There is no ô in font cmr12!

(C:\Users\Dustin.Dustin-PC\ScalableVideo\Dustin\OriginalWork\CameraSystemPaper\
latex\UDAB-ViS.bbl
Underfull \hbox (badness 3769) in paragraph at lines 4--8
[]\OT1/cmr/m/n/12 Http live stream-ing overview.  \OT1/cmr/m/it/12 Ap-ple Inc. 
 \OT1/cmr/m/n/12 Avail-able from:
 []


Underfull \hbox (badness 10000) in paragraph at lines 4--8
\OT1/cmtt/m/n/12 https : / / developer . apple . com / library / ios / document
ation /
 []


Underfull \hbox (badness 10000) in paragraph at lines 4--8
\OT1/cmtt/m/n/12 NetworkingInternet / Conceptual / StreamingMediaGuide /
 []

[25 <C:/Users/Dustin.Dustin-PC/ScalableVideo/Dustin/OriginalWork/CameraSystemPa
per/latex/TrainingExperimentMedical.png>]
Missing character: There is no ‚ in font cmr12!
Missing character: There is no Ä in font cmr12!
Missing character: There is no ú in font cmr12!
Missing character: There is no ‚ in font cmr12!
Missing character: There is no Ä in font cmr12!
Missing character: There is no ù in font cmr12!
 [26]) [27] [28] [29]
(C:\Users\Dustin.Dustin-PC\ScalableVideo\Dustin\OriginalWork\CameraSystemPaper\
latex\UDAB-ViS.aux) ) 
Here is how much of TeX's memory you used:
 3618 strings out of 493921
 50355 string characters out of 3144843
 120693 words of memory out of 3000000
 6883 multiletter control sequences out of 15000+200000
 11070 words of font info for 40 fonts, out of 3000000 for 9000
 841 hyphenation exceptions out of 8191
 27i,12n,42p,1933b,999s stack positions out of 5000i,500n,10000p,200000b,50000s
<C:/Program Files (x86)/MiKTeX 2.9/fonts/type1/public/amsf
onts/cm/cmbx12.pfb><C:/Program Files (x86)/MiKTeX 2.9/fonts/type1/public/amsfon
ts/cm/cmbx8.pfb><C:/Program Files (x86)/MiKTeX 2.9/fonts/type1/public/amsfonts/
cm/cmex10.pfb><C:/Program Files (x86)/MiKTeX 2.9/fonts/type1/public/amsfonts/cm
/cmmi12.pfb><C:/Program Files (x86)/MiKTeX 2.9/fonts/type1/public/amsfonts/cm/c
mmi6.pfb><C:/Program Files (x86)/MiKTeX 2.9/fonts/type1/public/amsfonts/cm/cmmi
8.pfb><C:/Program Files (x86)/MiKTeX 2.9/fonts/type1/public/amsfonts/cm/cmr12.p
fb><C:/Program Files (x86)/MiKTeX 2.9/fonts/type1/public/amsfonts/cm/cmr17.pfb>
<C:/Program Files (x86)/MiKTeX 2.9/fonts/type1/public/amsfonts/cm/cmr6.pfb><C:/
Program Files (x86)/MiKTeX 2.9/fonts/type1/public/amsfonts/cm/cmr8.pfb><C:/Prog
ram Files (x86)/MiKTeX 2.9/fonts/type1/public/amsfonts/cm/cmsy10.pfb><C:/Progra
m Files (x86)/MiKTeX 2.9/fonts/type1/public/amsfonts/cm/cmsy8.pfb><C:/Program F
iles (x86)/MiKTeX 2.9/fonts/type1/public/amsfonts/cm/cmti12.pfb><C:/Program Fil
es (x86)/MiKTeX 2.9/fonts/type1/public/amsfonts/cm/cmtt12.pfb>
Output written on UDAB-ViS.pdf (29 pages, 1191230 bytes).
PDF statistics:
 173 PDF objects out of 1000 (max. 8388607)
 0 named destinations out of 1000 (max. 500000)
 96 words of extra memory for PDF output out of 10000 (max. 10000000)

