mktextfm pzdr
mktextfm psyr
mktextfm pzdr
mktextfm psyr
mktextfm pzdr
mktextfm psyr
mktextfm pzdr
mktextfm psyr
mktextfm ptmr7t
mktextfm ptmb7t
mktextfm nullfont
mktextfm ptmr7t
mktextfm ptmri7t
mktextfm ptmr7t
mktextfm ptmr7t
mktextfm ptmr7t
mktextfm ptmr7t
mktextfm ptmri7t
mktextfm ptmri7t
mktextfm phvr7t
mktextfm ptmb7t
mktextfm nullfont
mktextfm pcrr7t
mktextfm ptmr7t
mktextfm pcrr7t
mktextfm pzdr
mktextfm psyr
mktextfm ptmr7t
mktextfm ptmb7t
mktextfm nullfont
mktextfm ptmr7t
mktextfm ptmri7t
mktextfm ptmr7t
mktextfm ptmr7t
mktextfm ptmr7t
mktextfm ptmr7t
mktextfm ptmri7t
mktextfm ptmri7t
mktextfm phvr7t
mktextfm pcrr7t
mktextfm ptmr7t
mktextfm pcrr7t
mktextfm pzdr
mktextfm psyr
mktextfm pzdr
mktextfm psyr
mktextfm pzdr
mktextfm psyr
mktextfm pzdr
mktextfm psyr
mktextfm pzdr
mktextfm psyr
mktextfm pzdr
mktextfm psyr
mktextfm pzdr
mktextfm psyr
mktextfm pzdr
mktextfm psyr
mktextfm pzdr
mktextfm psyr
mktextfm pzdr
mktextfm psyr
mktextfm pzdr
mktextfm psyr
