This is pdfTeX, Version 3.1415926-2.5-1.40.14 (MiKTeX 2.9) (preloaded format=pdflatex 2014.3.31)  23 APR 2014 13:17
entering extended mode
**C:/Users/Dustin.Dustin-PC/ScalableVideo/Dustin/OriginalWork/CameraSystemPaper
/elsevier-comcom/elsarticle-ecrc/UDAB-ViS.tex

(C:/Users/Dustin.Dustin-PC/ScalableVideo/Dustin/OriginalWork/CameraSystemPaper/
elsevier-comcom/elsarticle-ecrc/UDAB-ViS.tex
LaTeX2e <2011/06/27>
Babel <v3.8m> and hyphenation patterns for english, afrikaans, ancientgreek, ar
abic, armenian, assamese, basque, bengali, bokmal, bulgarian, catalan, coptic, 
croatian, czech, danish, dutch, esperanto, estonian, farsi, finnish, french, ga
lician, german, german-x-2013-05-26, greek, gujarati, hindi, hungarian, iceland
ic, indonesian, interlingua, irish, italian, kannada, kurmanji, latin, latvian,
 lithuanian, malayalam, marathi, mongolian, mongolianlmc, monogreek, ngerman, n
german-x-2013-05-26, nynorsk, oriya, panjabi, pinyin, polish, portuguese, roman
ian, russian, sanskrit, serbian, slovak, slovenian, spanish, swedish, swissgerm
an, tamil, telugu, turkish, turkmen, ukenglish, ukrainian, uppersorbian, usengl
ishmax, welsh, loaded.

(C:\Users\Dustin.Dustin-PC\ScalableVideo\Dustin\OriginalWork\CameraSystemPaper\
elsevier-comcom\elsarticle-ecrc\elsarticle.cls
Document Class: elsarticle 2010/06/11, 1.21: Elsevier Ltd
\@bls=\dimen102
("C:\Program Files (x86)\MiKTeX 2.9\tex\latex\base\article.cls"
Document Class: article 2007/10/19 v1.4h Standard LaTeX document class
("C:\Program Files (x86)\MiKTeX 2.9\tex\latex\base\size10.clo"
File: size10.clo 2007/10/19 v1.4h Standard LaTeX file (size option)
)
\c@part=\count79
\c@section=\count80
\c@subsection=\count81
\c@subsubsection=\count82
\c@paragraph=\count83
\c@subparagraph=\count84
\c@figure=\count85
\c@table=\count86
\abovecaptionskip=\skip41
\belowcaptionskip=\skip42
\bibindent=\dimen103
)
("C:\Program Files (x86)\MiKTeX 2.9\tex\latex\graphics\graphicx.sty"
Package: graphicx 1999/02/16 v1.0f Enhanced LaTeX Graphics (DPC,SPQR)

("C:\Program Files (x86)\MiKTeX 2.9\tex\latex\graphics\keyval.sty"
Package: keyval 1999/03/16 v1.13 key=value parser (DPC)
\KV@toks@=\toks14
)
("C:\Program Files (x86)\MiKTeX 2.9\tex\latex\graphics\graphics.sty"
Package: graphics 2009/02/05 v1.0o Standard LaTeX Graphics (DPC,SPQR)

("C:\Program Files (x86)\MiKTeX 2.9\tex\latex\graphics\trig.sty"
Package: trig 1999/03/16 v1.09 sin cos tan (DPC)
)
("C:\Program Files (x86)\MiKTeX 2.9\tex\latex\00miktex\graphics.cfg"
File: graphics.cfg 2007/01/18 v1.5 graphics configuration of teTeX/TeXLive
)
Package graphics Info: Driver file: pdftex.def on input line 91.

("C:\Program Files (x86)\MiKTeX 2.9\tex\latex\pdftex-def\pdftex.def"
File: pdftex.def 2011/05/27 v0.06d Graphics/color for pdfTeX

("C:\Program Files (x86)\MiKTeX 2.9\tex\generic\oberdiek\infwarerr.sty"
Package: infwarerr 2010/04/08 v1.3 Providing info/warning/error messages (HO)
)
("C:\Program Files (x86)\MiKTeX 2.9\tex\generic\oberdiek\ltxcmds.sty"
Package: ltxcmds 2011/11/09 v1.22 LaTeX kernel commands for general use (HO)
)
\Gread@gobject=\count87
))
\Gin@req@height=\dimen104
\Gin@req@width=\dimen105
)
("C:\Program Files (x86)\MiKTeX 2.9\tex\latex\psnfss\pifont.sty"
Package: pifont 2005/04/12 PSNFSS-v9.2a Pi font support (SPQR) 
LaTeX Font Info:    Try loading font information for U+pzd on input line 63.

("C:\Program Files (x86)\MiKTeX 2.9\tex\latex\psnfss\upzd.fd"
File: upzd.fd 2001/06/04 font definitions for U/pzd.
)
LaTeX Font Info:    Try loading font information for U+psy on input line 64.

("C:\Program Files (x86)\MiKTeX 2.9\tex\latex\psnfss\upsy.fd"
File: upsy.fd 2001/06/04 font definitions for U/psy.
))
\c@tnote=\count88
\c@fnote=\count89
\c@cnote=\count90
\c@ead=\count91
\c@author=\count92
\@eadauthor=\toks15
\c@affn=\count93
\absbox=\box26
\keybox=\box27
\Columnwidth=\dimen106
\space@left=\dimen107
\els@boxa=\box28
\els@boxb=\box29
\leftMargin=\dimen108
\@enLab=\toks16
\@sep=\skip43
\@@sep=\skip44

(C:\Users\Dustin.Dustin-PC\ScalableVideo\Dustin\OriginalWork\CameraSystemPaper\
elsevier-comcom\elsarticle-ecrc\UDAB-ViS.spl)
("C:\Program Files (x86)\MiKTeX 2.9\tex\latex\natbib\natbib.sty"
Package: natbib 2010/09/13 8.31b (PWD, AO)
\bibhang=\skip45
\bibsep=\skip46
LaTeX Info: Redefining \cite on input line 694.
\c@NAT@ctr=\count94
)
\splwrite=\write3

("C:\Program Files (x86)\MiKTeX 2.9\tex\latex\geometry\geometry.sty"
Package: geometry 2010/09/12 v5.6 Page Geometry

("C:\Program Files (x86)\MiKTeX 2.9\tex\generic\oberdiek\ifpdf.sty"
Package: ifpdf 2011/01/30 v2.3 Provides the ifpdf switch (HO)
Package ifpdf Info: pdfTeX in PDF mode is detected.
)
("C:\Program Files (x86)\MiKTeX 2.9\tex\generic\oberdiek\ifvtex.sty"
Package: ifvtex 2010/03/01 v1.5 Detect VTeX and its facilities (HO)
Package ifvtex Info: VTeX not detected.
)
("C:\Program Files (x86)\MiKTeX 2.9\tex\generic\ifxetex\ifxetex.sty"
Package: ifxetex 2010/09/12 v0.6 Provides ifxetex conditional
)
\Gm@cnth=\count95
\Gm@cntv=\count96
\c@Gm@tempcnt=\count97
\Gm@bindingoffset=\dimen109
\Gm@wd@mp=\dimen110
\Gm@odd@mp=\dimen111
\Gm@even@mp=\dimen112
\Gm@layoutwidth=\dimen113
\Gm@layoutheight=\dimen114
\Gm@layouthoffset=\dimen115
\Gm@layoutvoffset=\dimen116
\Gm@dimlist=\toks17

("C:\Program Files (x86)\MiKTeX 2.9\tex\latex\geometry\geometry.cfg"))
\appnamewidth=\dimen117
)
("C:\Program Files (x86)\MiKTeX 2.9\tex\latex\txfonts\txfonts.sty"
Package: txfonts 2008/01/22 v3.2.1
LaTeX Font Info:    Redeclaring symbol font `operators' on input line 21.
LaTeX Font Info:    Overwriting symbol font `operators' in version `normal'
(Font)                  OT1/cmr/m/n --> OT1/txr/m/n on input line 21.
LaTeX Font Info:    Overwriting symbol font `operators' in version `bold'
(Font)                  OT1/cmr/bx/n --> OT1/txr/m/n on input line 21.
LaTeX Font Info:    Overwriting symbol font `operators' in version `bold'
(Font)                  OT1/txr/m/n --> OT1/txr/bx/n on input line 22.
\symitalic=\mathgroup4
LaTeX Font Info:    Overwriting symbol font `italic' in version `bold'
(Font)                  OT1/txr/m/it --> OT1/txr/bx/it on input line 26.
LaTeX Font Info:    Redeclaring math alphabet \mathbf on input line 29.
LaTeX Font Info:    Overwriting math alphabet `\mathbf' in version `normal'
(Font)                  OT1/cmr/bx/n --> OT1/txr/bx/n on input line 29.
LaTeX Font Info:    Overwriting math alphabet `\mathbf' in version `bold'
(Font)                  OT1/cmr/bx/n --> OT1/txr/bx/n on input line 29.
LaTeX Font Info:    Redeclaring math alphabet \mathit on input line 30.
LaTeX Font Info:    Overwriting math alphabet `\mathit' in version `normal'
(Font)                  OT1/cmr/m/it --> OT1/txr/m/it on input line 30.
LaTeX Font Info:    Overwriting math alphabet `\mathit' in version `bold'
(Font)                  OT1/cmr/bx/it --> OT1/txr/m/it on input line 30.
LaTeX Font Info:    Overwriting math alphabet `\mathit' in version `bold'
(Font)                  OT1/txr/m/it --> OT1/txr/bx/it on input line 31.
LaTeX Font Info:    Redeclaring math alphabet \mathsf on input line 40.
LaTeX Font Info:    Overwriting math alphabet `\mathsf' in version `normal'
(Font)                  OT1/cmss/m/n --> OT1/txss/m/n on input line 40.
LaTeX Font Info:    Overwriting math alphabet `\mathsf' in version `bold'
(Font)                  OT1/cmss/bx/n --> OT1/txss/m/n on input line 40.
LaTeX Font Info:    Overwriting math alphabet `\mathsf' in version `bold'
(Font)                  OT1/txss/m/n --> OT1/txss/b/n on input line 41.
LaTeX Font Info:    Redeclaring math alphabet \mathtt on input line 50.
LaTeX Font Info:    Overwriting math alphabet `\mathtt' in version `normal'
(Font)                  OT1/cmtt/m/n --> OT1/txtt/m/n on input line 50.
LaTeX Font Info:    Overwriting math alphabet `\mathtt' in version `bold'
(Font)                  OT1/cmtt/m/n --> OT1/txtt/m/n on input line 50.
LaTeX Font Info:    Overwriting math alphabet `\mathtt' in version `bold'
(Font)                  OT1/txtt/m/n --> OT1/txtt/b/n on input line 51.
LaTeX Font Info:    Redeclaring symbol font `letters' on input line 58.
LaTeX Font Info:    Overwriting symbol font `letters' in version `normal'
(Font)                  OML/cmm/m/it --> OML/txmi/m/it on input line 58.
LaTeX Font Info:    Overwriting symbol font `letters' in version `bold'
(Font)                  OML/cmm/b/it --> OML/txmi/m/it on input line 58.
LaTeX Font Info:    Overwriting symbol font `letters' in version `bold'
(Font)                  OML/txmi/m/it --> OML/txmi/bx/it on input line 59.
\symlettersA=\mathgroup5
LaTeX Font Info:    Overwriting symbol font `lettersA' in version `bold'
(Font)                  U/txmia/m/it --> U/txmia/bx/it on input line 67.
LaTeX Font Info:    Redeclaring symbol font `symbols' on input line 77.
LaTeX Font Info:    Overwriting symbol font `symbols' in version `normal'
(Font)                  OMS/cmsy/m/n --> OMS/txsy/m/n on input line 77.
LaTeX Font Info:    Overwriting symbol font `symbols' in version `bold'
(Font)                  OMS/cmsy/b/n --> OMS/txsy/m/n on input line 77.
LaTeX Font Info:    Overwriting symbol font `symbols' in version `bold'
(Font)                  OMS/txsy/m/n --> OMS/txsy/bx/n on input line 78.
\symAMSa=\mathgroup6
LaTeX Font Info:    Overwriting symbol font `AMSa' in version `bold'
(Font)                  U/txsya/m/n --> U/txsya/bx/n on input line 94.
\symAMSb=\mathgroup7
LaTeX Font Info:    Overwriting symbol font `AMSb' in version `bold'
(Font)                  U/txsyb/m/n --> U/txsyb/bx/n on input line 103.
\symsymbolsC=\mathgroup8
LaTeX Font Info:    Overwriting symbol font `symbolsC' in version `bold'
(Font)                  U/txsyc/m/n --> U/txsyc/bx/n on input line 113.
LaTeX Font Info:    Redeclaring symbol font `largesymbols' on input line 120.
LaTeX Font Info:    Overwriting symbol font `largesymbols' in version `normal'
(Font)                  OMX/cmex/m/n --> OMX/txex/m/n on input line 120.
LaTeX Font Info:    Overwriting symbol font `largesymbols' in version `bold'
(Font)                  OMX/cmex/m/n --> OMX/txex/m/n on input line 120.
LaTeX Font Info:    Overwriting symbol font `largesymbols' in version `bold'
(Font)                  OMX/txex/m/n --> OMX/txex/bx/n on input line 121.
\symlargesymbolsA=\mathgroup9
LaTeX Font Info:    Overwriting symbol font `largesymbolsA' in version `bold'
(Font)                  U/txexa/m/n --> U/txexa/bx/n on input line 129.
LaTeX Info: Redefining \not on input line 1043.
)
("C:\Program Files (x86)\MiKTeX 2.9\tex\latex\listings\listings.sty"
\lst@mode=\count98
\lst@gtempboxa=\box30
\lst@token=\toks18
\lst@length=\count99
\lst@currlwidth=\dimen118
\lst@column=\count100
\lst@pos=\count101
\lst@lostspace=\dimen119
\lst@width=\dimen120
\lst@newlines=\count102
\lst@lineno=\count103
\lst@maxwidth=\dimen121

("C:\Program Files (x86)\MiKTeX 2.9\tex\latex\listings\lstmisc.sty"
File: lstmisc.sty 2014/03/04 1.5c (Carsten Heinz)
\c@lstnumber=\count104
\lst@skipnumbers=\count105
\lst@framebox=\box31
)
("C:\Program Files (x86)\MiKTeX 2.9\tex\latex\listings\listings.cfg"
File: listings.cfg 2014/03/04 1.5c listings configuration
))
Package: listings 2014/03/04 1.5c (Carsten Heinz)

("C:\Program Files (x86)\MiKTeX 2.9\tex\latex\amsmath\amsmath.sty"
Package: amsmath 2013/01/14 v2.14 AMS math features
\@mathmargin=\skip47

For additional information on amsmath, use the `?' option.
("C:\Program Files (x86)\MiKTeX 2.9\tex\latex\amsmath\amstext.sty"
Package: amstext 2000/06/29 v2.01

("C:\Program Files (x86)\MiKTeX 2.9\tex\latex\amsmath\amsgen.sty"
File: amsgen.sty 1999/11/30 v2.0
\@emptytoks=\toks19
\ex@=\dimen122
))
("C:\Program Files (x86)\MiKTeX 2.9\tex\latex\amsmath\amsbsy.sty"
Package: amsbsy 1999/11/29 v1.2d
\pmbraise@=\dimen123
)
("C:\Program Files (x86)\MiKTeX 2.9\tex\latex\amsmath\amsopn.sty"
Package: amsopn 1999/12/14 v2.01 operator names
)
\inf@bad=\count106
LaTeX Info: Redefining \frac on input line 210.
\uproot@=\count107
\leftroot@=\count108
LaTeX Info: Redefining \overline on input line 306.
\classnum@=\count109
\DOTSCASE@=\count110
LaTeX Info: Redefining \ldots on input line 378.
LaTeX Info: Redefining \dots on input line 381.
LaTeX Info: Redefining \cdots on input line 466.
\Mathstrutbox@=\box32
\strutbox@=\box33
\big@size=\dimen124
LaTeX Font Info:    Redeclaring font encoding OML on input line 566.
LaTeX Font Info:    Redeclaring font encoding OMS on input line 567.
\macc@depth=\count111
\c@MaxMatrixCols=\count112
\dotsspace@=\muskip10
\c@parentequation=\count113
\dspbrk@lvl=\count114
\tag@help=\toks20
\row@=\count115
\column@=\count116
\maxfields@=\count117
\andhelp@=\toks21
\eqnshift@=\dimen125
\alignsep@=\dimen126
\tagshift@=\dimen127
\tagwidth@=\dimen128
\totwidth@=\dimen129
\lineht@=\dimen130
\@envbody=\toks22
\multlinegap=\skip48
\multlinetaggap=\skip49
\mathdisplay@stack=\toks23
LaTeX Info: Redefining \[ on input line 2665.
LaTeX Info: Redefining \] on input line 2666.
)
("C:\Program Files (x86)\MiKTeX 2.9\tex\latex\url\url.sty"
\Urlmuskip=\muskip11
Package: url 2013/09/16  ver 3.4  Verb mode for urls, etc.
)
("C:\Program Files (x86)\MiKTeX 2.9\tex\latex\graphics\color.sty"
Package: color 2005/11/14 v1.0j Standard LaTeX Color (DPC)

("C:\Program Files (x86)\MiKTeX 2.9\tex\latex\00miktex\color.cfg"
File: color.cfg 2007/01/18 v1.5 color configuration of teTeX/TeXLive
)
Package color Info: Driver file: pdftex.def on input line 130.
)
("C:\Program Files (x86)\MiKTeX 2.9\tex\latex\float\float.sty"
Package: float 2001/11/08 v1.3d Float enhancements (AL)
\c@float@type=\count118
\float@exts=\toks24
\float@box=\box34
\@float@everytoks=\toks25
\@floatcapt=\box35
)
(C:\Users\Dustin.Dustin-PC\ScalableVideo\Dustin\OriginalWork\CameraSystemPaper\
elsevier-comcom\elsarticle-ecrc\ecrc.sty
Package: ecrc 2011/05/07 v1.2a ecrc
\dummylogowidth=\dimen131
)
("C:\Program Files (x86)\MiKTeX 2.9\tex\latex\amsfonts\amssymb.sty"
Package: amssymb 2013/01/14 v3.01 AMS font symbols

("C:\Program Files (x86)\MiKTeX 2.9\tex\latex\amsfonts\amsfonts.sty"
Package: amsfonts 2013/01/14 v3.01 Basic AMSFonts support
LaTeX Font Info:    Redeclaring symbol font `AMSa' on input line 59.
LaTeX Font Info:    Overwriting symbol font `AMSa' in version `normal'
(Font)                  U/txsya/m/n --> U/msa/m/n on input line 59.
LaTeX Font Info:    Overwriting symbol font `AMSa' in version `bold'
(Font)                  U/txsya/bx/n --> U/msa/m/n on input line 59.
LaTeX Font Info:    Redeclaring symbol font `AMSb' on input line 60.
LaTeX Font Info:    Overwriting symbol font `AMSb' in version `normal'
(Font)                  U/txsyb/m/n --> U/msb/m/n on input line 60.
LaTeX Font Info:    Overwriting symbol font `AMSb' in version `bold'
(Font)                  U/txsyb/bx/n --> U/msb/m/n on input line 60.
LaTeX Font Info:    Redeclaring math delimiter \ulcorner on input line 74.
LaTeX Font Info:    Redeclaring math delimiter \urcorner on input line 75.
LaTeX Font Info:    Redeclaring math delimiter \llcorner on input line 76.
LaTeX Font Info:    Redeclaring math delimiter \lrcorner on input line 77.
LaTeX Font Info:    Redeclaring math symbol \square on input line 141.
LaTeX Font Info:    Redeclaring math symbol \lozenge on input line 142.
)
LaTeX Font Info:    Redeclaring math symbol \boxdot on input line 44.
LaTeX Font Info:    Redeclaring math symbol \boxplus on input line 45.
LaTeX Font Info:    Redeclaring math symbol \boxtimes on input line 46.
LaTeX Font Info:    Redeclaring math symbol \blacksquare on input line 48.
LaTeX Font Info:    Redeclaring math symbol \centerdot on input line 49.
LaTeX Font Info:    Redeclaring math symbol \blacklozenge on input line 51.
LaTeX Font Info:    Redeclaring math symbol \circlearrowright on input line 52.

LaTeX Font Info:    Redeclaring math symbol \circlearrowleft on input line 53.
LaTeX Font Info:    Redeclaring math symbol \leftrightharpoons on input line 56
.
LaTeX Font Info:    Redeclaring math symbol \boxminus on input line 57.
LaTeX Font Info:    Redeclaring math symbol \Vdash on input line 58.
LaTeX Font Info:    Redeclaring math symbol \Vvdash on input line 59.
LaTeX Font Info:    Redeclaring math symbol \vDash on input line 60.
LaTeX Font Info:    Redeclaring math symbol \twoheadrightarrow on input line 61
.
LaTeX Font Info:    Redeclaring math symbol \twoheadleftarrow on input line 62.

LaTeX Font Info:    Redeclaring math symbol \leftleftarrows on input line 63.
LaTeX Font Info:    Redeclaring math symbol \rightrightarrows on input line 64.

LaTeX Font Info:    Redeclaring math symbol \upuparrows on input line 65.
LaTeX Font Info:    Redeclaring math symbol \downdownarrows on input line 66.
LaTeX Font Info:    Redeclaring math symbol \upharpoonright on input line 67.
LaTeX Font Info:    Redeclaring math symbol \downharpoonright on input line 69.

LaTeX Font Info:    Redeclaring math symbol \upharpoonleft on input line 70.
LaTeX Font Info:    Redeclaring math symbol \downharpoonleft on input line 71.
LaTeX Font Info:    Redeclaring math symbol \rightarrowtail on input line 72.
LaTeX Font Info:    Redeclaring math symbol \leftarrowtail on input line 73.
LaTeX Font Info:    Redeclaring math symbol \leftrightarrows on input line 74.
LaTeX Font Info:    Redeclaring math symbol \rightleftarrows on input line 75.
LaTeX Font Info:    Redeclaring math symbol \Lsh on input line 76.
LaTeX Font Info:    Redeclaring math symbol \Rsh on input line 77.
LaTeX Font Info:    Redeclaring math symbol \leftrightsquigarrow on input line 
79.
LaTeX Font Info:    Redeclaring math symbol \looparrowleft on input line 80.
LaTeX Font Info:    Redeclaring math symbol \looparrowright on input line 81.
LaTeX Font Info:    Redeclaring math symbol \circeq on input line 82.
LaTeX Font Info:    Redeclaring math symbol \succsim on input line 83.
LaTeX Font Info:    Redeclaring math symbol \gtrsim on input line 84.
LaTeX Font Info:    Redeclaring math symbol \gtrapprox on input line 85.
LaTeX Font Info:    Redeclaring math symbol \multimap on input line 86.
LaTeX Font Info:    Redeclaring math symbol \therefore on input line 87.
LaTeX Font Info:    Redeclaring math symbol \because on input line 88.
LaTeX Font Info:    Redeclaring math symbol \doteqdot on input line 89.
LaTeX Font Info:    Redeclaring math symbol \triangleq on input line 91.
LaTeX Font Info:    Redeclaring math symbol \precsim on input line 92.
LaTeX Font Info:    Redeclaring math symbol \lesssim on input line 93.
LaTeX Font Info:    Redeclaring math symbol \lessapprox on input line 94.
LaTeX Font Info:    Redeclaring math symbol \eqslantless on input line 95.
LaTeX Font Info:    Redeclaring math symbol \eqslantgtr on input line 96.
LaTeX Font Info:    Redeclaring math symbol \curlyeqprec on input line 97.
LaTeX Font Info:    Redeclaring math symbol \curlyeqsucc on input line 98.
LaTeX Font Info:    Redeclaring math symbol \preccurlyeq on input line 99.
LaTeX Font Info:    Redeclaring math symbol \leqq on input line 100.
LaTeX Font Info:    Redeclaring math symbol \leqslant on input line 101.
LaTeX Font Info:    Redeclaring math symbol \lessgtr on input line 102.
LaTeX Font Info:    Redeclaring math symbol \backprime on input line 103.
LaTeX Font Info:    Redeclaring math symbol \risingdotseq on input line 104.
LaTeX Font Info:    Redeclaring math symbol \fallingdotseq on input line 105.
LaTeX Font Info:    Redeclaring math symbol \succcurlyeq on input line 106.
LaTeX Font Info:    Redeclaring math symbol \geqq on input line 107.
LaTeX Font Info:    Redeclaring math symbol \geqslant on input line 108.
LaTeX Font Info:    Redeclaring math symbol \gtrless on input line 109.
LaTeX Font Info:    Redeclaring math symbol \bigstar on input line 117.
LaTeX Font Info:    Redeclaring math symbol \between on input line 118.
LaTeX Font Info:    Redeclaring math symbol \blacktriangledown on input line 11
9.
LaTeX Font Info:    Redeclaring math symbol \blacktriangleright on input line 1
20.
LaTeX Font Info:    Redeclaring math symbol \blacktriangleleft on input line 12
1.
LaTeX Font Info:    Redeclaring math symbol \vartriangle on input line 122.
LaTeX Font Info:    Redeclaring math symbol \blacktriangle on input line 123.
LaTeX Font Info:    Redeclaring math symbol \triangledown on input line 124.
LaTeX Font Info:    Redeclaring math symbol \eqcirc on input line 125.
LaTeX Font Info:    Redeclaring math symbol \lesseqgtr on input line 126.
LaTeX Font Info:    Redeclaring math symbol \gtreqless on input line 127.
LaTeX Font Info:    Redeclaring math symbol \lesseqqgtr on input line 128.
LaTeX Font Info:    Redeclaring math symbol \gtreqqless on input line 129.
LaTeX Font Info:    Redeclaring math symbol \Rrightarrow on input line 130.
LaTeX Font Info:    Redeclaring math symbol \Lleftarrow on input line 131.
LaTeX Font Info:    Redeclaring math symbol \veebar on input line 132.
LaTeX Font Info:    Redeclaring math symbol \barwedge on input line 133.
LaTeX Font Info:    Redeclaring math symbol \doublebarwedge on input line 134.
LaTeX Font Info:    Redeclaring math symbol \measuredangle on input line 137.
LaTeX Font Info:    Redeclaring math symbol \sphericalangle on input line 138.
LaTeX Font Info:    Redeclaring math symbol \varpropto on input line 139.
LaTeX Font Info:    Redeclaring math symbol \smallsmile on input line 140.
LaTeX Font Info:    Redeclaring math symbol \smallfrown on input line 141.
LaTeX Font Info:    Redeclaring math symbol \Subset on input line 142.
LaTeX Font Info:    Redeclaring math symbol \Supset on input line 143.
LaTeX Font Info:    Redeclaring math symbol \Cup on input line 144.
LaTeX Font Info:    Redeclaring math symbol \Cap on input line 146.
LaTeX Font Info:    Redeclaring math symbol \curlywedge on input line 148.
LaTeX Font Info:    Redeclaring math symbol \curlyvee on input line 149.
LaTeX Font Info:    Redeclaring math symbol \leftthreetimes on input line 150.
LaTeX Font Info:    Redeclaring math symbol \rightthreetimes on input line 151.

LaTeX Font Info:    Redeclaring math symbol \subseteqq on input line 152.
LaTeX Font Info:    Redeclaring math symbol \supseteqq on input line 153.
LaTeX Font Info:    Redeclaring math symbol \bumpeq on input line 154.
LaTeX Font Info:    Redeclaring math symbol \Bumpeq on input line 155.
LaTeX Font Info:    Redeclaring math symbol \lll on input line 156.
LaTeX Font Info:    Redeclaring math symbol \ggg on input line 158.
LaTeX Font Info:    Redeclaring math symbol \circledS on input line 160.
LaTeX Font Info:    Redeclaring math symbol \pitchfork on input line 161.
LaTeX Font Info:    Redeclaring math symbol \dotplus on input line 162.
LaTeX Font Info:    Redeclaring math symbol \backsim on input line 163.
LaTeX Font Info:    Redeclaring math symbol \backsimeq on input line 164.
LaTeX Font Info:    Redeclaring math symbol \complement on input line 165.
LaTeX Font Info:    Redeclaring math symbol \intercal on input line 166.
LaTeX Font Info:    Redeclaring math symbol \circledcirc on input line 167.
LaTeX Font Info:    Redeclaring math symbol \circledast on input line 168.
LaTeX Font Info:    Redeclaring math symbol \circleddash on input line 169.
LaTeX Font Info:    Redeclaring math symbol \lvertneqq on input line 171.
LaTeX Font Info:    Redeclaring math symbol \gvertneqq on input line 172.
LaTeX Font Info:    Redeclaring math symbol \nleq on input line 173.
LaTeX Font Info:    Redeclaring math symbol \ngeq on input line 174.
LaTeX Font Info:    Redeclaring math symbol \nless on input line 175.
LaTeX Font Info:    Redeclaring math symbol \ngtr on input line 176.
LaTeX Font Info:    Redeclaring math symbol \nprec on input line 177.
LaTeX Font Info:    Redeclaring math symbol \nsucc on input line 178.
LaTeX Font Info:    Redeclaring math symbol \lneqq on input line 179.
LaTeX Font Info:    Redeclaring math symbol \gneqq on input line 180.
LaTeX Font Info:    Redeclaring math symbol \nleqslant on input line 181.
LaTeX Font Info:    Redeclaring math symbol \ngeqslant on input line 182.
LaTeX Font Info:    Redeclaring math symbol \lneq on input line 183.
LaTeX Font Info:    Redeclaring math symbol \gneq on input line 184.
LaTeX Font Info:    Redeclaring math symbol \npreceq on input line 185.
LaTeX Font Info:    Redeclaring math symbol \nsucceq on input line 186.
LaTeX Font Info:    Redeclaring math symbol \precnsim on input line 187.
LaTeX Font Info:    Redeclaring math symbol \succnsim on input line 188.
LaTeX Font Info:    Redeclaring math symbol \lnsim on input line 189.
LaTeX Font Info:    Redeclaring math symbol \gnsim on input line 190.
LaTeX Font Info:    Redeclaring math symbol \nleqq on input line 191.
LaTeX Font Info:    Redeclaring math symbol \ngeqq on input line 192.
LaTeX Font Info:    Redeclaring math symbol \precneqq on input line 193.
LaTeX Font Info:    Redeclaring math symbol \succneqq on input line 194.
LaTeX Font Info:    Redeclaring math symbol \precnapprox on input line 195.
LaTeX Font Info:    Redeclaring math symbol \succnapprox on input line 196.
LaTeX Font Info:    Redeclaring math symbol \lnapprox on input line 197.
LaTeX Font Info:    Redeclaring math symbol \gnapprox on input line 198.
LaTeX Font Info:    Redeclaring math symbol \nsim on input line 199.
LaTeX Font Info:    Redeclaring math symbol \ncong on input line 200.
LaTeX Font Info:    Redeclaring math symbol \diagup on input line 201.
LaTeX Font Info:    Redeclaring math symbol \diagdown on input line 202.
LaTeX Font Info:    Redeclaring math symbol \varsubsetneq on input line 203.
LaTeX Font Info:    Redeclaring math symbol \varsupsetneq on input line 204.
LaTeX Font Info:    Redeclaring math symbol \nsubseteqq on input line 205.
LaTeX Font Info:    Redeclaring math symbol \nsupseteqq on input line 206.
LaTeX Font Info:    Redeclaring math symbol \subsetneqq on input line 207.
LaTeX Font Info:    Redeclaring math symbol \supsetneqq on input line 208.
LaTeX Font Info:    Redeclaring math symbol \varsubsetneqq on input line 209.
LaTeX Font Info:    Redeclaring math symbol \varsupsetneqq on input line 210.
LaTeX Font Info:    Redeclaring math symbol \subsetneq on input line 211.
LaTeX Font Info:    Redeclaring math symbol \supsetneq on input line 212.
LaTeX Font Info:    Redeclaring math symbol \nsubseteq on input line 213.
LaTeX Font Info:    Redeclaring math symbol \nsupseteq on input line 214.
LaTeX Font Info:    Redeclaring math symbol \nparallel on input line 215.
LaTeX Font Info:    Redeclaring math symbol \nmid on input line 216.
LaTeX Font Info:    Redeclaring math symbol \nshortmid on input line 217.
LaTeX Font Info:    Redeclaring math symbol \nshortparallel on input line 218.
LaTeX Font Info:    Redeclaring math symbol \nvdash on input line 219.
LaTeX Font Info:    Redeclaring math symbol \nVdash on input line 220.
LaTeX Font Info:    Redeclaring math symbol \nvDash on input line 221.
LaTeX Font Info:    Redeclaring math symbol \nVDash on input line 222.
LaTeX Font Info:    Redeclaring math symbol \ntrianglerighteq on input line 223
.
LaTeX Font Info:    Redeclaring math symbol \ntrianglelefteq on input line 224.

LaTeX Font Info:    Redeclaring math symbol \ntriangleleft on input line 225.
LaTeX Font Info:    Redeclaring math symbol \ntriangleright on input line 226.
LaTeX Font Info:    Redeclaring math symbol \nleftarrow on input line 227.
LaTeX Font Info:    Redeclaring math symbol \nrightarrow on input line 228.
LaTeX Font Info:    Redeclaring math symbol \nLeftarrow on input line 229.
LaTeX Font Info:    Redeclaring math symbol \nRightarrow on input line 230.
LaTeX Font Info:    Redeclaring math symbol \nLeftrightarrow on input line 231.

LaTeX Font Info:    Redeclaring math symbol \nleftrightarrow on input line 232.

LaTeX Font Info:    Redeclaring math symbol \divideontimes on input line 233.
LaTeX Font Info:    Redeclaring math symbol \varnothing on input line 234.
LaTeX Font Info:    Redeclaring math symbol \nexists on input line 235.
LaTeX Font Info:    Redeclaring math symbol \Finv on input line 236.
LaTeX Font Info:    Redeclaring math symbol \Game on input line 237.
LaTeX Font Info:    Redeclaring math symbol \eth on input line 240.
LaTeX Font Info:    Redeclaring math symbol \eqsim on input line 241.
LaTeX Font Info:    Redeclaring math symbol \beth on input line 242.
LaTeX Font Info:    Redeclaring math symbol \gimel on input line 243.
LaTeX Font Info:    Redeclaring math symbol \daleth on input line 244.
LaTeX Font Info:    Redeclaring math symbol \lessdot on input line 245.
LaTeX Font Info:    Redeclaring math symbol \gtrdot on input line 246.
LaTeX Font Info:    Redeclaring math symbol \ltimes on input line 247.
LaTeX Font Info:    Redeclaring math symbol \rtimes on input line 248.
LaTeX Font Info:    Redeclaring math symbol \shortmid on input line 249.
LaTeX Font Info:    Redeclaring math symbol \shortparallel on input line 250.
LaTeX Font Info:    Redeclaring math symbol \smallsetminus on input line 251.
LaTeX Font Info:    Redeclaring math symbol \thicksim on input line 252.
LaTeX Font Info:    Redeclaring math symbol \thickapprox on input line 253.
LaTeX Font Info:    Redeclaring math symbol \approxeq on input line 254.
LaTeX Font Info:    Redeclaring math symbol \succapprox on input line 255.
LaTeX Font Info:    Redeclaring math symbol \precapprox on input line 256.
LaTeX Font Info:    Redeclaring math symbol \curvearrowleft on input line 257.
LaTeX Font Info:    Redeclaring math symbol \curvearrowright on input line 258.

LaTeX Font Info:    Redeclaring math symbol \digamma on input line 259.
LaTeX Font Info:    Redeclaring math symbol \varkappa on input line 260.
LaTeX Font Info:    Redeclaring math symbol \Bbbk on input line 261.
LaTeX Font Info:    Redeclaring math symbol \hslash on input line 262.
LaTeX Font Info:    Redeclaring math symbol \backepsilon on input line 265.
)
(C:\Users\Dustin.Dustin-PC\ScalableVideo\Dustin\OriginalWork\CameraSystemPaper\
elsevier-comcom\elsarticle-ecrc\rotating.sty
Package: rotating 2009/03/28 v2.16b rotated objects in LaTeX

("C:\Program Files (x86)\MiKTeX 2.9\tex\latex\base\ifthen.sty"
Package: ifthen 2001/05/26 v1.1c Standard LaTeX ifthen package (DPC)
)
\c@r@tfl@t=\count119
\rotFPtop=\skip50
\rotFPbot=\skip51
\rot@float@box=\box36
\rot@mess@toks=\toks26
)
(C:\Users\Dustin.Dustin-PC\ScalableVideo\Dustin\OriginalWork\CameraSystemPaper\
elsevier-comcom\elsarticle-ecrc\UDAB-ViS.aux)
LaTeX Font Info:    Checking defaults for OML/txmi/m/it on input line 152.
LaTeX Font Info:    Try loading font information for OML+txmi on input line 152
.

("C:\Program Files (x86)\MiKTeX 2.9\tex\latex\txfonts\omltxmi.fd"
File: omltxmi.fd 2000/12/15 v3.1
)
LaTeX Font Info:    ... okay on input line 152.
LaTeX Font Info:    Checking defaults for T1/cmr/m/n on input line 152.
LaTeX Font Info:    ... okay on input line 152.
LaTeX Font Info:    Checking defaults for OT1/cmr/m/n on input line 152.
LaTeX Font Info:    ... okay on input line 152.
LaTeX Font Info:    Checking defaults for OMS/txsy/m/n on input line 152.
LaTeX Font Info:    Try loading font information for OMS+txsy on input line 152
.

("C:\Program Files (x86)\MiKTeX 2.9\tex\latex\txfonts\omstxsy.fd"
File: omstxsy.fd 2000/12/15 v3.1
)
LaTeX Font Info:    ... okay on input line 152.
LaTeX Font Info:    Checking defaults for OMX/txex/m/n on input line 152.
LaTeX Font Info:    Try loading font information for OMX+txex on input line 152
.

("C:\Program Files (x86)\MiKTeX 2.9\tex\latex\txfonts\omxtxex.fd"
File: omxtxex.fd 2000/12/15 v3.1
)
LaTeX Font Info:    ... okay on input line 152.
LaTeX Font Info:    Checking defaults for U/txexa/m/n on input line 152.
LaTeX Font Info:    Try loading font information for U+txexa on input line 152.


("C:\Program Files (x86)\MiKTeX 2.9\tex\latex\txfonts\utxexa.fd"
File: utxexa.fd 2000/12/15 v3.1
)
LaTeX Font Info:    ... okay on input line 152.
LaTeX Font Info:    Try loading font information for OT1+txr on input line 152.


("C:\Program Files (x86)\MiKTeX 2.9\tex\latex\txfonts\ot1txr.fd"
File: ot1txr.fd 2000/12/15 v3.1
)
("C:\Program Files (x86)\MiKTeX 2.9\tex\context\base\supp-pdf.mkii"
[Loading MPS to PDF converter (version 2006.09.02).]
\scratchcounter=\count120
\scratchdimen=\dimen132
\scratchbox=\box37
\nofMPsegments=\count121
\nofMParguments=\count122
\everyMPshowfont=\toks27
\MPscratchCnt=\count123
\MPscratchDim=\dimen133
\MPnumerator=\count124
\makeMPintoPDFobject=\count125
\everyMPtoPDFconversion=\toks28
)
*geometry* driver: auto-detecting
*geometry* detected driver: pdftex
*geometry* verbose mode - [ preamble ] result:
* driver: pdftex
* paper: custom
* layout: <same size as paper>
* layoutoffset:(h,v)=(0.0pt,0.0pt)
* hratio: 1:1
* vratio: 1:1
* modes: 
* h-part:(L,W,R)=(84.39394pt, 428.72pt, 84.39394pt)
* v-part:(T,H,B)=(111.52342pt, 622.0pt, 111.52342pt)
* \paperwidth=597.50787pt
* \paperheight=845.04684pt
* \textwidth=428.72pt
* \textheight=622.0pt
* \oddsidemargin=12.12395pt
* \evensidemargin=12.12395pt
* \topmargin=17.25343pt
* \headheight=10.0pt
* \headsep=12.0pt
* \topskip=10.0pt
* \footskip=12.0pt
* \marginparwidth=65.0pt
* \marginparsep=11.0pt
* \columnsep=24.0pt
* \skip\footins=24.0pt plus 2.0pt minus 12.0pt
* \hoffset=0.0pt
* \voffset=0.0pt
* \mag=1000
* \@twocolumnfalse
* \@twosidefalse
* \@mparswitchfalse
* \@reversemarginfalse
* (1in=72.27pt=25.4mm, 1cm=28.453pt)

\c@lstlisting=\count126
Missing character: There is no ‚ in font txr!
Missing character: There is no Ä in font txr!
Missing character: There is no ô in font txr!
Missing character: There is no ‚ in font txr!
Missing character: There is no Ä in font txr!
Missing character: There is no ô in font txr!
LaTeX Font Info:    Try loading font information for OMS+txr on input line 198.

("C:\Program Files (x86)\MiKTeX 2.9\tex\latex\txfonts\omstxr.fd"
File: omstxr.fd 2000/12/15 v3.1
)
LaTeX Font Info:    Font shape `OMS/txr/m/n' in size <9> not available
(Font)              Font shape `OMS/txsy/m/n' tried instead on input line 198.
LaTeX Font Info:    Try loading font information for U+txmia on input line 210.


("C:\Program Files (x86)\MiKTeX 2.9\tex\latex\txfonts\utxmia.fd"
File: utxmia.fd 2000/12/15 v3.1
)
LaTeX Font Info:    Try loading font information for U+msa on input line 210.

("C:\Program Files (x86)\MiKTeX 2.9\tex\latex\amsfonts\umsa.fd"
File: umsa.fd 2013/01/14 v3.01 AMS symbols A
)
LaTeX Font Info:    Try loading font information for U+msb on input line 210.

("C:\Program Files (x86)\MiKTeX 2.9\tex\latex\amsfonts\umsb.fd"
File: umsb.fd 2013/01/14 v3.01 AMS symbols B
)
LaTeX Font Info:    Try loading font information for U+txsyc on input line 210.


("C:\Program Files (x86)\MiKTeX 2.9\tex\latex\txfonts\utxsyc.fd"
File: utxsyc.fd 2000/12/15 v3.1
)
<elsevier-logo-3p.pdf, id=1, 54.08205pt x 59.7432pt>
File: elsevier-logo-3p.pdf Graphic file (type pdf)

<use elsevier-logo-3p.pdf>
Package pdftex.def Info: elsevier-logo-3p.pdf used on input line 226.
(pdftex.def)             Requested size: 54.0819pt x 59.74303pt.
 <SDlogo-3p.pdf, id=2, 169.8345pt x 33.9669pt>
File: SDlogo-3p.pdf Graphic file (type pdf)

<use SDlogo-3p.pdf>
Package pdftex.def Info: SDlogo-3p.pdf used on input line 226.
(pdftex.def)             Requested size: 169.83408pt x 33.96681pt.
LaTeX Font Info:    Try loading font information for OT1+txss on input line 226
.

("C:\Program Files (x86)\MiKTeX 2.9\tex\latex\txfonts\ot1txss.fd"
File: ot1txss.fd 2000/12/15 v3.1
)
LaTeX Font Info:    Font shape `OT1/txss/m/n' will be
(Font)              scaled to size 17.09995pt on input line 226.
File: elsevier-logo-3p.pdf Graphic file (type pdf)

<use elsevier-logo-3p.pdf>
Package pdftex.def Info: elsevier-logo-3p.pdf used on input line 226.
(pdftex.def)             Requested size: 54.0819pt x 59.74303pt.
File: SDlogo-3p.pdf Graphic file (type pdf)
 <use SDlogo-3p.pdf>
Package pdftex.def Info: SDlogo-3p.pdf used on input line 226.
(pdftex.def)             Requested size: 169.83408pt x 33.96681pt.

Overfull \hbox (1.23996pt too wide) has occurred while \output is active
| \OT1/txr/m/n/8 www.elsevier.com/locate/procedia 
 []


Overfull \vbox (53.16998pt too high) has occurred while \output is active []


[1{C:/ProgramData/MiKTeX/2.9/pdftex/config/pdftex.map}

 <C:/Users/Dustin.Dustin-PC/ScalableVideo/Dustin/OriginalWork/CameraSystemPaper
/elsevier-comcom/elsarticle-ecrc/elsevier-logo-3p.pdf> <C:/Users/Dustin.Dustin-
PC/ScalableVideo/Dustin/OriginalWork/CameraSystemPaper/elsevier-comcom/elsartic
le-ecrc/SDlogo-3p.pdf>]
Missing character: There is no ‚ in font txr!
Missing character: There is no Ä in font txr!
Missing character: There is no ô in font txr!
Missing character: There is no ‚ in font txr!
Missing character: There is no Ä in font txr!
Missing character: There is no ô in font txr!
Missing character: There is no ‚ in font txr!
Missing character: There is no Ä in font txr!
Missing character: There is no ô in font txr!

[2]
LaTeX Font Info:    Font shape `OMS/txr/m/n' in size <10> not available
(Font)              Font shape `OMS/txsy/m/n' tried instead on input line 246.
 <H264AVCEncoderStructure.png, id=26, 221.32687pt x 212.29312pt>
File: H264AVCEncoderStructure.png Graphic file (type png)

<use H264AVCEncoderStructure.png>
Package pdftex.def Info: H264AVCEncoderStructure.png used on input line 260.
(pdftex.def)             Requested size: 171.48538pt x 164.49307pt.
 [3]
<NALUnitHeader.png, id=30, 371.88937pt x 121.95563pt>
File: NALUnitHeader.png Graphic file (type png)
 <use NALUnitHeader.png>
Package pdftex.def Info: NALUnitHeader.png used on input line 272.
(pdftex.def)             Requested size: 235.7973pt x 77.32742pt.

[4 <C:/Users/Dustin.Dustin-PC/ScalableVideo/Dustin/OriginalWork/CameraSystemPap
er/elsevier-comcom/elsarticle-ecrc/H264AVCEncoderStructure.png> <C:/Users/Dusti
n.Dustin-PC/ScalableVideo/Dustin/OriginalWork/CameraSystemPaper/elsevier-comcom
/elsarticle-ecrc/NALUnitHeader.png>]
<H264HeaderFormat.png, id=34, 470.50781pt x 73.02281pt>
File: H264HeaderFormat.png Graphic file (type png)

<use H264HeaderFormat.png>
Package pdftex.def Info: H264HeaderFormat.png used on input line 298.
(pdftex.def)             Requested size: 257.2346pt x 39.9231pt.
 [5 <C:/Users/Dustin.Dustin-PC/ScalableVideo/Dustin/OriginalWork/CameraSystemPa
per/elsevier-comcom/elsarticle-ecrc/H264HeaderFormat.png>] <SVCTemporalScalabil
ity.png, id=38, 759.58781pt x 168.63pt>
File: SVCTemporalScalability.png Graphic file (type png)

<use SVCTemporalScalability.png>
Package pdftex.def Info: SVCTemporalScalability.png used on input line 322.
(pdftex.def)             Requested size: 385.84538pt x 85.6605pt.

<SingleLayerParameterSwitching.png, id=39, 632.3625pt x 465.99094pt>
File: SingleLayerParameterSwitching.png Graphic file (type png)

<use SingleLayerParameterSwitching.png>
Package pdftex.def Info: SingleLayerParameterSwitching.png used on input line 3
31.
(pdftex.def)             Requested size: 321.54pt x 236.94829pt.

<ReceiverArchitecture.png, id=40, 444.15938pt x 124.21407pt>
File: ReceiverArchitecture.png Graphic file (type png)

<use ReceiverArchitecture.png>
Package pdftex.def Info: ReceiverArchitecture.png used on input line 338.
(pdftex.def)             Requested size: 257.2346pt x 71.93805pt.
 [6 <C:/Users/Dustin.Dustin-PC/ScalableVideo/Dustin/OriginalWork/CameraSystemPa
per/elsevier-comcom/elsarticle-ecrc/SVCTemporalScalability.png>] [7 <C:/Users/D
ustin.Dustin-PC/ScalableVideo/Dustin/OriginalWork/CameraSystemPaper/elsevier-co
mcom/elsarticle-ecrc/SingleLayerParameterSwitching.png> <C:/Users/Dustin.Dustin
-PC/ScalableVideo/Dustin/OriginalWork/CameraSystemPaper/elsevier-comcom/elsarti
cle-ecrc/ReceiverArchitecture.png>]
<SystemArchitecture.png, id=49, 524.71031pt x 149.8097pt>
File: SystemArchitecture.png Graphic file (type png)

<use SystemArchitecture.png>
Package pdftex.def Info: SystemArchitecture.png used on input line 352.
(pdftex.def)             Requested size: 300.10269pt x 85.685pt.
Missing character: There is no ‚ in font txr!
Missing character: There is no Ä in font txr!
Missing character: There is no ô in font txr!
Missing character: There is no ‚ in font txr!
Missing character: There is no Ä in font txr!
Missing character: There is no ô in font txr!
Missing character: There is no ‚ in font txr!
Missing character: There is no Ä in font txr!
Missing character: There is no ô in font txr!
 [8 <C:/Users/Dustin.Dustin-PC/ScalableVideo/Dustin/OriginalWork/CameraSystemPa
per/elsevier-comcom/elsarticle-ecrc/SystemArchitecture.png>] <openmax.png, id=5
3, 357.7365pt x 217.41225pt>
File: openmax.png Graphic file (type png)
 <use openmax.png>
Package pdftex.def Info: openmax.png used on input line 402.
(pdftex.def)             Requested size: 235.7973pt x 143.30342pt.

[9] <stagefright.png, id=58, 667.49374pt x 389.455pt>
File: stagefright.png Graphic file (type png)
 <use stagefright.png>
Package pdftex.def Info: stagefright.png used on input line 410.
(pdftex.def)             Requested size: 257.2346pt x 150.08623pt.

<QualcommAPI.png, id=60, 307.90031pt x 366.61969pt>
File: QualcommAPI.png Graphic file (type png)
 <use QualcommAPI.png>
Package pdftex.def Info: QualcommAPI.png used on input line 418.
(pdftex.def)             Requested size: 171.48538pt x 204.19238pt.

[10 <C:/Users/Dustin.Dustin-PC/ScalableVideo/Dustin/OriginalWork/CameraSystemPa
per/elsevier-comcom/elsarticle-ecrc/openmax.png> <C:/Users/Dustin.Dustin-PC/Sca
lableVideo/Dustin/OriginalWork/CameraSystemPaper/elsevier-comcom/elsarticle-ecr
c/stagefright.png>] [11 <C:/Users/Dustin.Dustin-PC/ScalableVideo/Dustin/Origina
lWork/CameraSystemPaper/elsevier-comcom/elsarticle-ecrc/QualcommAPI.png>]
Missing character: There is no ‚ in font txr!
Missing character: There is no Ä in font txr!
Missing character: There is no ô in font txr!
Missing character: There is no ‚ in font txr!
Missing character: There is no Ä in font txr!
Missing character: There is no ô in font txr!

<BandwidthChangeDecisionTree.png, id=68, 512.66531pt x 487.06969pt>
File: BandwidthChangeDecisionTree.png Graphic file (type png)

<use BandwidthChangeDecisionTree.png>
Package pdftex.def Info: BandwidthChangeDecisionTree.png used on input line 487
.
(pdftex.def)             Requested size: 214.36pt x 203.65372pt.
 [12] [13 <C:/Users/Dustin.Dustin-PC/ScalableVideo/Dustin/OriginalWork/CameraSy
stemPaper/elsevier-comcom/elsarticle-ecrc/BandwidthChangeDecisionTree.png>]
Missing character: There is no ‚ in font txr!
Missing character: There is no Ä in font txr!
Missing character: There is no ô in font txr!
Missing character: There is no ‚ in font txr!
Missing character: There is no Ä in font txr!
Missing character: There is no ô in font txr!
Missing character: There is no ‚ in font txr!
Missing character: There is no Ä in font txr!
Missing character: There is no ô in font txr!

<BandwidthDecisions.png, id=77, 624.08156pt x 683.55376pt>
File: BandwidthDecisions.png Graphic file (type png)

<use BandwidthDecisions.png>
Package pdftex.def Info: BandwidthDecisions.png used on input line 533.
(pdftex.def)             Requested size: 278.66537pt x 305.2287pt.
 [14]
Missing character: There is no ‚ in font txr!
Missing character: There is no Ä in font txr!
Missing character: There is no ô in font txr!

<CameraSystemTestbed.png, id=81, 489.32813pt x 186.6975pt>
File: CameraSystemTestbed.png Graphic file (type png)

<use CameraSystemTestbed.png>
Package pdftex.def Info: CameraSystemTestbed.png used on input line 546.
(pdftex.def)             Requested size: 300.10269pt x 114.50348pt.
 [15 <C:/Users/Dustin.Dustin-PC/ScalableVideo/Dustin/OriginalWork/CameraSystemP
aper/elsevier-comcom/elsarticle-ecrc/BandwidthDecisions.png> <C:/Users/Dustin.D
ustin-PC/ScalableVideo/Dustin/OriginalWork/CameraSystemPaper/elsevier-comcom/el
sarticle-ecrc/CameraSystemTestbed.png>]
<SpatialResolutionTest.png, id=85, 514.92375pt x 316.18124pt>
File: SpatialResolutionTest.png Graphic file (type png)

<use SpatialResolutionTest.png>
Package pdftex.def Info: SpatialResolutionTest.png used on input line 555.
(pdftex.def)             Requested size: 342.9773pt x 210.60524pt.
Missing character: There is no ‚ in font txr!
Missing character: There is no Ä in font txr!
Missing character: There is no ô in font txr!

<QualityResolutionTest.png, id=86, 669.2503pt x 372.64218pt>
File: QualityResolutionTest.png Graphic file (type png)

<use QualityResolutionTest.png>
Package pdftex.def Info: QualityResolutionTest.png used on input line 567.
(pdftex.def)             Requested size: 342.9773pt x 190.97751pt.
 [16 <C:/Users/Dustin.Dustin-PC/ScalableVideo/Dustin/OriginalWork/CameraSystemP
aper/elsevier-comcom/elsarticle-ecrc/SpatialResolutionTest.png>]
Missing character: There is no ‚ in font txr!
Missing character: There is no Ä in font txr!
Missing character: There is no ô in font txr!
Missing character: There is no ‚ in font txr!
Missing character: There is no Ä in font txr!
Missing character: There is no ô in font txr!
Missing character: There is no ‚ in font txr!
Missing character: There is no Ä in font txr!
Missing character: There is no ô in font txr!
 <ClassDistribution.png, id=90, 400.8576pt x 162.3666pt>
File: ClassDistribution.png Graphic file (type png)

<use ClassDistribution.png>
Package pdftex.def Info: ClassDistribution.png used on input line 616.
(pdftex.def)             Requested size: 278.66537pt x 112.87541pt.
 [17 <C:/Users/Dustin.Dustin-PC/ScalableVideo/Dustin/OriginalWork/CameraSystemP
aper/elsevier-comcom/elsarticle-ecrc/QualityResolutionTest.png> <C:/Users/Dusti
n.Dustin-PC/ScalableVideo/Dustin/OriginalWork/CameraSystemPaper/elsevier-comcom
/elsarticle-ecrc/ClassDistribution.png>]
<TrainingExperimentTalkingHead.png, id=95, 576.65437pt x 408.77719pt>
File: TrainingExperimentTalkingHead.png Graphic file (type png)

<use TrainingExperimentTalkingHead.png>
Package pdftex.def Info: TrainingExperimentTalkingHead.png used on input line 6
42.
(pdftex.def)             Requested size: 342.9773pt x 243.135pt.

<TrainingExperimentSports.png, id=96, 731.73375pt x 529.22719pt>
File: TrainingExperimentSports.png Graphic file (type png)

<use TrainingExperimentSports.png>
Package pdftex.def Info: TrainingExperimentSports.png used on input line 648.
(pdftex.def)             Requested size: 342.9773pt x 248.05847pt.
 [18]
<TrainingExperimentMedical.png, id=100, 749.80125pt x 525.46312pt>
File: TrainingExperimentMedical.png Graphic file (type png)

<use TrainingExperimentMedical.png>
Package pdftex.def Info: TrainingExperimentMedical.png used on input line 654.
(pdftex.def)             Requested size: 342.9773pt x 240.36093pt.
 [19 <C:/Users/Dustin.Dustin-PC/ScalableVideo/Dustin/OriginalWork/CameraSystemP
aper/elsevier-comcom/elsarticle-ecrc/TrainingExperimentTalkingHead.png> <C:/Use
rs/Dustin.Dustin-PC/ScalableVideo/Dustin/OriginalWork/CameraSystemPaper/elsevie
r-comcom/elsarticle-ecrc/TrainingExperimentSports.png>]
Missing character: There is no ‚ in font txr!
Missing character: There is no Ä in font txr!
Missing character: There is no ô in font txr!
Missing character: There is no ‚ in font txr!
Missing character: There is no Ä in font txr!
Missing character: There is no ô in font txr!
 [20 <C:/Users/Dustin.Dustin-PC/ScalableVideo/Dustin/OriginalWork/CameraSystemP
aper/elsevier-comcom/elsarticle-ecrc/TrainingExperimentMedical.png>]
(C:\Users\Dustin.Dustin-PC\ScalableVideo\Dustin\OriginalWork\CameraSystemPaper\
elsevier-comcom\elsarticle-ecrc\UDAB-ViS.bbl
Missing character: There is no ‚ in font txr!
Missing character: There is no Ä in font txr!
Missing character: There is no ú in font txr!
Missing character: There is no ‚ in font txr!
Missing character: There is no Ä in font txr!
Missing character: There is no ù in font txr!
) [21]
(C:\Users\Dustin.Dustin-PC\ScalableVideo\Dustin\OriginalWork\CameraSystemPaper\
elsevier-comcom\elsarticle-ecrc\UDAB-ViS.aux) ) 
Here is how much of TeX's memory you used:
 5419 strings out of 493921
 74281 string characters out of 3144843
 137486 words of memory out of 3000000
 8563 multiletter control sequences out of 15000+200000
 46433 words of font info for 108 fonts, out of 3000000 for 9000
 841 hyphenation exceptions out of 8191
 34i,12n,42p,2043b,1001s stack positions out of 5000i,500n,10000p,200000b,50000s
{C:/Program Files (x86)/MiKTeX 2
.9/fonts/enc/dvips/fontname/8r.enc}<C:/Program Files (x86)/MiKTeX 2.9/fonts/typ
e1/public/amsfonts/cm/cmtt10.pfb><C:/Program Files (x86)/MiKTeX 2.9/fonts/type1
/public/amsfonts/cm/cmtt8.pfb><C:/Program Files (x86)/MiKTeX 2.9/fonts/type1/pu
blic/txfonts/rtxi.pfb><C:/Program Files (x86)/MiKTeX 2.9/fonts/type1/public/txf
onts/rtxmi.pfb><C:/Program Files (x86)/MiKTeX 2.9/fonts/type1/public/txfonts/rt
xr.pfb><C:/Program Files (x86)/MiKTeX 2.9/fonts/type1/public/txfonts/txex.pfb><
C:/Program Files (x86)/MiKTeX 2.9/fonts/type1/public/txfonts/txsy.pfb><C:/Progr
am Files (x86)/MiKTeX 2.9/fonts/type1/urw/helvetic/uhvr8a.pfb><C:/Program Files
 (x86)/MiKTeX 2.9/fonts/type1/urw/times/utmb8a.pfb><C:/Program Files (x86)/MiKT
eX 2.9/fonts/type1/urw/times/utmr8a.pfb><C:/Program Files (x86)/MiKTeX 2.9/font
s/type1/urw/times/utmri8a.pfb>
Output written on UDAB-ViS.pdf (21 pages, 1337488 bytes).
PDF statistics:
 147 PDF objects out of 1000 (max. 8388607)
 0 named destinations out of 1000 (max. 500000)
 106 words of extra memory for PDF output out of 10000 (max. 10000000)

